

****** Vivado v2023.2 (64-bit)
  **** SW Build 4029153 on Fri Oct 13 20:14:34 MDT 2023
  **** IP Build 4028589 on Sat Oct 14 00:45:43 MDT 2023
  **** SharedData Build 4025554 on Tue Oct 10 17:18:54 MDT 2023
    ** Copyright 1986-2022 Xilinx, Inc. All Rights Reserved.
    ** Copyright 2022-2023 Advanced Micro Devices, Inc. All Rights Reserved.

source c:/Users/zafranc/Desktop/ECEN4243_Lab3/lab3/Vivado/lab3/lab3.runs/impl_1/.Xil/Vivado-22780-CEAT-ENDV350-05/dc_drv.0/dc/debug_ip_core.tcl
# set_param project.singleFileAddWarning.threshold 0
# set_param chipscope.maxJobs 4
# set_param runs.launchOptions { -jobs 8  }
# set_param synth.enableIncremental 0
# set_param chipscope.flow 0
# set_param ips.addSpecialDataToCacheID 0
# set script_paths {c:/Users/zafranc/Desktop/ECEN4243_Lab3/lab3/Vivado/lab3/lab3.runs/impl_1/.Xil/Vivado-22780-CEAT-ENDV350-05/dbg_hub_CV.0/out/get_cs_ip.tcl c:/Users/zafranc/Desktop/ECEN4243_Lab3/lab3/Vivado/lab3/lab3.runs/impl_1/.Xil/Vivado-22780-CEAT-ENDV350-05/u_ila_0_CV.0/out/get_cs_ip.tcl}
# foreach script_path $script_paths { 
#     source $script_path
#     lappend debug_ip_vlnv $ip_vlnv 
#     lappend debug_ip_module_name $ip_module_name
#     lappend debug_params $params
#     lappend debug_intf_params $intf_params
#     lappend debug_connectivity $connectivity
#     lappend debug_output_xci $output_xci
#     lappend debug_output_dcp $output_dcp
#     lappend debug_output_dir $output_dir
#     lappend debug_synth_opts $synth_opts
#     lappend debug_xdc_files $xdc_files
# }
## set_param project.singleFileAddWarning.threshold 0
## set_param chipscope.maxJobs 4
## set_param runs.launchOptions { -jobs 8  }
## set_param synth.enableIncremental 0
## set_param chipscope.flow 0
## set part xc7z020clg484-1
## set board_part_repo_paths {}
## set board_part {}
## set board_connections {}
## set tool_flow Vivado
## set ip_vlnv xilinx.com:ip:xsdbm:3.0
## set ip_module_name dbg_hub
## set params {{{PARAM_VALUE.C_BSCAN_MODE} {false} {PARAM_VALUE.C_BSCAN_MODE_WITH_CORE} {false} {PARAM_VALUE.C_CLK_INPUT_FREQ_HZ} {300000000} {PARAM_VALUE.C_ENABLE_CLK_DIVIDER} {false} {PARAM_VALUE.C_EN_BSCANID_VEC} {false} {PARAM_VALUE.C_NUM_BSCAN_MASTER_PORTS} {0} {PARAM_VALUE.C_TWO_PRIM_MODE} {false} {PARAM_VALUE.C_USER_SCAN_CHAIN} {1} {PARAM_VALUE.C_USE_EXT_BSCAN} {false} {PARAM_VALUE.C_XSDB_NUM_SLAVES} {1}}}
## set intf_params {}
## set connectivity {}
## set output_xci c:/Users/zafranc/Desktop/ECEN4243_Lab3/lab3/Vivado/lab3/lab3.runs/impl_1/.Xil/Vivado-22780-CEAT-ENDV350-05/dbg_hub_CV.0/out/result.xci
## set output_dcp c:/Users/zafranc/Desktop/ECEN4243_Lab3/lab3/Vivado/lab3/lab3.runs/impl_1/.Xil/Vivado-22780-CEAT-ENDV350-05/dbg_hub_CV.0/out/result.dcp
## set output_dir c:/Users/zafranc/Desktop/ECEN4243_Lab3/lab3/Vivado/lab3/lab3.runs/impl_1/.Xil/Vivado-22780-CEAT-ENDV350-05/dbg_hub_CV.0/out
## set ip_repo_paths C:/Users/zafranc/Desktop/ECEN4243_Lab3/lab3/Vivado/lab3/lab2.ipdefs/ip_repo_BAK_0_0_0
## set ip_output_repo C:/Users/zafranc/Desktop/ECEN4243_Lab3/lab3/Vivado/lab3/lab3.cache/ip
## set ip_cache_permissions {read write}
## set oopbus_ip_repo_paths [get_param chipscope.oopbus_ip_repo_paths]
## set synth_opts {}
## set xdc_files {}
## set_param project.singleFileAddWarning.threshold 0
## set_param chipscope.maxJobs 4
## set_param runs.launchOptions { -jobs 8  }
## set_param synth.enableIncremental 0
## set_param chipscope.flow 0
## set part xc7z020clg484-1
## set board_part_repo_paths {}
## set board_part {}
## set board_connections {}
## set tool_flow Vivado
## set ip_vlnv xilinx.com:ip:ila:6.2
## set ip_module_name u_ila_0
## set params {{{PARAM_VALUE.ALL_PROBE_SAME_MU} {true} {PARAM_VALUE.ALL_PROBE_SAME_MU_CNT} {1} {PARAM_VALUE.C_ADV_TRIGGER} {false} {PARAM_VALUE.C_DATA_DEPTH} {1024} {PARAM_VALUE.C_EN_STRG_QUAL} {false} {PARAM_VALUE.C_INPUT_PIPE_STAGES} {0} {PARAM_VALUE.C_NUM_OF_PROBES} {6} {PARAM_VALUE.C_PROBE0_TYPE} {0} {PARAM_VALUE.C_PROBE0_WIDTH} {32} {PARAM_VALUE.C_PROBE1_TYPE} {0} {PARAM_VALUE.C_PROBE1_WIDTH} {32} {PARAM_VALUE.C_PROBE2_TYPE} {0} {PARAM_VALUE.C_PROBE2_WIDTH} {32} {PARAM_VALUE.C_PROBE3_TYPE} {0} {PARAM_VALUE.C_PROBE3_WIDTH} {32} {PARAM_VALUE.C_PROBE4_TYPE} {0} {PARAM_VALUE.C_PROBE4_WIDTH} {32} {PARAM_VALUE.C_PROBE5_TYPE} {0} {PARAM_VALUE.C_PROBE5_WIDTH} {1} {PARAM_VALUE.C_TRIGIN_EN} {0} {PARAM_VALUE.C_TRIGOUT_EN} {0}}}
## set intf_params {}
## set connectivity {}
## set output_xci c:/Users/zafranc/Desktop/ECEN4243_Lab3/lab3/Vivado/lab3/lab3.runs/impl_1/.Xil/Vivado-22780-CEAT-ENDV350-05/u_ila_0_CV.0/out/result.xci
## set output_dcp c:/Users/zafranc/Desktop/ECEN4243_Lab3/lab3/Vivado/lab3/lab3.runs/impl_1/.Xil/Vivado-22780-CEAT-ENDV350-05/u_ila_0_CV.0/out/result.dcp
## set output_dir c:/Users/zafranc/Desktop/ECEN4243_Lab3/lab3/Vivado/lab3/lab3.runs/impl_1/.Xil/Vivado-22780-CEAT-ENDV350-05/u_ila_0_CV.0/out
## set ip_repo_paths C:/Users/zafranc/Desktop/ECEN4243_Lab3/lab3/Vivado/lab3/lab2.ipdefs/ip_repo_BAK_0_0_0
## set ip_output_repo C:/Users/zafranc/Desktop/ECEN4243_Lab3/lab3/Vivado/lab3/lab3.cache/ip
## set ip_cache_permissions {read write}
## set oopbus_ip_repo_paths [get_param chipscope.oopbus_ip_repo_paths]
## set synth_opts {}
## set xdc_files {}
# set debug_ip_repo_paths $ip_repo_paths
# set debug_ip_output_repo $ip_output_repo
# set debug_ip_cache_permissions $ip_cache_permissions
# set debug_oopbus_ip_repo_paths [get_param chipscope.oopbus_ip_repo_paths]
# set ordering_constrs 1
# set jobs 4
# source {C:/Xilinx/Vivado/2023.2/scripts/ip/ipxchipscope.tcl}
INFO: [ProjectBase 1-489] The host OS only allows 260 characters in a normal path. The project is stored in a path with more than 80 characters. If you experience issues with IP, Block Designs, or files not being found, please consider moving the project to a location with a shorter path. Alternately consider using the OS subst command to map part of the path to a drive letter.
Current project path is 'c:/Users/zafranc/Desktop/ECEN4243_Lab3/lab3/Vivado/lab3/lab3.runs/impl_1/.Xil/Vivado-22780-CEAT-ENDV350-05/dc_drv.0/dc'
create_project: Time (s): cpu = 00:00:06 ; elapsed = 00:00:07 . Memory (MB): peak = 566.492 ; gain = 174.055
INFO: [IP_Flow 19-234] Refreshing IP repositories
INFO: [IP_Flow 19-1700] Loaded user IP repository 'c:/Users/zafranc/Desktop/ECEN4243_Lab3/lab3/Vivado/lab3/lab2.ipdefs/ip_repo_BAK_0_0_0'.
INFO: [IP_Flow 19-2313] Loaded Vivado IP repository 'C:/Xilinx/Vivado/2023.2/data/ip'.
IP SYNTH XDC FILES = 
Current synth_xdc_files = 
DBG: creating temporary IP: dbg_hub
INFO: [Device 21-403] Loading part xc7z020clg484-1
create_ip: Time (s): cpu = 00:00:05 ; elapsed = 00:00:06 . Memory (MB): peak = 1029.543 ; gain = 459.125
c:/Users/zafranc/Desktop/ECEN4243_Lab3/lab3/Vivado/lab3/lab3.runs/impl_1/.Xil/Vivado-22780-CEAT-ENDV350-05/dc_drv.0/dc/prj_ip.srcs/sources_1/ip/dbg_hub/dbg_hub.xci
INFO: [IP_Flow 19-1686] Generating 'Instantiation Template' target for IP 'dbg_hub'...
INFO: [IP_Flow 19-1686] Generating 'Synthesis' target for IP 'dbg_hub'...
INFO: [IP_Flow 19-1686] Generating 'Simulation' target for IP 'dbg_hub'...
generation completed successfully
Succeeded copying xdc_files
Succeeded copying xci files
INFO: [IP_Flow 19-6924] IPCACHE: Running cache check for IP inst: dbg_hub
INFO: [IP_Flow 19-6922] IPCACHE: Exporting cached entry a6052144841d113e to dir: c:/Users/zafranc/Desktop/ECEN4243_Lab3/lab3/Vivado/lab3/lab3.runs/impl_1/.Xil/Vivado-22780-CEAT-ENDV350-05/dbg_hub_CV.0/out
INFO: [IP_Flow 19-6928] IPCACHE: copied cached file c:/Users/zafranc/Desktop/ECEN4243_Lab3/lab3/Vivado/lab3/lab3.cache/ip/2023.2/a/6/a6052144841d113e/dbg_hub.dcp to c:/Users/zafranc/Desktop/ECEN4243_Lab3/lab3/Vivado/lab3/lab3.runs/impl_1/.Xil/Vivado-22780-CEAT-ENDV350-05/dbg_hub_CV.0/out/result.dcp.
INFO: [IP_Flow 19-6926] IPCACHE: added file to list for BOM: c:/Users/zafranc/Desktop/ECEN4243_Lab3/lab3/Vivado/lab3/lab3.runs/impl_1/.Xil/Vivado-22780-CEAT-ENDV350-05/dbg_hub_CV.0/out/result.dcp
INFO: [IP_Flow 19-6928] IPCACHE: copied cached file c:/Users/zafranc/Desktop/ECEN4243_Lab3/lab3/Vivado/lab3/lab3.cache/ip/2023.2/a/6/a6052144841d113e/dbg_hub_sim_netlist.v to c:/Users/zafranc/Desktop/ECEN4243_Lab3/lab3/Vivado/lab3/lab3.runs/impl_1/.Xil/Vivado-22780-CEAT-ENDV350-05/dbg_hub_CV.0/out/result_sim_netlist.v.
INFO: [IP_Flow 19-6926] IPCACHE: added file to list for BOM: c:/Users/zafranc/Desktop/ECEN4243_Lab3/lab3/Vivado/lab3/lab3.runs/impl_1/.Xil/Vivado-22780-CEAT-ENDV350-05/dbg_hub_CV.0/out/result_sim_netlist.v
INFO: [IP_Flow 19-6928] IPCACHE: copied cached file c:/Users/zafranc/Desktop/ECEN4243_Lab3/lab3/Vivado/lab3/lab3.cache/ip/2023.2/a/6/a6052144841d113e/dbg_hub_sim_netlist.vhdl to c:/Users/zafranc/Desktop/ECEN4243_Lab3/lab3/Vivado/lab3/lab3.runs/impl_1/.Xil/Vivado-22780-CEAT-ENDV350-05/dbg_hub_CV.0/out/result_sim_netlist.vhdl.
INFO: [IP_Flow 19-6926] IPCACHE: added file to list for BOM: c:/Users/zafranc/Desktop/ECEN4243_Lab3/lab3/Vivado/lab3/lab3.runs/impl_1/.Xil/Vivado-22780-CEAT-ENDV350-05/dbg_hub_CV.0/out/result_sim_netlist.vhdl
INFO: [IP_Flow 19-6928] IPCACHE: copied cached file c:/Users/zafranc/Desktop/ECEN4243_Lab3/lab3/Vivado/lab3/lab3.cache/ip/2023.2/a/6/a6052144841d113e/dbg_hub_stub.v to c:/Users/zafranc/Desktop/ECEN4243_Lab3/lab3/Vivado/lab3/lab3.runs/impl_1/.Xil/Vivado-22780-CEAT-ENDV350-05/dbg_hub_CV.0/out/result_stub.v.
INFO: [IP_Flow 19-6926] IPCACHE: added file to list for BOM: c:/Users/zafranc/Desktop/ECEN4243_Lab3/lab3/Vivado/lab3/lab3.runs/impl_1/.Xil/Vivado-22780-CEAT-ENDV350-05/dbg_hub_CV.0/out/result_stub.v
INFO: [IP_Flow 19-6928] IPCACHE: copied cached file c:/Users/zafranc/Desktop/ECEN4243_Lab3/lab3/Vivado/lab3/lab3.cache/ip/2023.2/a/6/a6052144841d113e/dbg_hub_stub.vhdl to c:/Users/zafranc/Desktop/ECEN4243_Lab3/lab3/Vivado/lab3/lab3.runs/impl_1/.Xil/Vivado-22780-CEAT-ENDV350-05/dbg_hub_CV.0/out/result_stub.vhdl.
INFO: [IP_Flow 19-6926] IPCACHE: added file to list for BOM: c:/Users/zafranc/Desktop/ECEN4243_Lab3/lab3/Vivado/lab3/lab3.runs/impl_1/.Xil/Vivado-22780-CEAT-ENDV350-05/dbg_hub_CV.0/out/result_stub.vhdl
INFO: [IP_Flow 19-4838] Using cached IP synthesis design for IP dbg_hub, cache-ID = a6052144841d113e.
INFO: [InternalMarking_CacheHit-1] dbg_hub a6052144841d113e
IP SYNTH XDC FILES = 
Current synth_xdc_files = 
DBG: creating temporary IP: u_ila_0
c:/Users/zafranc/Desktop/ECEN4243_Lab3/lab3/Vivado/lab3/lab3.runs/impl_1/.Xil/Vivado-22780-CEAT-ENDV350-05/dc_drv.0/dc/prj_ip.srcs/sources_1/ip/u_ila_0/u_ila_0.xci
INFO: [IP_Flow 19-1686] Generating 'Instantiation Template' target for IP 'u_ila_0'...
INFO: [IP_Flow 19-1686] Generating 'Synthesis' target for IP 'u_ila_0'...
WARNING: [IP_Flow 19-4994] Overwriting existing constraint file 'c:/Users/zafranc/Desktop/ECEN4243_Lab3/lab3/Vivado/lab3/lab3.runs/impl_1/.Xil/Vivado-22780-CEAT-ENDV350-05/dc_drv.0/dc/prj_ip.gen/sources_1/ip/u_ila_0/u_ila_0_ooc.xdc'
INFO: [IP_Flow 19-1686] Generating 'Simulation' target for IP 'u_ila_0'...
INFO: [IP_Flow 19-1686] Generating 'Implementation' target for IP 'u_ila_0'...
INFO: [IP_Flow 19-1686] Generating 'Change Log' target for IP 'u_ila_0'...
generation completed successfully
Succeeded copying xdc_files
Succeeded copying xci files
INFO: [IP_Flow 19-6924] IPCACHE: Running cache check for IP inst: u_ila_0
INFO: [IP_Flow 19-6922] IPCACHE: Exporting cached entry ec5285ff1e3b1b1e to dir: c:/Users/zafranc/Desktop/ECEN4243_Lab3/lab3/Vivado/lab3/lab3.runs/impl_1/.Xil/Vivado-22780-CEAT-ENDV350-05/u_ila_0_CV.0/out
INFO: [IP_Flow 19-6928] IPCACHE: copied cached file c:/Users/zafranc/Desktop/ECEN4243_Lab3/lab3/Vivado/lab3/lab3.cache/ip/2023.2/e/c/ec5285ff1e3b1b1e/u_ila_0.dcp to c:/Users/zafranc/Desktop/ECEN4243_Lab3/lab3/Vivado/lab3/lab3.runs/impl_1/.Xil/Vivado-22780-CEAT-ENDV350-05/u_ila_0_CV.0/out/result.dcp.
INFO: [IP_Flow 19-6926] IPCACHE: added file to list for BOM: c:/Users/zafranc/Desktop/ECEN4243_Lab3/lab3/Vivado/lab3/lab3.runs/impl_1/.Xil/Vivado-22780-CEAT-ENDV350-05/u_ila_0_CV.0/out/result.dcp
INFO: [IP_Flow 19-6928] IPCACHE: copied cached file c:/Users/zafranc/Desktop/ECEN4243_Lab3/lab3/Vivado/lab3/lab3.cache/ip/2023.2/e/c/ec5285ff1e3b1b1e/u_ila_0_sim_netlist.v to c:/Users/zafranc/Desktop/ECEN4243_Lab3/lab3/Vivado/lab3/lab3.runs/impl_1/.Xil/Vivado-22780-CEAT-ENDV350-05/u_ila_0_CV.0/out/result_sim_netlist.v.
INFO: [IP_Flow 19-6926] IPCACHE: added file to list for BOM: c:/Users/zafranc/Desktop/ECEN4243_Lab3/lab3/Vivado/lab3/lab3.runs/impl_1/.Xil/Vivado-22780-CEAT-ENDV350-05/u_ila_0_CV.0/out/result_sim_netlist.v
INFO: [IP_Flow 19-6928] IPCACHE: copied cached file c:/Users/zafranc/Desktop/ECEN4243_Lab3/lab3/Vivado/lab3/lab3.cache/ip/2023.2/e/c/ec5285ff1e3b1b1e/u_ila_0_sim_netlist.vhdl to c:/Users/zafranc/Desktop/ECEN4243_Lab3/lab3/Vivado/lab3/lab3.runs/impl_1/.Xil/Vivado-22780-CEAT-ENDV350-05/u_ila_0_CV.0/out/result_sim_netlist.vhdl.
INFO: [IP_Flow 19-6926] IPCACHE: added file to list for BOM: c:/Users/zafranc/Desktop/ECEN4243_Lab3/lab3/Vivado/lab3/lab3.runs/impl_1/.Xil/Vivado-22780-CEAT-ENDV350-05/u_ila_0_CV.0/out/result_sim_netlist.vhdl
INFO: [IP_Flow 19-6928] IPCACHE: copied cached file c:/Users/zafranc/Desktop/ECEN4243_Lab3/lab3/Vivado/lab3/lab3.cache/ip/2023.2/e/c/ec5285ff1e3b1b1e/u_ila_0_stub.v to c:/Users/zafranc/Desktop/ECEN4243_Lab3/lab3/Vivado/lab3/lab3.runs/impl_1/.Xil/Vivado-22780-CEAT-ENDV350-05/u_ila_0_CV.0/out/result_stub.v.
INFO: [IP_Flow 19-6926] IPCACHE: added file to list for BOM: c:/Users/zafranc/Desktop/ECEN4243_Lab3/lab3/Vivado/lab3/lab3.runs/impl_1/.Xil/Vivado-22780-CEAT-ENDV350-05/u_ila_0_CV.0/out/result_stub.v
INFO: [IP_Flow 19-6928] IPCACHE: copied cached file c:/Users/zafranc/Desktop/ECEN4243_Lab3/lab3/Vivado/lab3/lab3.cache/ip/2023.2/e/c/ec5285ff1e3b1b1e/u_ila_0_stub.vhdl to c:/Users/zafranc/Desktop/ECEN4243_Lab3/lab3/Vivado/lab3/lab3.runs/impl_1/.Xil/Vivado-22780-CEAT-ENDV350-05/u_ila_0_CV.0/out/result_stub.vhdl.
INFO: [IP_Flow 19-6926] IPCACHE: added file to list for BOM: c:/Users/zafranc/Desktop/ECEN4243_Lab3/lab3/Vivado/lab3/lab3.runs/impl_1/.Xil/Vivado-22780-CEAT-ENDV350-05/u_ila_0_CV.0/out/result_stub.vhdl
INFO: [IP_Flow 19-4838] Using cached IP synthesis design for IP u_ila_0, cache-ID = ec5285ff1e3b1b1e.
config_ip_cache: Time (s): cpu = 00:00:07 ; elapsed = 00:00:08 . Memory (MB): peak = 1100.996 ; gain = 0.000
INFO: [InternalMarking_CacheHit-1] u_ila_0 ec5285ff1e3b1b1e
# set failed [catch {ipx::chipscope::run_multi_gen_and_synth_ip_core $part $board_part $board_connections $board_part_repo_paths $tool_flow $debug_ip_vlnv $debug_ip_module_name $debug_params $debug_output_xci $debug_output_dcp $debug_output_dir $debug_ip_repo_paths $debug_ip_output_repo $debug_ip_cache_permissions $debug_oopbus_ip_repo_paths $debug_synth_opts $debug_xdc_files $ordering_constrs $jobs} errMessage]
# if { $failed } {
# send_msg_id {IP_Flow 19-3805} ERROR "Failed to generate and synthesize debug IPs. \n $errMessage"
#   exit 1
# }
INFO: [Common 17-206] Exiting Vivado at Wed Apr 22 15:17:34 2026...
