
*** Running vivado
    with args -log design_1_top_0_0.vds -m64 -product Vivado -mode batch -messageDb vivado.pb -notrace -source design_1_top_0_0.tcl



****** Vivado v2023.2 (64-bit)
  **** SW Build 4029153 on Fri Oct 13 20:14:34 MDT 2023
  **** IP Build 4028589 on Sat Oct 14 00:45:43 MDT 2023
  **** SharedData Build 4025554 on Tue Oct 10 17:18:54 MDT 2023
    ** Copyright 1986-2022 Xilinx, Inc. All Rights Reserved.
    ** Copyright 2022-2023 Advanced Micro Devices, Inc. All Rights Reserved.

source design_1_top_0_0.tcl -notrace
create_project: Time (s): cpu = 00:00:06 ; elapsed = 00:00:08 . Memory (MB): peak = 566.805 ; gain = 184.004
INFO: [IP_Flow 19-234] Refreshing IP repositories
INFO: [IP_Flow 19-1700] Loaded user IP repository 'c:/Users/zafranc/Desktop/ECEN4243-Lab2/Lab2_Vivado/lab2/lab2.ipdefs/ip_repo_BAK_0_0_0'.
INFO: [IP_Flow 19-2313] Loaded Vivado IP repository 'C:/Xilinx/Vivado/2023.2/data/ip'.
INFO: [IP_Flow 19-6924] IPCACHE: Running cache check for IP inst: design_1_top_0_0
Command: synth_design -top design_1_top_0_0 -part xc7z020clg484-1 -incremental_mode off -mode out_of_context
Starting synth_design
Attempting to get a license for feature 'Synthesis' and/or device 'xc7z020'
INFO: [Common 17-349] Got license for feature 'Synthesis' and/or device 'xc7z020'
INFO: [Device 21-403] Loading part xc7z020clg484-1
INFO: [Synth 8-7079] Multithreading enabled for synth_design using a maximum of 2 processes.
INFO: [Synth 8-7078] Launching helper process for spawning children vivado processes
INFO: [Synth 8-7075] Helper process launched with PID 4896
---------------------------------------------------------------------------------
Starting RTL Elaboration : Time (s): cpu = 00:00:04 ; elapsed = 00:00:05 . Memory (MB): peak = 1436.777 ; gain = 439.270
---------------------------------------------------------------------------------
INFO: [Synth 8-6157] synthesizing module 'design_1_top_0_0' [c:/Users/zafranc/Desktop/ECEN4243-Lab2/Lab2_Vivado/lab2/lab2.srcs/sources_1/bd/design_1/ip/design_1_top_0_0/synth/design_1_top_0_0.v:53]
INFO: [Synth 8-6157] synthesizing module 'top' [C:/Users/zafranc/Desktop/ECEN4243-Lab2/Lab2_Vivado/lab2/lab2.srcs/sources_1/imports/fpga/src/top.v:2]
INFO: [Synth 8-6157] synthesizing module 'riscvsingle' [C:/Users/zafranc/Desktop/ECEN4243-Lab2/Lab2_Vivado/riscv_single.sv:139]
INFO: [Synth 8-6157] synthesizing module 'controller' [C:/Users/zafranc/Desktop/ECEN4243-Lab2/Lab2_Vivado/riscv_single.sv:168]
INFO: [Synth 8-6157] synthesizing module 'maindec' [C:/Users/zafranc/Desktop/ECEN4243-Lab2/Lab2_Vivado/riscv_single.sv:210]
INFO: [Synth 8-6155] done synthesizing module 'maindec' (0#1) [C:/Users/zafranc/Desktop/ECEN4243-Lab2/Lab2_Vivado/riscv_single.sv:210]
INFO: [Synth 8-6157] synthesizing module 'aludec' [C:/Users/zafranc/Desktop/ECEN4243-Lab2/Lab2_Vivado/riscv_single.sv:244]
INFO: [Synth 8-226] default block is never used [C:/Users/zafranc/Desktop/ECEN4243-Lab2/Lab2_Vivado/riscv_single.sv:254]
INFO: [Synth 8-226] default block is never used [C:/Users/zafranc/Desktop/ECEN4243-Lab2/Lab2_Vivado/riscv_single.sv:259]
INFO: [Synth 8-6155] done synthesizing module 'aludec' (0#1) [C:/Users/zafranc/Desktop/ECEN4243-Lab2/Lab2_Vivado/riscv_single.sv:244]
INFO: [Synth 8-6155] done synthesizing module 'controller' (0#1) [C:/Users/zafranc/Desktop/ECEN4243-Lab2/Lab2_Vivado/riscv_single.sv:168]
INFO: [Synth 8-6157] synthesizing module 'datapath' [C:/Users/zafranc/Desktop/ECEN4243-Lab2/Lab2_Vivado/riscv_single.sv:281]
INFO: [Synth 8-6157] synthesizing module 'flopenr' [C:/Users/zafranc/Desktop/ECEN4243-Lab2/Lab2_Vivado/riscv_single.sv:432]
	Parameter WIDTH bound to: 32 - type: integer 
INFO: [Synth 8-6155] done synthesizing module 'flopenr' (0#1) [C:/Users/zafranc/Desktop/ECEN4243-Lab2/Lab2_Vivado/riscv_single.sv:432]
INFO: [Synth 8-6157] synthesizing module 'adder' [C:/Users/zafranc/Desktop/ECEN4243-Lab2/Lab2_Vivado/riscv_single.sv:383]
INFO: [Synth 8-6155] done synthesizing module 'adder' (0#1) [C:/Users/zafranc/Desktop/ECEN4243-Lab2/Lab2_Vivado/riscv_single.sv:383]
INFO: [Synth 8-6157] synthesizing module 'mux3' [C:/Users/zafranc/Desktop/ECEN4243-Lab2/Lab2_Vivado/riscv_single.sv:457]
	Parameter WIDTH bound to: 32 - type: integer 
INFO: [Synth 8-6155] done synthesizing module 'mux3' (0#1) [C:/Users/zafranc/Desktop/ECEN4243-Lab2/Lab2_Vivado/riscv_single.sv:457]
INFO: [Synth 8-6157] synthesizing module 'regfile' [C:/Users/zafranc/Desktop/ECEN4243-Lab2/Lab2_Vivado/riscv_single.sv:583]
INFO: [Synth 8-6155] done synthesizing module 'regfile' (0#1) [C:/Users/zafranc/Desktop/ECEN4243-Lab2/Lab2_Vivado/riscv_single.sv:583]
INFO: [Synth 8-6157] synthesizing module 'extend' [C:/Users/zafranc/Desktop/ECEN4243-Lab2/Lab2_Vivado/riscv_single.sv:396]
INFO: [Synth 8-6155] done synthesizing module 'extend' (0#1) [C:/Users/zafranc/Desktop/ECEN4243-Lab2/Lab2_Vivado/riscv_single.sv:396]
INFO: [Synth 8-6157] synthesizing module 'mux2' [C:/Users/zafranc/Desktop/ECEN4243-Lab2/Lab2_Vivado/riscv_single.sv:446]
	Parameter WIDTH bound to: 32 - type: integer 
INFO: [Synth 8-6155] done synthesizing module 'mux2' (0#1) [C:/Users/zafranc/Desktop/ECEN4243-Lab2/Lab2_Vivado/riscv_single.sv:446]
INFO: [Synth 8-6157] synthesizing module 'alu' [C:/Users/zafranc/Desktop/ECEN4243-Lab2/Lab2_Vivado/riscv_single.sv:545]
INFO: [Synth 8-6155] done synthesizing module 'alu' (0#1) [C:/Users/zafranc/Desktop/ECEN4243-Lab2/Lab2_Vivado/riscv_single.sv:545]
INFO: [Synth 8-6157] synthesizing module 'mux4' [C:/Users/zafranc/Desktop/ECEN4243-Lab2/Lab2_Vivado/riscv_single.sv:466]
	Parameter WIDTH bound to: 32 - type: integer 
INFO: [Synth 8-6155] done synthesizing module 'mux4' (0#1) [C:/Users/zafranc/Desktop/ECEN4243-Lab2/Lab2_Vivado/riscv_single.sv:466]
INFO: [Synth 8-6155] done synthesizing module 'datapath' (0#1) [C:/Users/zafranc/Desktop/ECEN4243-Lab2/Lab2_Vivado/riscv_single.sv:281]
INFO: [Synth 8-6155] done synthesizing module 'riscvsingle' (0#1) [C:/Users/zafranc/Desktop/ECEN4243-Lab2/Lab2_Vivado/riscv_single.sv:139]
INFO: [Synth 8-6157] synthesizing module 'imem' [C:/Users/zafranc/Desktop/ECEN4243-Lab2/Lab2_Vivado/lab2/lab2.srcs/sources_1/imports/fpga/src/imem.sv:1]
INFO: [Synth 8-3876] $readmem data file 'memfile.dat' is read successfully [C:/Users/zafranc/Desktop/ECEN4243-Lab2/Lab2_Vivado/lab2/lab2.srcs/sources_1/imports/fpga/src/imem.sv:6]
INFO: [Synth 8-6155] done synthesizing module 'imem' (0#1) [C:/Users/zafranc/Desktop/ECEN4243-Lab2/Lab2_Vivado/lab2/lab2.srcs/sources_1/imports/fpga/src/imem.sv:1]
INFO: [Synth 8-6157] synthesizing module 'MemControl' [C:/Users/zafranc/Desktop/ECEN4243-Lab2/Lab2_Vivado/lab2/lab2.srcs/sources_1/imports/fpga/src/memcontroller.sv:1]
INFO: [Synth 8-6155] done synthesizing module 'MemControl' (0#1) [C:/Users/zafranc/Desktop/ECEN4243-Lab2/Lab2_Vivado/lab2/lab2.srcs/sources_1/imports/fpga/src/memcontroller.sv:1]
INFO: [Synth 8-6155] done synthesizing module 'top' (0#1) [C:/Users/zafranc/Desktop/ECEN4243-Lab2/Lab2_Vivado/lab2/lab2.srcs/sources_1/imports/fpga/src/top.v:2]
INFO: [Synth 8-6155] done synthesizing module 'design_1_top_0_0' (0#1) [c:/Users/zafranc/Desktop/ECEN4243-Lab2/Lab2_Vivado/lab2/lab2.srcs/sources_1/bd/design_1/ip/design_1_top_0_0/synth/design_1_top_0_0.v:53]
INFO: [Synth 8-6071] Mark debug on the nets applies keep_hierarchy on instance 'inst'. This will prevent further optimization [c:/Users/zafranc/Desktop/ECEN4243-Lab2/Lab2_Vivado/lab2/lab2.srcs/sources_1/bd/design_1/ip/design_1_top_0_0/synth/design_1_top_0_0.v:82]
INFO: [Synth 8-6071] Mark debug on the nets applies keep_hierarchy on instance 'memcontrol'. This will prevent further optimization [C:/Users/zafranc/Desktop/ECEN4243-Lab2/Lab2_Vivado/lab2/lab2.srcs/sources_1/imports/fpga/src/top.v:30]
INFO: [Synth 8-6071] Mark debug on the nets applies keep_hierarchy on instance 'riscvsingle'. This will prevent further optimization [C:/Users/zafranc/Desktop/ECEN4243-Lab2/Lab2_Vivado/lab2/lab2.srcs/sources_1/imports/fpga/src/top.v:18]
INFO: [Synth 8-6071] Mark debug on the nets applies keep_hierarchy on instance 'imem'. This will prevent further optimization [C:/Users/zafranc/Desktop/ECEN4243-Lab2/Lab2_Vivado/lab2/lab2.srcs/sources_1/imports/fpga/src/top.v:28]
WARNING: [Synth 8-7129] Port a[1] in module imem is either unconnected or has no load
WARNING: [Synth 8-7129] Port a[0] in module imem is either unconnected or has no load
WARNING: [Synth 8-7129] Port op[6] in module extend is either unconnected or has no load
WARNING: [Synth 8-7129] Port op[5] in module extend is either unconnected or has no load
WARNING: [Synth 8-7129] Port op[4] in module extend is either unconnected or has no load
WARNING: [Synth 8-7129] Port op[3] in module extend is either unconnected or has no load
WARNING: [Synth 8-7129] Port op[2] in module extend is either unconnected or has no load
WARNING: [Synth 8-7129] Port op[1] in module extend is either unconnected or has no load
WARNING: [Synth 8-7129] Port op[0] in module extend is either unconnected or has no load
---------------------------------------------------------------------------------
Finished RTL Elaboration : Time (s): cpu = 00:00:05 ; elapsed = 00:00:06 . Memory (MB): peak = 1552.184 ; gain = 554.676
---------------------------------------------------------------------------------
---------------------------------------------------------------------------------
Start Handling Custom Attributes
---------------------------------------------------------------------------------
---------------------------------------------------------------------------------
Finished Handling Custom Attributes : Time (s): cpu = 00:00:05 ; elapsed = 00:00:07 . Memory (MB): peak = 1552.184 ; gain = 554.676
---------------------------------------------------------------------------------
---------------------------------------------------------------------------------
Finished RTL Optimization Phase 1 : Time (s): cpu = 00:00:05 ; elapsed = 00:00:07 . Memory (MB): peak = 1552.184 ; gain = 554.676
---------------------------------------------------------------------------------
Netlist sorting complete. Time (s): cpu = 00:00:00 ; elapsed = 00:00:00.010 . Memory (MB): peak = 1552.184 ; gain = 0.000
INFO: [Project 1-570] Preparing netlist for logic optimization

Processing XDC Constraints
Initializing timing engine
Completed Processing XDC Constraints

Netlist sorting complete. Time (s): cpu = 00:00:00 ; elapsed = 00:00:00 . Memory (MB): peak = 1630.586 ; gain = 0.000
INFO: [Project 1-111] Unisim Transformation Summary:
No Unisim elements were transformed.

The system cannot find the path specified.
Constraint Validation Runtime : Time (s): cpu = 00:00:00 ; elapsed = 00:00:00.048 . Memory (MB): peak = 1630.965 ; gain = 0.379
INFO: [Designutils 20-5008] Incremental synthesis strategy off
---------------------------------------------------------------------------------
Finished Constraint Validation : Time (s): cpu = 00:00:11 ; elapsed = 00:00:13 . Memory (MB): peak = 1630.965 ; gain = 633.457
---------------------------------------------------------------------------------
---------------------------------------------------------------------------------
Start Loading Part and Timing Information
---------------------------------------------------------------------------------
Loading part: xc7z020clg484-1
---------------------------------------------------------------------------------
Finished Loading Part and Timing Information : Time (s): cpu = 00:00:11 ; elapsed = 00:00:13 . Memory (MB): peak = 1630.965 ; gain = 633.457
---------------------------------------------------------------------------------
---------------------------------------------------------------------------------
Start Applying 'set_property' XDC Constraints
---------------------------------------------------------------------------------
---------------------------------------------------------------------------------
Finished applying 'set_property' XDC Constraints : Time (s): cpu = 00:00:11 ; elapsed = 00:00:13 . Memory (MB): peak = 1630.965 ; gain = 633.457
---------------------------------------------------------------------------------
INFO: [Synth 8-802] inferred FSM for state register 'state_reg' in module 'MemControl'
---------------------------------------------------------------------------------------------------
                   State |                     New Encoding |                Previous Encoding 
---------------------------------------------------------------------------------------------------
                    Idle |                              000 |                              000
              WriteStart |                              001 |                              100
                WriteMem |                              010 |                              101
               WriteData |                              011 |                              110
               ReadStart |                              100 |                              001
                 ReadMem |                              101 |                              010
                ReadData |                              110 |                              011
---------------------------------------------------------------------------------------------------
INFO: [Synth 8-3354] encoded FSM with state register 'state_reg' using encoding 'sequential' in module 'MemControl'
---------------------------------------------------------------------------------
Finished RTL Optimization Phase 2 : Time (s): cpu = 00:00:11 ; elapsed = 00:00:13 . Memory (MB): peak = 1630.965 ; gain = 633.457
---------------------------------------------------------------------------------
---------------------------------------------------------------------------------
Start RTL Component Statistics 
---------------------------------------------------------------------------------
Detailed RTL Component Info : 
+---Adders : 
	   2 Input   32 Bit       Adders := 2     
	   3 Input   32 Bit       Adders := 1     
+---XORs : 
	   2 Input     32 Bit         XORs := 1     
+---Registers : 
	               32 Bit    Registers := 1     
+---Muxes : 
	   2 Input   32 Bit        Muxes := 13    
	   4 Input   32 Bit        Muxes := 3     
	  16 Input   32 Bit        Muxes := 1     
	   2 Input   16 Bit        Muxes := 1     
	  10 Input   13 Bit        Muxes := 1     
	   4 Input    8 Bit        Muxes := 1     
	   2 Input    4 Bit        Muxes := 1     
	   4 Input    4 Bit        Muxes := 1     
	   8 Input    4 Bit        Muxes := 1     
	   7 Input    3 Bit        Muxes := 2     
	   2 Input    3 Bit        Muxes := 4     
	   2 Input    2 Bit        Muxes := 1     
---------------------------------------------------------------------------------
Finished RTL Component Statistics 
---------------------------------------------------------------------------------
---------------------------------------------------------------------------------
Start Part Resource Summary
---------------------------------------------------------------------------------
Part Resources:
DSPs: 220 (col length:60)
BRAMs: 280 (col length: RAMB18 60 RAMB36 30)
---------------------------------------------------------------------------------
Finished Part Resource Summary
---------------------------------------------------------------------------------
---------------------------------------------------------------------------------
Start Cross Boundary and Area Optimization
---------------------------------------------------------------------------------
WARNING: [Synth 8-7080] Parallel synthesis criteria is not met
WARNING: [Synth 8-7129] Port a[31] in module imem is either unconnected or has no load
WARNING: [Synth 8-7129] Port a[30] in module imem is either unconnected or has no load
WARNING: [Synth 8-7129] Port a[29] in module imem is either unconnected or has no load
WARNING: [Synth 8-7129] Port a[28] in module imem is either unconnected or has no load
WARNING: [Synth 8-7129] Port a[27] in module imem is either unconnected or has no load
WARNING: [Synth 8-7129] Port a[26] in module imem is either unconnected or has no load
WARNING: [Synth 8-7129] Port a[25] in module imem is either unconnected or has no load
WARNING: [Synth 8-7129] Port a[24] in module imem is either unconnected or has no load
WARNING: [Synth 8-7129] Port a[23] in module imem is either unconnected or has no load
WARNING: [Synth 8-7129] Port a[22] in module imem is either unconnected or has no load
WARNING: [Synth 8-7129] Port a[21] in module imem is either unconnected or has no load
WARNING: [Synth 8-7129] Port a[20] in module imem is either unconnected or has no load
WARNING: [Synth 8-7129] Port a[19] in module imem is either unconnected or has no load
WARNING: [Synth 8-7129] Port a[18] in module imem is either unconnected or has no load
WARNING: [Synth 8-7129] Port a[17] in module imem is either unconnected or has no load
WARNING: [Synth 8-7129] Port a[16] in module imem is either unconnected or has no load
WARNING: [Synth 8-7129] Port a[15] in module imem is either unconnected or has no load
WARNING: [Synth 8-7129] Port a[14] in module imem is either unconnected or has no load
WARNING: [Synth 8-7129] Port a[13] in module imem is either unconnected or has no load
WARNING: [Synth 8-7129] Port a[12] in module imem is either unconnected or has no load
WARNING: [Synth 8-7129] Port a[11] in module imem is either unconnected or has no load
WARNING: [Synth 8-7129] Port a[10] in module imem is either unconnected or has no load
WARNING: [Synth 8-7129] Port a[9] in module imem is either unconnected or has no load
WARNING: [Synth 8-7129] Port a[8] in module imem is either unconnected or has no load
WARNING: [Synth 8-7129] Port a[7] in module imem is either unconnected or has no load
WARNING: [Synth 8-7129] Port a[6] in module imem is either unconnected or has no load
WARNING: [Synth 8-7129] Port a[1] in module imem is either unconnected or has no load
WARNING: [Synth 8-7129] Port a[0] in module imem is either unconnected or has no load
WARNING: [Synth 8-7129] Port op[6] in module extend is either unconnected or has no load
WARNING: [Synth 8-7129] Port op[5] in module extend is either unconnected or has no load
WARNING: [Synth 8-7129] Port op[4] in module extend is either unconnected or has no load
WARNING: [Synth 8-7129] Port op[3] in module extend is either unconnected or has no load
WARNING: [Synth 8-7129] Port op[2] in module extend is either unconnected or has no load
WARNING: [Synth 8-7129] Port op[1] in module extend is either unconnected or has no load
WARNING: [Synth 8-7129] Port op[0] in module extend is either unconnected or has no load
---------------------------------------------------------------------------------
Finished Cross Boundary and Area Optimization : Time (s): cpu = 00:00:28 ; elapsed = 00:00:30 . Memory (MB): peak = 1630.965 ; gain = 633.457
---------------------------------------------------------------------------------
---------------------------------------------------------------------------------
Start ROM, RAM, DSP, Shift Register and Retiming Reporting
---------------------------------------------------------------------------------

Distributed RAM: Preliminary Mapping Report (see note below)
+-----------------+--------------+-----------+----------------------+--------------+
|Module Name      | RTL Object   | Inference | Size (Depth x Width) | Primitives   | 
+-----------------+--------------+-----------+----------------------+--------------+
|inst/riscvsingle | dp/rf/rf_reg | Implied   | 32 x 32              | RAM32M x 12  | 
+-----------------+--------------+-----------+----------------------+--------------+

Note: The table above is a preliminary report that shows the Distributed RAMs at the current stage of the synthesis flow. Some Distributed RAMs may be reimplemented as non Distributed RAM primitives later in the synthesis flow. Multiple instantiated RAMs are reported only once.
---------------------------------------------------------------------------------
Finished ROM, RAM, DSP, Shift Register and Retiming Reporting
---------------------------------------------------------------------------------
---------------------------------------------------------------------------------
Start Applying XDC Timing Constraints
---------------------------------------------------------------------------------
---------------------------------------------------------------------------------
Finished Applying XDC Timing Constraints : Time (s): cpu = 00:00:32 ; elapsed = 00:00:34 . Memory (MB): peak = 1630.965 ; gain = 633.457
---------------------------------------------------------------------------------
---------------------------------------------------------------------------------
Start Timing Optimization
---------------------------------------------------------------------------------
---------------------------------------------------------------------------------
Finished Timing Optimization : Time (s): cpu = 00:00:32 ; elapsed = 00:00:34 . Memory (MB): peak = 1630.965 ; gain = 633.457
---------------------------------------------------------------------------------
---------------------------------------------------------------------------------
Start ROM, RAM, DSP, Shift Register and Retiming Reporting
---------------------------------------------------------------------------------

Distributed RAM: Final Mapping Report
+-----------------+--------------+-----------+----------------------+--------------+
|Module Name      | RTL Object   | Inference | Size (Depth x Width) | Primitives   | 
+-----------------+--------------+-----------+----------------------+--------------+
|inst/riscvsingle | dp/rf/rf_reg | Implied   | 32 x 32              | RAM32M x 12  | 
+-----------------+--------------+-----------+----------------------+--------------+

---------------------------------------------------------------------------------
Finished ROM, RAM, DSP, Shift Register and Retiming Reporting
---------------------------------------------------------------------------------
---------------------------------------------------------------------------------
Start Technology Mapping
---------------------------------------------------------------------------------
---------------------------------------------------------------------------------
Finished Technology Mapping : Time (s): cpu = 00:00:33 ; elapsed = 00:00:35 . Memory (MB): peak = 1630.965 ; gain = 633.457
---------------------------------------------------------------------------------
---------------------------------------------------------------------------------
Start IO Insertion
---------------------------------------------------------------------------------
---------------------------------------------------------------------------------
Start Flattening Before IO Insertion
---------------------------------------------------------------------------------
---------------------------------------------------------------------------------
Finished Flattening Before IO Insertion
---------------------------------------------------------------------------------
---------------------------------------------------------------------------------
Start Final Netlist Cleanup
---------------------------------------------------------------------------------
---------------------------------------------------------------------------------
Finished Final Netlist Cleanup
---------------------------------------------------------------------------------
---------------------------------------------------------------------------------
Finished IO Insertion : Time (s): cpu = 00:00:36 ; elapsed = 00:00:38 . Memory (MB): peak = 1630.965 ; gain = 633.457
---------------------------------------------------------------------------------
---------------------------------------------------------------------------------
Start Renaming Generated Instances
---------------------------------------------------------------------------------
---------------------------------------------------------------------------------
Finished Renaming Generated Instances : Time (s): cpu = 00:00:36 ; elapsed = 00:00:38 . Memory (MB): peak = 1630.965 ; gain = 633.457
---------------------------------------------------------------------------------
---------------------------------------------------------------------------------
Start Rebuilding User Hierarchy
---------------------------------------------------------------------------------
---------------------------------------------------------------------------------
Finished Rebuilding User Hierarchy : Time (s): cpu = 00:00:36 ; elapsed = 00:00:38 . Memory (MB): peak = 1630.965 ; gain = 633.457
---------------------------------------------------------------------------------
---------------------------------------------------------------------------------
Start Renaming Generated Ports
---------------------------------------------------------------------------------
---------------------------------------------------------------------------------
Finished Renaming Generated Ports : Time (s): cpu = 00:00:36 ; elapsed = 00:00:38 . Memory (MB): peak = 1630.965 ; gain = 633.457
---------------------------------------------------------------------------------
---------------------------------------------------------------------------------
Start Handling Custom Attributes
---------------------------------------------------------------------------------
---------------------------------------------------------------------------------
Finished Handling Custom Attributes : Time (s): cpu = 00:00:36 ; elapsed = 00:00:38 . Memory (MB): peak = 1630.965 ; gain = 633.457
---------------------------------------------------------------------------------
---------------------------------------------------------------------------------
Start Renaming Generated Nets
---------------------------------------------------------------------------------
---------------------------------------------------------------------------------
Finished Renaming Generated Nets : Time (s): cpu = 00:00:36 ; elapsed = 00:00:38 . Memory (MB): peak = 1630.965 ; gain = 633.457
---------------------------------------------------------------------------------
---------------------------------------------------------------------------------
Start Writing Synthesis Report
---------------------------------------------------------------------------------

Report BlackBoxes: 
+-+--------------+----------+
| |BlackBox name |Instances |
+-+--------------+----------+
+-+--------------+----------+

Report Cell Usage: 
+------+---------+------+
|      |Cell     |Count |
+------+---------+------+
|1     |CARRY4   |    32|
|2     |LUT1     |     2|
|3     |LUT2     |    23|
|4     |LUT3     |    34|
|5     |LUT4     |   148|
|6     |LUT5     |   151|
|7     |LUT6     |   469|
|8     |RAM32M   |    10|
|9     |RAM32X1D |     4|
|10    |FDCE     |    32|
|11    |FDRE     |     3|
+------+---------+------+
---------------------------------------------------------------------------------
Finished Writing Synthesis Report : Time (s): cpu = 00:00:36 ; elapsed = 00:00:38 . Memory (MB): peak = 1630.965 ; gain = 633.457
---------------------------------------------------------------------------------
Synthesis finished with 0 errors, 0 critical warnings and 36 warnings.
Synthesis Optimization Runtime : Time (s): cpu = 00:00:29 ; elapsed = 00:00:36 . Memory (MB): peak = 1630.965 ; gain = 554.676
Synthesis Optimization Complete : Time (s): cpu = 00:00:36 ; elapsed = 00:00:38 . Memory (MB): peak = 1630.965 ; gain = 633.457
INFO: [Project 1-571] Translating synthesized netlist
Netlist sorting complete. Time (s): cpu = 00:00:00 ; elapsed = 00:00:00.010 . Memory (MB): peak = 1630.965 ; gain = 0.000
INFO: [Netlist 29-17] Analyzing 46 Unisim elements for replacement
INFO: [Netlist 29-28] Unisim Transformation completed in 0 CPU seconds
INFO: [Project 1-570] Preparing netlist for logic optimization
INFO: [Opt 31-138] Pushed 0 inverter(s) to 0 load pin(s).
Netlist sorting complete. Time (s): cpu = 00:00:00 ; elapsed = 00:00:00.001 . Memory (MB): peak = 1630.965 ; gain = 0.000
INFO: [Project 1-111] Unisim Transformation Summary:
  A total of 14 instances were transformed.
  RAM32M => RAM32M (RAMD32(x6), RAMS32(x2)): 10 instances
  RAM32X1D => RAM32X1D (RAMD32(x2)): 4 instances

The system cannot find the path specified.
Synth Design complete | Checksum: a2075358
INFO: [Common 17-83] Releasing license: Synthesis
62 Infos, 45 Warnings, 0 Critical Warnings and 0 Errors encountered.
synth_design completed successfully
synth_design: Time (s): cpu = 00:00:41 ; elapsed = 00:01:06 . Memory (MB): peak = 1630.965 ; gain = 1051.457
Write ShapeDB Complete: Time (s): cpu = 00:00:00 ; elapsed = 00:00:00.002 . Memory (MB): peak = 1630.965 ; gain = 0.000
INFO: [Common 17-1381] The checkpoint 'C:/Users/zafranc/Desktop/ECEN4243-Lab2/Lab2_Vivado/lab2/lab2.runs/design_1_top_0_0_synth_1/design_1_top_0_0.dcp' has been generated.
INFO: [Coretcl 2-1648] Added synthesis output to IP cache for IP design_1_top_0_0, cache-ID = fa53de0cdfcd1bba
INFO: [Coretcl 2-1174] Renamed 10 cell refs.
Write ShapeDB Complete: Time (s): cpu = 00:00:00 ; elapsed = 00:00:00.002 . Memory (MB): peak = 1630.965 ; gain = 0.000
INFO: [Common 17-1381] The checkpoint 'C:/Users/zafranc/Desktop/ECEN4243-Lab2/Lab2_Vivado/lab2/lab2.runs/design_1_top_0_0_synth_1/design_1_top_0_0.dcp' has been generated.
INFO: [runtcl-4] Executing : report_utilization -file design_1_top_0_0_utilization_synth.rpt -pb design_1_top_0_0_utilization_synth.pb
INFO: [Common 17-206] Exiting Vivado at Wed Mar 25 15:10:45 2026...
