#-----------------------------------------------------------
# Vivado v2023.2 (64-bit)
# SW Build 4029153 on Fri Oct 13 20:13:54 MDT 2023
# IP Build 4028589 on Sat Oct 14 00:45:43 MDT 2023
# SharedData Build 4025554 on Tue Oct 10 17:18:54 MDT 2023
# Start of session at: Tue Mar 11 08:31:22 2025
# Process ID: 937952
# Current directory: /home/jstine/ecen4243S25/lab2/fpga
# Command line: vivado
# Log file: /home/jstine/ecen4243S25/lab2/fpga/vivado.log
# Journal file: /home/jstine/ecen4243S25/lab2/fpga/vivado.jou
# Running On: iq9, OS: Linux, CPU Frequency: 1200.000 MHz, CPU Physical cores: 10, Host memory: 24894 MB
#-----------------------------------------------------------
start_gui
WARNING: [Board 49-26] cannot add Board Part xilinx.com:vek280_es:part0:1.0 available at /export/drive2/jstine/Xilinx/Vivado/2023.2/data/xhub/boards/XilinxBoardStore/boards/Xilinx/vek280/es/rev_a/1.0/board.xml as part xcve2802-vsvh1760-2lp-e-s-es1 specified in board_part file is either invalid or not available
WARNING: [Board 49-26] cannot add Board Part xilinx.com:vek280_es:part0:1.1 available at /export/drive2/jstine/Xilinx/Vivado/2023.2/data/xhub/boards/XilinxBoardStore/boards/Xilinx/vek280/es/rev_a/1.1/board.xml as part xcve2802-vsvh1760-2lp-e-s-es1 specified in board_part file is either invalid or not available
WARNING: [Board 49-26] cannot add Board Part xilinx.com:vek280_es_revb:part0:1.0 available at /export/drive2/jstine/Xilinx/Vivado/2023.2/data/xhub/boards/XilinxBoardStore/boards/Xilinx/vek280/es/rev_b/1.0/board.xml as part xcve2802-vsvh1760-2mp-e-s-es1 specified in board_part file is either invalid or not available
WARNING: [Board 49-26] cannot add Board Part xilinx.com:vek280_es_revb:part0:1.1 available at /export/drive2/jstine/Xilinx/Vivado/2023.2/data/xhub/boards/XilinxBoardStore/boards/Xilinx/vek280/es/rev_b/1.1/board.xml as part xcve2802-vsvh1760-2mp-e-s-es1 specified in board_part file is either invalid or not available
WARNING: [Board 49-26] cannot add Board Part xilinx.com:vhk158_es:part0:1.0 available at /export/drive2/jstine/Xilinx/Vivado/2023.2/data/xhub/boards/XilinxBoardStore/boards/Xilinx/vhk158/es/1.0/board.xml as part xcvh1582-vsva3697-2mp-e-s-es1 specified in board_part file is either invalid or not available
WARNING: [Board 49-26] cannot add Board Part xilinx.com:vhk158_es:part0:1.1 available at /export/drive2/jstine/Xilinx/Vivado/2023.2/data/xhub/boards/XilinxBoardStore/boards/Xilinx/vhk158/es/1.1/board.xml as part xcvh1582-vsva3697-2mp-e-s-es1 specified in board_part file is either invalid or not available
WARNING: [Board 49-26] cannot add Board Part xilinx.com:zcu208ld:part0:2.0 available at /export/drive2/jstine/Xilinx/Vivado/2023.2/data/xhub/boards/XilinxBoardStore/boards/Xilinx/zcu208ld/production/2.0/board.xml as part xczu58dr-fsvg1517-2-i specified in board_part file is either invalid or not available
WARNING: [Board 49-26] cannot add Board Part xilinx.com:zcu216ld:part0:2.0 available at /export/drive2/jstine/Xilinx/Vivado/2023.2/data/xhub/boards/XilinxBoardStore/boards/Xilinx/zcu216ld/production/2.0/board.xml as part xczu59dr-ffvf1760-2-i specified in board_part file is either invalid or not available
WARNING: [Board 49-26] cannot add Board Part xilinx.com:zcu670:part0:2.0 available at /export/drive2/jstine/Xilinx/Vivado/2023.2/data/xhub/boards/XilinxBoardStore/boards/Xilinx/zcu670/2.0/board.xml as part xczu67dr-fsve1156-2-i specified in board_part file is either invalid or not available
WARNING: [Board 49-26] cannot add Board Part xilinx.com:zcu670ld:part0:1.0 available at /export/drive2/jstine/Xilinx/Vivado/2023.2/data/xhub/boards/XilinxBoardStore/boards/Xilinx/zcu670ld/1.0/board.xml as part xczu57dr-fsve1156-2-i specified in board_part file is either invalid or not available
open_project /home/jstine/ecen4243S25/lab2/fpga/lab2.xpr
INFO: [Project 1-313] Project file moved from '/home/ross/repos/ELVIS/lab2' since last save.
CRITICAL WARNING: [Project 1-311] Could not find the file '/home/jstine/ecen4243S25/lab2/fpga/src/riscv_single.sv', nor could it be found using path '/home/ross/repos/ELVIS/lab2/src/riscv_single.sv'.
CRITICAL WARNING: [Project 1-311] Could not find the file '/home/jstine/ecen4243S25/lab2/fpga/lab2.srcs/sources_1/imports/Desktop/top.v', nor could it be found using path '/home/ross/repos/ELVIS/lab2/lab2.srcs/sources_1/imports/Desktop/top.v'.
CRITICAL WARNING: [Project 1-311] Could not find the file '/home/jstine/ecen4243S25/lab2/fpga/lab2.srcs/sources_1/imports/Desktop/imem.v', nor could it be found using path '/home/ross/repos/ELVIS/lab2/lab2.srcs/sources_1/imports/Desktop/imem.v'.
CRITICAL WARNING: [Project 1-311] Could not find the file '/home/jstine/ecen4243S25/lab2/fpga/lab2.srcs/sources_1/imports/Desktop/memcontroller.v', nor could it be found using path '/home/ross/repos/ELVIS/lab2/lab2.srcs/sources_1/imports/Desktop/memcontroller.v'.
Scanning sources...
Finished scanning sources
INFO: [IP_Flow 19-234] Refreshing IP repositories
INFO: [IP_Flow 19-1700] Loaded user IP repository '/home/jstine/ecen4243S25/lab2/fpga/lab2.ipdefs/ip_repo_BAK_0_0_0'.
INFO: [IP_Flow 19-2313] Loaded Vivado IP repository '/export/drive2/jstine/Xilinx/Vivado/2023.2/data/ip'.
WARNING: [BD 41-1661] One or more IPs have been locked in the design 'design_1.bd'. Please run report_ip_status for more details and recommendations on how to fix this issue.
List of locked IPs:
design_1_rst_ps7_0_50M_0
design_1_axi_smc_0

INFO: [Project 1-230] Project 'lab2.xpr' upgraded for this version of Vivado.
update_compile_order -fileset sources_1
report_ip_status -name ip_status 
export_ip_user_files -of_objects  [get_files /home/jstine/ecen4243S25/lab2/fpga/lab2.srcs/sources_1/imports/Desktop/imem.v] -no_script -reset -force -quiet
export_ip_user_files -of_objects  [get_files /home/jstine/ecen4243S25/lab2/fpga/lab2.srcs/sources_1/imports/Desktop/memcontroller.v] -no_script -reset -force -quiet
export_ip_user_files -of_objects  [get_files /home/jstine/ecen4243S25/lab2/fpga/lab2.srcs/sources_1/imports/Desktop/top.v] -no_script -reset -force -quiet
export_ip_user_files -of_objects  [get_files /home/jstine/ecen4243S25/lab2/fpga/src/riscv_single.sv] -no_script -reset -force -quiet
remove_files  {/home/jstine/ecen4243S25/lab2/fpga/lab2.srcs/sources_1/imports/Desktop/imem.v /home/jstine/ecen4243S25/lab2/fpga/lab2.srcs/sources_1/imports/Desktop/memcontroller.v /home/jstine/ecen4243S25/lab2/fpga/lab2.srcs/sources_1/imports/Desktop/top.v /home/jstine/ecen4243S25/lab2/fpga/src/riscv_single.sv}
upgrade_ip [get_ips  {design_1_axi_smc_0 design_1_rst_ps7_0_50M_0}] -log ip_upgrade.log
Reading block design file </home/jstine/ecen4243S25/lab2/fpga/lab2.srcs/sources_1/bd/design_1/design_1.bd>...
Adding component instance block -- xilinx.com:ip:processing_system7:5.5 - processing_system7_0
Adding component instance block -- okstate.edu:user:AXI_Converter:1.1 - AXI_Converter_0
Adding component instance block -- xilinx.com:ip:proc_sys_reset:5.0 - rst_ps7_0_50M
Adding component instance block -- xilinx.com:ip:smartconnect:1.0 - axi_smc
Adding component instance block -- xilinx.com:module_ref:top:1.0 - top_0
Successfully read diagram <design_1> from block design file </home/jstine/ecen4243S25/lab2/fpga/lab2.srcs/sources_1/bd/design_1/design_1.bd>
Upgrading '/home/jstine/ecen4243S25/lab2/fpga/lab2.srcs/sources_1/bd/design_1/design_1.bd'
INFO: [IP_Flow 19-3422] Upgraded design_1_axi_smc_0 (AXI SmartConnect 1.0) from revision 14 to revision 21
INFO: [IP_Flow 19-3422] Upgraded design_1_rst_ps7_0_50M_0 (Processor System Reset 5.0) from revision 13 to revision 14
Wrote  : </home/jstine/ecen4243S25/lab2/fpga/lab2.srcs/sources_1/bd/design_1/design_1.bd> 
Wrote  : </home/jstine/ecen4243S25/lab2/fpga/lab2.srcs/sources_1/bd/design_1/ui/bd_1f5defd0.ui> 
INFO: [Coretcl 2-1525] Wrote upgrade log to '/home/jstine/ecen4243S25/lab2/fpga/ip_upgrade.log'.
export_ip_user_files -of_objects [get_ips {design_1_axi_smc_0 design_1_rst_ps7_0_50M_0}] -no_script -sync -force -quiet
update_module_reference [get_ips  design_1_top_0_0]
INFO: [IP_Flow 19-5107] Inferred bus interface 'reset' of definition 'xilinx.com:signal:reset:1.0' (from Xilinx Repository).
INFO: [IP_Flow 19-5107] Inferred bus interface 'clk' of definition 'xilinx.com:signal:clock:1.0' (from Xilinx Repository).
INFO: [IP_Flow 19-4728] Bus Interface 'clk': Added interface parameter 'ASSOCIATED_RESET' with value 'reset'.
WARNING: [IP_Flow 19-5661] Bus Interface 'clk' does not have any bus interfaces associated with it.
WARNING: [IP_Flow 19-11770] Clock interface 'clk' has no FREQ_HZ parameter.
INFO: [IP_Flow 19-5107] Inferred bus interface 'reset' of definition 'xilinx.com:signal:reset:1.0' (from Xilinx Repository).
INFO: [IP_Flow 19-5107] Inferred bus interface 'clk' of definition 'xilinx.com:signal:clock:1.0' (from Xilinx Repository).
INFO: [IP_Flow 19-4728] Bus Interface 'clk': Added interface parameter 'ASSOCIATED_RESET' with value 'reset'.
WARNING: [IP_Flow 19-5661] Bus Interface 'clk' does not have any bus interfaces associated with it.
WARNING: [IP_Flow 19-11770] Clock interface 'clk' has no FREQ_HZ parameter.
Upgrading '/home/jstine/ecen4243S25/lab2/fpga/lab2.srcs/sources_1/bd/design_1/design_1.bd'
INFO: [IP_Flow 19-3420] Updated design_1_top_0_0 to use current project options
Wrote  : </home/jstine/ecen4243S25/lab2/fpga/lab2.srcs/sources_1/bd/design_1/design_1.bd> 
generate_target all [get_files  /home/jstine/ecen4243S25/lab2/fpga/lab2.srcs/sources_1/bd/design_1/design_1.bd]
WARNING: [BD 5-700] No address spaces matched 'get_bd_addr_spaces -of_objects /processing_system7_0 -filter {path == /processing_system7_0/Data}'
WARNING: [BD 5-699] No address segments matched 'get_bd_addr_segs -of_objects {}'
INFO: [BD 5-943] Reserving offset range <0x0000_0000 [ 512M ]> from slave interface '/axi_smc/S00_AXI' to master interface '/axi_smc/M00_AXI'. This will be used by smartconnect on path for routing.
INFO: [xilinx.com:ip:smartconnect:1.0-1] design_1_axi_smc_0: SmartConnect design_1_axi_smc_0 is in High-performance Mode.
WARNING: [BD 41-237] Bus Interface property AWUSER_WIDTH does not match between /processing_system7_0/S_AXI_HP0(0) and /axi_smc/M00_AXI(1)
WARNING: [BD 41-237] Bus Interface property ARUSER_WIDTH does not match between /processing_system7_0/S_AXI_HP0(0) and /axi_smc/M00_AXI(1)
WARNING: [BD 41-237] Bus Interface property BUSER_WIDTH does not match between /processing_system7_0/S_AXI_HP0(0) and /axi_smc/M00_AXI(1)
Wrote  : </home/jstine/ecen4243S25/lab2/fpga/lab2.srcs/sources_1/bd/design_1/design_1.bd> 
Verilog Output written to : /home/jstine/ecen4243S25/lab2/fpga/lab2.srcs/sources_1/bd/design_1/synth/design_1.v
Verilog Output written to : /home/jstine/ecen4243S25/lab2/fpga/lab2.srcs/sources_1/bd/design_1/sim/design_1.v
Verilog Output written to : /home/jstine/ecen4243S25/lab2/fpga/lab2.srcs/sources_1/bd/design_1/hdl/design_1_wrapper.v
Exporting to file /home/jstine/ecen4243S25/lab2/fpga/lab2.srcs/sources_1/bd/design_1/ip/design_1_axi_smc_0/bd_0/hw_handoff/design_1_axi_smc_0.hwh
Generated Hardware Definition File /home/jstine/ecen4243S25/lab2/fpga/lab2.srcs/sources_1/bd/design_1/ip/design_1_axi_smc_0/bd_0/synth/design_1_axi_smc_0.hwdef
INFO: [BD 41-1029] Generation completed for the IP Integrator block axi_smc .
INFO: [BD 41-1029] Generation completed for the IP Integrator block rst_ps7_0_50M .
INFO: [BD 41-1029] Generation completed for the IP Integrator block top_0 .
Exporting to file /home/jstine/ecen4243S25/lab2/fpga/lab2.srcs/sources_1/bd/design_1/hw_handoff/design_1.hwh
Generated Hardware Definition File /home/jstine/ecen4243S25/lab2/fpga/lab2.srcs/sources_1/bd/design_1/synth/design_1.hwdef
generate_target: Time (s): cpu = 00:00:10 ; elapsed = 00:00:07 . Memory (MB): peak = 8339.230 ; gain = 20.656 ; free physical = 15894 ; free virtual = 23411
catch { config_ip_cache -export [get_ips -all design_1_axi_smc_0] }
INFO: [IP_Flow 19-6924] IPCACHE: Running cache check for IP inst: design_1_axi_smc_0
catch { config_ip_cache -export [get_ips -all design_1_rst_ps7_0_50M_0] }
INFO: [IP_Flow 19-6924] IPCACHE: Running cache check for IP inst: design_1_rst_ps7_0_50M_0
catch { config_ip_cache -export [get_ips -all design_1_top_0_0] }
INFO: [IP_Flow 19-6924] IPCACHE: Running cache check for IP inst: design_1_top_0_0
export_ip_user_files -of_objects [get_files /home/jstine/ecen4243S25/lab2/fpga/lab2.srcs/sources_1/bd/design_1/design_1.bd] -no_script -sync -force -quiet
create_ip_run [get_files -of_objects [get_fileset sources_1] /home/jstine/ecen4243S25/lab2/fpga/lab2.srcs/sources_1/bd/design_1/design_1.bd]
launch_runs design_1_axi_smc_0_synth_1 design_1_rst_ps7_0_50M_0_synth_1 design_1_top_0_0_synth_1 -jobs 10
INFO: [IP_Flow 19-6924] IPCACHE: Running cache check for IP inst: design_1_axi_smc_0
INFO: [IP_Flow 19-6924] IPCACHE: Running cache check for IP inst: design_1_rst_ps7_0_50M_0
INFO: [IP_Flow 19-6924] IPCACHE: Running cache check for IP inst: design_1_top_0_0
[Tue Mar 11 08:32:43 2025] Launched design_1_axi_smc_0_synth_1, design_1_rst_ps7_0_50M_0_synth_1, design_1_top_0_0_synth_1...
Run output will be captured here:
design_1_axi_smc_0_synth_1: /home/jstine/ecen4243S25/lab2/fpga/lab2.runs/design_1_axi_smc_0_synth_1/runme.log
design_1_rst_ps7_0_50M_0_synth_1: /home/jstine/ecen4243S25/lab2/fpga/lab2.runs/design_1_rst_ps7_0_50M_0_synth_1/runme.log
design_1_top_0_0_synth_1: /home/jstine/ecen4243S25/lab2/fpga/lab2.runs/design_1_top_0_0_synth_1/runme.log
export_simulation -of_objects [get_files /home/jstine/ecen4243S25/lab2/fpga/lab2.srcs/sources_1/bd/design_1/design_1.bd] -directory /home/jstine/ecen4243S25/lab2/fpga/lab2.ip_user_files/sim_scripts -ip_user_files_dir /home/jstine/ecen4243S25/lab2/fpga/lab2.ip_user_files -ipstatic_source_dir /home/jstine/ecen4243S25/lab2/fpga/lab2.ip_user_files/ipstatic -lib_map_path [list {modelsim=/home/jstine/ecen4243S25/lab2/fpga/lab2.cache/compile_simlib/modelsim} {questa=/home/jstine/ecen4243S25/lab2/fpga/lab2.cache/compile_simlib/questa} {xcelium=/home/jstine/ecen4243S25/lab2/fpga/lab2.cache/compile_simlib/xcelium} {vcs=/home/jstine/ecen4243S25/lab2/fpga/lab2.cache/compile_simlib/vcs} {riviera=/home/jstine/ecen4243S25/lab2/fpga/lab2.cache/compile_simlib/riviera}] -use_ip_compiled_libs -force -quiet
archive_project /home/jstine/lab2.xpr.zip -force -include_local_ip_cache
INFO: [Coretcl 2-137] starting archive...
INFO: [Coretcl 2-1499] Saving project copy to temporary location './.Xil/Vivado-937952-iq9' for archiving project
Scanning sources...
Finished scanning sources
INFO: [IP_Flow 19-234] Refreshing IP repositories
INFO: [IP_Flow 19-1700] Loaded user IP repository '/home/jstine/ecen4243S25/lab2/fpga/lab2.ipdefs/ip_repo_BAK_0_0_0'.
INFO: [IP_Flow 19-2313] Loaded Vivado IP repository '/export/drive2/jstine/Xilinx/Vivado/2023.2/data/ip'.
WARNING: [IP_Flow 19-3664] IP 'design_1_top_0_0' generated file not found '/home/jstine/ecen4243S25/lab2/fpga/lab2.srcs/sources_1/bd/design_1/ip/design_1_top_0_0/design_1_top_0_0.dcp'. Please regenerate to continue.
WARNING: [IP_Flow 19-3664] IP 'design_1_top_0_0' generated file not found '/home/jstine/ecen4243S25/lab2/fpga/lab2.srcs/sources_1/bd/design_1/ip/design_1_top_0_0/design_1_top_0_0_stub.v'. Please regenerate to continue.
WARNING: [IP_Flow 19-3664] IP 'design_1_top_0_0' generated file not found '/home/jstine/ecen4243S25/lab2/fpga/lab2.srcs/sources_1/bd/design_1/ip/design_1_top_0_0/design_1_top_0_0_stub.vhdl'. Please regenerate to continue.
WARNING: [IP_Flow 19-3664] IP 'design_1_top_0_0' generated file not found '/home/jstine/ecen4243S25/lab2/fpga/lab2.srcs/sources_1/bd/design_1/ip/design_1_top_0_0/design_1_top_0_0_sim_netlist.v'. Please regenerate to continue.
WARNING: [IP_Flow 19-3664] IP 'design_1_top_0_0' generated file not found '/home/jstine/ecen4243S25/lab2/fpga/lab2.srcs/sources_1/bd/design_1/ip/design_1_top_0_0/design_1_top_0_0_sim_netlist.vhdl'. Please regenerate to continue.
INFO: [Coretcl 2-1211] Creating project copy for archival...
CRITICAL WARNING: [IP_Flow 19-4299] Failed to copy '/home/jstine/ecen4243S25/lab2/fpga/lab2.srcs/sources_1/bd/design_1/ip/design_1_top_0_0/design_1_top_0_0.dcp' to '/home/jstine/ecen4243S25/lab2/fpga/.Xil/Vivado-937952-iq9/PrjAr/_X_/lab2.srcs/sources_1/bd/design_1/ip/design_1_top_0_0/design_1_top_0_0.dcp'
CRITICAL WARNING: [IP_Flow 19-4299] Failed to copy '/home/jstine/ecen4243S25/lab2/fpga/lab2.srcs/sources_1/bd/design_1/ip/design_1_top_0_0/design_1_top_0_0_stub.v' to '/home/jstine/ecen4243S25/lab2/fpga/.Xil/Vivado-937952-iq9/PrjAr/_X_/lab2.srcs/sources_1/bd/design_1/ip/design_1_top_0_0/design_1_top_0_0_stub.v'
CRITICAL WARNING: [IP_Flow 19-4299] Failed to copy '/home/jstine/ecen4243S25/lab2/fpga/lab2.srcs/sources_1/bd/design_1/ip/design_1_top_0_0/design_1_top_0_0_stub.vhdl' to '/home/jstine/ecen4243S25/lab2/fpga/.Xil/Vivado-937952-iq9/PrjAr/_X_/lab2.srcs/sources_1/bd/design_1/ip/design_1_top_0_0/design_1_top_0_0_stub.vhdl'
CRITICAL WARNING: [IP_Flow 19-4299] Failed to copy '/home/jstine/ecen4243S25/lab2/fpga/lab2.srcs/sources_1/bd/design_1/ip/design_1_top_0_0/design_1_top_0_0_sim_netlist.v' to '/home/jstine/ecen4243S25/lab2/fpga/.Xil/Vivado-937952-iq9/PrjAr/_X_/lab2.srcs/sources_1/bd/design_1/ip/design_1_top_0_0/design_1_top_0_0_sim_netlist.v'
CRITICAL WARNING: [IP_Flow 19-4299] Failed to copy '/home/jstine/ecen4243S25/lab2/fpga/lab2.srcs/sources_1/bd/design_1/ip/design_1_top_0_0/design_1_top_0_0_sim_netlist.vhdl' to '/home/jstine/ecen4243S25/lab2/fpga/.Xil/Vivado-937952-iq9/PrjAr/_X_/lab2.srcs/sources_1/bd/design_1/ip/design_1_top_0_0/design_1_top_0_0_sim_netlist.vhdl'
INFO: [IP_Flow 19-5107] Inferred bus interface 'reset' of definition 'xilinx.com:signal:reset:1.0' (from Xilinx Repository).
INFO: [IP_Flow 19-5107] Inferred bus interface 'clk' of definition 'xilinx.com:signal:clock:1.0' (from Xilinx Repository).
INFO: [IP_Flow 19-4728] Bus Interface 'clk': Added interface parameter 'ASSOCIATED_RESET' with value 'reset'.
WARNING: [IP_Flow 19-5661] Bus Interface 'clk' does not have any bus interfaces associated with it.
WARNING: [IP_Flow 19-11770] Clock interface 'clk' has no FREQ_HZ parameter.
INFO: [Coretcl 2-1213] Including run results for 'synth_1'
INFO: [Coretcl 2-1213] Including run results for 'design_1_processing_system7_0_0_synth_1'
INFO: [Coretcl 2-1213] Including run results for 'design_1_AXI_Converter_0_0_synth_1'
INFO: [Coretcl 2-1213] Including run results for 'design_1_axi_smc_0_synth_1'
INFO: [Coretcl 2-1213] Including run results for 'design_1_rst_ps7_0_50M_0_synth_1'
INFO: [Coretcl 2-1213] Including run results for 'design_1_top_0_0_synth_1'
INFO: [Coretcl 2-1213] Including run results for 'impl_1'
INFO: [Coretcl 2-133] re-setting run 'design_1_processing_system7_0_0_impl_1'...
INFO: [Coretcl 2-133] re-setting run 'design_1_AXI_Converter_0_0_impl_1'...
INFO: [Coretcl 2-133] re-setting run 'design_1_axi_smc_0_impl_1'...
INFO: [Coretcl 2-133] re-setting run 'design_1_rst_ps7_0_50M_0_impl_1'...
INFO: [Coretcl 2-133] re-setting run 'design_1_top_0_0_impl_1'...
INFO: [Coretcl 2-1212] Importing remotely added design sources and verilog include files (if any)...
INFO: [filemgmt 20-334] All file(s) are already imported in fileset: 'design_1_AXI_Converter_0_0'
INFO: [filemgmt 20-348] Importing the appropriate files for fileset: 'design_1_AXI_Converter_0_0'
INFO: [filemgmt 20-334] All file(s) are already imported in fileset: 'design_1_axi_smc_0'
INFO: [filemgmt 20-348] Importing the appropriate files for fileset: 'design_1_axi_smc_0'
INFO: [filemgmt 20-334] All file(s) are already imported in fileset: 'design_1_processing_system7_0_0'
INFO: [filemgmt 20-348] Importing the appropriate files for fileset: 'design_1_processing_system7_0_0'
INFO: [filemgmt 20-334] All file(s) are already imported in fileset: 'design_1_rst_ps7_0_50M_0'
INFO: [filemgmt 20-348] Importing the appropriate files for fileset: 'design_1_rst_ps7_0_50M_0'
INFO: [filemgmt 20-334] All file(s) are already imported in fileset: 'design_1_top_0_0'
INFO: [filemgmt 20-348] Importing the appropriate files for fileset: 'design_1_top_0_0'
INFO: [filemgmt 20-334] All file(s) are already imported in fileset: 'constrs_1'
INFO: [filemgmt 20-348] Importing the appropriate files for fileset: 'constrs_1'
INFO: [filemgmt 20-348] Importing the appropriate files for fileset: 'sources_1'
