#-----------------------------------------------------------
# Vivado v2023.2 (64-bit)
# SW Build 4029153 on Fri Oct 13 20:13:54 MDT 2023
# IP Build 4028589 on Sat Oct 14 00:45:43 MDT 2023
# SharedData Build 4025554 on Tue Oct 10 17:18:54 MDT 2023
# Start of session at: Mon Dec  8 14:31:27 2025
# Process ID: 126651
# Current directory: /home/ece-admin/ecen4243S25/lab2/lab2
# Command line: vivado
# Log file: /home/ece-admin/ecen4243S25/lab2/lab2/vivado.log
# Journal file: /home/ece-admin/ecen4243S25/lab2/lab2/vivado.jou
# Running On: CEAT-ENDV350-07L, OS: Linux, CPU Frequency: 800.000 MHz, CPU Physical cores: 14, Host memory: 16437 MB
#-----------------------------------------------------------
start_gui
WARNING: [Board 49-26] cannot add Board Part xilinx.com:kcu105:part0:1.6 available at /opt/Xilinx/Vivado/2023.2/data/xhub/boards/XilinxBoardStore/boards/Xilinx/kcu105/1.6/board.xml as part xcku040-ffva1156-2-e specified in board_part file is either invalid or not available
WARNING: [Board 49-26] cannot add Board Part xilinx.com:kcu105:part0:1.7 available at /opt/Xilinx/Vivado/2023.2/data/xhub/boards/XilinxBoardStore/boards/Xilinx/kcu105/1.7/board.xml as part xcku040-ffva1156-2-e specified in board_part file is either invalid or not available
WARNING: [Board 49-26] cannot add Board Part xilinx.com:kcu116:part0:1.4 available at /opt/Xilinx/Vivado/2023.2/data/xhub/boards/XilinxBoardStore/boards/Xilinx/kcu116/1.4/board.xml as part xcku5p-ffvb676-2-e specified in board_part file is either invalid or not available
WARNING: [Board 49-26] cannot add Board Part xilinx.com:kcu116:part0:1.5 available at /opt/Xilinx/Vivado/2023.2/data/xhub/boards/XilinxBoardStore/boards/Xilinx/kcu116/1.5/board.xml as part xcku5p-ffvb676-2-e specified in board_part file is either invalid or not available
WARNING: [Board 49-26] cannot add Board Part xilinx.com:kcu1500:part0:1.2 available at /opt/Xilinx/Vivado/2023.2/data/xhub/boards/XilinxBoardStore/boards/Xilinx/kcu1500/1.2/board.xml as part xcku115-flvb2104-2-e specified in board_part file is either invalid or not available
WARNING: [Board 49-26] cannot add Board Part xilinx.com:vck190:part0:2.2 available at /opt/Xilinx/Vivado/2023.2/data/xhub/boards/XilinxBoardStore/boards/Xilinx/vck190/production/2.2/board.xml as part xcvc1902-vsva2197-2mp-e-s specified in board_part file is either invalid or not available
WARNING: [Board 49-26] cannot add Board Part xilinx.com:vck190:part0:3.0 available at /opt/Xilinx/Vivado/2023.2/data/xhub/boards/XilinxBoardStore/boards/Xilinx/vck190/production/3.0/board.xml as part xcvc1902-vsva2197-2mp-e-s specified in board_part file is either invalid or not available
WARNING: [Board 49-26] cannot add Board Part xilinx.com:vck190:part0:3.1 available at /opt/Xilinx/Vivado/2023.2/data/xhub/boards/XilinxBoardStore/boards/Xilinx/vck190/production/3.1/board.xml as part xcvc1902-vsva2197-2mp-e-s specified in board_part file is either invalid or not available
WARNING: [Board 49-26] cannot add Board Part xilinx.com:vck190:part0:3.2 available at /opt/Xilinx/Vivado/2023.2/data/xhub/boards/XilinxBoardStore/boards/Xilinx/vck190/production/3.2/board.xml as part xcvc1902-vsva2197-2mp-e-s specified in board_part file is either invalid or not available
WARNING: [Board 49-26] cannot add Board Part xilinx.com:vck190_newl:part0:1.0 available at /opt/Xilinx/Vivado/2023.2/data/xhub/boards/XilinxBoardStore/boards/Xilinx/vck190_newl/production/1.0/board.xml as part xcvc1902-vsva2197-2mp-e-s specified in board_part file is either invalid or not available
WARNING: [Board 49-26] cannot add Board Part xilinx.com:vck190_newl:part0:1.1 available at /opt/Xilinx/Vivado/2023.2/data/xhub/boards/XilinxBoardStore/boards/Xilinx/vck190_newl/production/1.1/board.xml as part xcvc1902-vsva2197-2mp-e-s specified in board_part file is either invalid or not available
WARNING: [Board 49-26] cannot add Board Part xilinx.com:vcu108:part0:1.6 available at /opt/Xilinx/Vivado/2023.2/data/xhub/boards/XilinxBoardStore/boards/Xilinx/vcu108/1.6/board.xml as part xcvu095-ffva2104-2-e specified in board_part file is either invalid or not available
WARNING: [Board 49-26] cannot add Board Part xilinx.com:vcu108:part0:1.7 available at /opt/Xilinx/Vivado/2023.2/data/xhub/boards/XilinxBoardStore/boards/Xilinx/vcu108/1.7/board.xml as part xcvu095-ffva2104-2-e specified in board_part file is either invalid or not available
WARNING: [Board 49-26] cannot add Board Part xilinx.com:vcu110:part0:1.4 available at /opt/Xilinx/Vivado/2023.2/data/xhub/boards/XilinxBoardStore/boards/Xilinx/vcu110/1.4/board.xml as part xcvu190-flgc2104-2-e specified in board_part file is either invalid or not available
WARNING: [Board 49-26] cannot add Board Part xilinx.com:vcu118:part0:2.0 available at /opt/Xilinx/Vivado/2023.2/data/xhub/boards/XilinxBoardStore/boards/Xilinx/vcu118/2.0/board.xml as part xcvu9p-flga2104-2l-e specified in board_part file is either invalid or not available
WARNING: [Board 49-26] cannot add Board Part xilinx.com:vcu118:part0:2.3 available at /opt/Xilinx/Vivado/2023.2/data/xhub/boards/XilinxBoardStore/boards/Xilinx/vcu118/2.3/board.xml as part xcvu9p-flga2104-2l-e specified in board_part file is either invalid or not available
WARNING: [Board 49-26] cannot add Board Part xilinx.com:vcu118:part0:2.4 available at /opt/Xilinx/Vivado/2023.2/data/xhub/boards/XilinxBoardStore/boards/Xilinx/vcu118/2.4/board.xml as part xcvu9p-flga2104-2l-e specified in board_part file is either invalid or not available
WARNING: [Board 49-26] cannot add Board Part xilinx.com:vcu128:part0:1.0 available at /opt/Xilinx/Vivado/2023.2/data/xhub/boards/XilinxBoardStore/boards/Xilinx/vcu128/production/1.0/board.xml as part xcvu37p-fsvh2892-2l-e specified in board_part file is either invalid or not available
WARNING: [Board 49-26] cannot add Board Part xilinx.com:vcu129:part0:1.0 available at /opt/Xilinx/Vivado/2023.2/data/xhub/boards/XilinxBoardStore/boards/Xilinx/vcu129/production/1.0/board.xml as part xcvu29p-fsga2577-2l-e specified in board_part file is either invalid or not available
WARNING: [Board 49-26] cannot add Board Part xilinx.com:vcu1525:part0:1.3 available at /opt/Xilinx/Vivado/2023.2/data/xhub/boards/XilinxBoardStore/boards/Xilinx/vcu1525/1.3/board.xml as part xcvu9p-fsgd2104-2l-e specified in board_part file is either invalid or not available
WARNING: [Board 49-26] cannot add Board Part xilinx.com:vek280:part0:1.0 available at /opt/Xilinx/Vivado/2023.2/data/xhub/boards/XilinxBoardStore/boards/Xilinx/vek280/production/1.0/board.xml as part xcve2802-vsvh1760-2mp-e-s specified in board_part file is either invalid or not available
WARNING: [Board 49-26] cannot add Board Part xilinx.com:vek280_es:part0:1.0 available at /opt/Xilinx/Vivado/2023.2/data/xhub/boards/XilinxBoardStore/boards/Xilinx/vek280/es/rev_a/1.0/board.xml as part xcve2802-vsvh1760-2lp-e-s-es1 specified in board_part file is either invalid or not available
WARNING: [Board 49-26] cannot add Board Part xilinx.com:vek280_es:part0:1.1 available at /opt/Xilinx/Vivado/2023.2/data/xhub/boards/XilinxBoardStore/boards/Xilinx/vek280/es/rev_a/1.1/board.xml as part xcve2802-vsvh1760-2lp-e-s-es1 specified in board_part file is either invalid or not available
WARNING: [Board 49-26] cannot add Board Part xilinx.com:vek280_es_revb:part0:1.0 available at /opt/Xilinx/Vivado/2023.2/data/xhub/boards/XilinxBoardStore/boards/Xilinx/vek280/es/rev_b/1.0/board.xml as part xcve2802-vsvh1760-2mp-e-s-es1 specified in board_part file is either invalid or not available
WARNING: [Board 49-26] cannot add Board Part xilinx.com:vek280_es_revb:part0:1.1 available at /opt/Xilinx/Vivado/2023.2/data/xhub/boards/XilinxBoardStore/boards/Xilinx/vek280/es/rev_b/1.1/board.xml as part xcve2802-vsvh1760-2mp-e-s-es1 specified in board_part file is either invalid or not available
WARNING: [Board 49-26] cannot add Board Part xilinx.com:vhk158:part0:1.0 available at /opt/Xilinx/Vivado/2023.2/data/xhub/boards/XilinxBoardStore/boards/Xilinx/vhk158/production/1.0/board.xml as part xcvh1582-vsva3697-2mp-e-s specified in board_part file is either invalid or not available
WARNING: [Board 49-26] cannot add Board Part xilinx.com:vhk158:part0:1.1 available at /opt/Xilinx/Vivado/2023.2/data/xhub/boards/XilinxBoardStore/boards/Xilinx/vhk158/production/1.1/board.xml as part xcvh1582-vsva3697-2mp-e-s specified in board_part file is either invalid or not available
WARNING: [Board 49-26] cannot add Board Part xilinx.com:vhk158_es:part0:1.0 available at /opt/Xilinx/Vivado/2023.2/data/xhub/boards/XilinxBoardStore/boards/Xilinx/vhk158/es/1.0/board.xml as part xcvh1582-vsva3697-2mp-e-s-es1 specified in board_part file is either invalid or not available
WARNING: [Board 49-26] cannot add Board Part xilinx.com:vhk158_es:part0:1.1 available at /opt/Xilinx/Vivado/2023.2/data/xhub/boards/XilinxBoardStore/boards/Xilinx/vhk158/es/1.1/board.xml as part xcvh1582-vsva3697-2mp-e-s-es1 specified in board_part file is either invalid or not available
WARNING: [Board 49-26] cannot add Board Part xilinx.com:vmk180:part0:2.2 available at /opt/Xilinx/Vivado/2023.2/data/xhub/boards/XilinxBoardStore/boards/Xilinx/vmk180/production/2.2/board.xml as part xcvm1802-vsva2197-2mp-e-s specified in board_part file is either invalid or not available
WARNING: [Board 49-26] cannot add Board Part xilinx.com:vmk180:part0:3.0 available at /opt/Xilinx/Vivado/2023.2/data/xhub/boards/XilinxBoardStore/boards/Xilinx/vmk180/production/3.0/board.xml as part xcvm1802-vsva2197-2mp-e-s specified in board_part file is either invalid or not available
WARNING: [Board 49-26] cannot add Board Part xilinx.com:vmk180:part0:3.1 available at /opt/Xilinx/Vivado/2023.2/data/xhub/boards/XilinxBoardStore/boards/Xilinx/vmk180/production/3.1/board.xml as part xcvm1802-vsva2197-2mp-e-s specified in board_part file is either invalid or not available
WARNING: [Board 49-26] cannot add Board Part xilinx.com:vmk180:part0:3.2 available at /opt/Xilinx/Vivado/2023.2/data/xhub/boards/XilinxBoardStore/boards/Xilinx/vmk180/production/3.2/board.xml as part xcvm1802-vsva2197-2mp-e-s specified in board_part file is either invalid or not available
WARNING: [Board 49-26] cannot add Board Part xilinx.com:vmk180_newl:part0:1.0 available at /opt/Xilinx/Vivado/2023.2/data/xhub/boards/XilinxBoardStore/boards/Xilinx/vmk180_newl/production/1.0/board.xml as part xcvm1802-vsva2197-2mp-e-s specified in board_part file is either invalid or not available
WARNING: [Board 49-26] cannot add Board Part xilinx.com:vmk180_newl:part0:1.1 available at /opt/Xilinx/Vivado/2023.2/data/xhub/boards/XilinxBoardStore/boards/Xilinx/vmk180_newl/production/1.1/board.xml as part xcvm1802-vsva2197-2mp-e-s specified in board_part file is either invalid or not available
WARNING: [Board 49-26] cannot add Board Part xilinx.com:vpk120:part0:1.0 available at /opt/Xilinx/Vivado/2023.2/data/xhub/boards/XilinxBoardStore/boards/Xilinx/vpk120/production/1.0/board.xml as part xcvp1202-vsva2785-2mp-e-s specified in board_part file is either invalid or not available
WARNING: [Board 49-26] cannot add Board Part xilinx.com:vpk120:part0:1.1 available at /opt/Xilinx/Vivado/2023.2/data/xhub/boards/XilinxBoardStore/boards/Xilinx/vpk120/production/1.1/board.xml as part xcvp1202-vsva2785-2mp-e-s specified in board_part file is either invalid or not available
WARNING: [Board 49-26] cannot add Board Part xilinx.com:vpk120:part0:1.2 available at /opt/Xilinx/Vivado/2023.2/data/xhub/boards/XilinxBoardStore/boards/Xilinx/vpk120/production/1.2/board.xml as part xcvp1202-vsva2785-2mp-e-s specified in board_part file is either invalid or not available
WARNING: [Board 49-26] cannot add Board Part xilinx.com:vpk180:part0:1.0 available at /opt/Xilinx/Vivado/2023.2/data/xhub/boards/XilinxBoardStore/boards/Xilinx/vpk180/production/1.0/board.xml as part xcvp1802-lsvc4072-2mp-e-s specified in board_part file is either invalid or not available
WARNING: [Board 49-26] cannot add Board Part xilinx.com:vpk180:part0:1.1 available at /opt/Xilinx/Vivado/2023.2/data/xhub/boards/XilinxBoardStore/boards/Xilinx/vpk180/production/1.1/board.xml as part xcvp1802-lsvc4072-2mp-e-s specified in board_part file is either invalid or not available
WARNING: [Board 49-26] cannot add Board Part xilinx.com:zcu208ld:part0:2.0 available at /opt/Xilinx/Vivado/2023.2/data/xhub/boards/XilinxBoardStore/boards/Xilinx/zcu208ld/production/2.0/board.xml as part xczu58dr-fsvg1517-2-i specified in board_part file is either invalid or not available
WARNING: [Board 49-26] cannot add Board Part xilinx.com:zcu216ld:part0:2.0 available at /opt/Xilinx/Vivado/2023.2/data/xhub/boards/XilinxBoardStore/boards/Xilinx/zcu216ld/production/2.0/board.xml as part xczu59dr-ffvf1760-2-i specified in board_part file is either invalid or not available
WARNING: [Board 49-26] cannot add Board Part xilinx.com:zcu670:part0:2.0 available at /opt/Xilinx/Vivado/2023.2/data/xhub/boards/XilinxBoardStore/boards/Xilinx/zcu670/2.0/board.xml as part xczu67dr-fsve1156-2-i specified in board_part file is either invalid or not available
WARNING: [Board 49-26] cannot add Board Part xilinx.com:zcu670ld:part0:1.0 available at /opt/Xilinx/Vivado/2023.2/data/xhub/boards/XilinxBoardStore/boards/Xilinx/zcu670ld/1.0/board.xml as part xczu57dr-fsve1156-2-i specified in board_part file is either invalid or not available
open_project /home/ece-admin/ecen4243S25/lab2/lab2/lab2.xpr
INFO: [Project 1-313] Project file moved from '/home/jstine/ecen4243S25/lab2/fpga/.Xil/Vivado-937952-iq9/PrjAr/_X_' since last save.
Scanning sources...
Finished scanning sources
INFO: [Project 1-1877] Auto incremental dir location '/home/lab2.srcs/utils_1/imports/synth_1' of run 'synth_1' is not writable, setting it to default location '/home/ece-admin/ecen4243S25/lab2/lab2/lab2.srcs/utils_1/imports/synth_1'.
INFO: [Project 1-1877] Auto incremental dir location '/home/lab2.srcs/utils_1/imports/synth_1' of run 'synth_1' is not writable, setting it to default location '/home/ece-admin/ecen4243S25/lab2/lab2/lab2.srcs/utils_1/imports/synth_1'.
INFO: [Project 1-1877] Auto incremental dir location '/home/lab2.srcs/utils_1/imports/design_1_processing_system7_0_0_synth_1' of run 'design_1_processing_system7_0_0_synth_1' is not writable, setting it to default location '/home/ece-admin/ecen4243S25/lab2/lab2/lab2.srcs/utils_1/imports/design_1_processing_system7_0_0_synth_1'.
INFO: [Project 1-1877] Auto incremental dir location '/home/lab2.srcs/utils_1/imports/design_1_processing_system7_0_0_synth_1' of run 'design_1_processing_system7_0_0_synth_1' is not writable, setting it to default location '/home/ece-admin/ecen4243S25/lab2/lab2/lab2.srcs/utils_1/imports/design_1_processing_system7_0_0_synth_1'.
INFO: [Project 1-1877] Auto incremental dir location '/home/lab2.srcs/utils_1/imports/design_1_AXI_Converter_0_0_synth_1' of run 'design_1_AXI_Converter_0_0_synth_1' is not writable, setting it to default location '/home/ece-admin/ecen4243S25/lab2/lab2/lab2.srcs/utils_1/imports/design_1_AXI_Converter_0_0_synth_1'.
INFO: [Project 1-1877] Auto incremental dir location '/home/lab2.srcs/utils_1/imports/design_1_AXI_Converter_0_0_synth_1' of run 'design_1_AXI_Converter_0_0_synth_1' is not writable, setting it to default location '/home/ece-admin/ecen4243S25/lab2/lab2/lab2.srcs/utils_1/imports/design_1_AXI_Converter_0_0_synth_1'.
INFO: [Project 1-1877] Auto incremental dir location '/home/lab2.srcs/utils_1/imports/design_1_axi_smc_0_synth_1' of run 'design_1_axi_smc_0_synth_1' is not writable, setting it to default location '/home/ece-admin/ecen4243S25/lab2/lab2/lab2.srcs/utils_1/imports/design_1_axi_smc_0_synth_1'.
INFO: [Project 1-1877] Auto incremental dir location '/home/lab2.srcs/utils_1/imports/design_1_axi_smc_0_synth_1' of run 'design_1_axi_smc_0_synth_1' is not writable, setting it to default location '/home/ece-admin/ecen4243S25/lab2/lab2/lab2.srcs/utils_1/imports/design_1_axi_smc_0_synth_1'.
INFO: [Project 1-1877] Auto incremental dir location '/home/lab2.srcs/utils_1/imports/design_1_rst_ps7_0_50M_0_synth_1' of run 'design_1_rst_ps7_0_50M_0_synth_1' is not writable, setting it to default location '/home/ece-admin/ecen4243S25/lab2/lab2/lab2.srcs/utils_1/imports/design_1_rst_ps7_0_50M_0_synth_1'.
INFO: [Project 1-1877] Auto incremental dir location '/home/lab2.srcs/utils_1/imports/design_1_rst_ps7_0_50M_0_synth_1' of run 'design_1_rst_ps7_0_50M_0_synth_1' is not writable, setting it to default location '/home/ece-admin/ecen4243S25/lab2/lab2/lab2.srcs/utils_1/imports/design_1_rst_ps7_0_50M_0_synth_1'.
INFO: [Project 1-1877] Auto incremental dir location '/home/lab2.srcs/utils_1/imports/design_1_top_0_0_synth_1' of run 'design_1_top_0_0_synth_1' is not writable, setting it to default location '/home/ece-admin/ecen4243S25/lab2/lab2/lab2.srcs/utils_1/imports/design_1_top_0_0_synth_1'.
INFO: [Project 1-1877] Auto incremental dir location '/home/lab2.srcs/utils_1/imports/design_1_top_0_0_synth_1' of run 'design_1_top_0_0_synth_1' is not writable, setting it to default location '/home/ece-admin/ecen4243S25/lab2/lab2/lab2.srcs/utils_1/imports/design_1_top_0_0_synth_1'.
INFO: [Project 1-1877] Auto incremental dir location '/home/lab2.srcs/utils_1/imports/impl_1' of run 'impl_1' is not writable, setting it to default location '/home/ece-admin/ecen4243S25/lab2/lab2/lab2.srcs/utils_1/imports/impl_1'.
INFO: [Project 1-1877] Auto incremental dir location '/home/lab2.srcs/utils_1/imports/impl_1' of run 'impl_1' is not writable, setting it to default location '/home/ece-admin/ecen4243S25/lab2/lab2/lab2.srcs/utils_1/imports/impl_1'.
INFO: [Project 1-1877] Auto incremental dir location '/home/lab2.srcs/utils_1/imports/design_1_processing_system7_0_0_impl_1' of run 'design_1_processing_system7_0_0_impl_1' is not writable, setting it to default location '/home/ece-admin/ecen4243S25/lab2/lab2/lab2.srcs/utils_1/imports/design_1_processing_system7_0_0_impl_1'.
INFO: [Project 1-1877] Auto incremental dir location '/home/lab2.srcs/utils_1/imports/design_1_processing_system7_0_0_impl_1' of run 'design_1_processing_system7_0_0_impl_1' is not writable, setting it to default location '/home/ece-admin/ecen4243S25/lab2/lab2/lab2.srcs/utils_1/imports/design_1_processing_system7_0_0_impl_1'.
INFO: [Project 1-1877] Auto incremental dir location '/home/lab2.srcs/utils_1/imports/design_1_AXI_Converter_0_0_impl_1' of run 'design_1_AXI_Converter_0_0_impl_1' is not writable, setting it to default location '/home/ece-admin/ecen4243S25/lab2/lab2/lab2.srcs/utils_1/imports/design_1_AXI_Converter_0_0_impl_1'.
INFO: [Project 1-1877] Auto incremental dir location '/home/lab2.srcs/utils_1/imports/design_1_AXI_Converter_0_0_impl_1' of run 'design_1_AXI_Converter_0_0_impl_1' is not writable, setting it to default location '/home/ece-admin/ecen4243S25/lab2/lab2/lab2.srcs/utils_1/imports/design_1_AXI_Converter_0_0_impl_1'.
INFO: [Project 1-1877] Auto incremental dir location '/home/lab2.srcs/utils_1/imports/design_1_axi_smc_0_impl_1' of run 'design_1_axi_smc_0_impl_1' is not writable, setting it to default location '/home/ece-admin/ecen4243S25/lab2/lab2/lab2.srcs/utils_1/imports/design_1_axi_smc_0_impl_1'.
INFO: [Project 1-1877] Auto incremental dir location '/home/lab2.srcs/utils_1/imports/design_1_axi_smc_0_impl_1' of run 'design_1_axi_smc_0_impl_1' is not writable, setting it to default location '/home/ece-admin/ecen4243S25/lab2/lab2/lab2.srcs/utils_1/imports/design_1_axi_smc_0_impl_1'.
INFO: [Project 1-1877] Auto incremental dir location '/home/lab2.srcs/utils_1/imports/design_1_rst_ps7_0_50M_0_impl_1' of run 'design_1_rst_ps7_0_50M_0_impl_1' is not writable, setting it to default location '/home/ece-admin/ecen4243S25/lab2/lab2/lab2.srcs/utils_1/imports/design_1_rst_ps7_0_50M_0_impl_1'.
INFO: [Project 1-1877] Auto incremental dir location '/home/lab2.srcs/utils_1/imports/design_1_rst_ps7_0_50M_0_impl_1' of run 'design_1_rst_ps7_0_50M_0_impl_1' is not writable, setting it to default location '/home/ece-admin/ecen4243S25/lab2/lab2/lab2.srcs/utils_1/imports/design_1_rst_ps7_0_50M_0_impl_1'.
INFO: [Project 1-1877] Auto incremental dir location '/home/lab2.srcs/utils_1/imports/design_1_top_0_0_impl_1' of run 'design_1_top_0_0_impl_1' is not writable, setting it to default location '/home/ece-admin/ecen4243S25/lab2/lab2/lab2.srcs/utils_1/imports/design_1_top_0_0_impl_1'.
INFO: [Project 1-1877] Auto incremental dir location '/home/lab2.srcs/utils_1/imports/design_1_top_0_0_impl_1' of run 'design_1_top_0_0_impl_1' is not writable, setting it to default location '/home/ece-admin/ecen4243S25/lab2/lab2/lab2.srcs/utils_1/imports/design_1_top_0_0_impl_1'.
INFO: [IP_Flow 19-234] Refreshing IP repositories
INFO: [IP_Flow 19-1700] Loaded user IP repository '/home/ece-admin/ecen4243S25/lab2/lab2/lab2.ipdefs/ip_repo_BAK_0_0_0'.
INFO: [IP_Flow 19-2313] Loaded Vivado IP repository '/opt/Xilinx/Vivado/2023.2/data/ip'.
WARNING: [IP_Flow 19-3664] IP 'design_1_top_0_0' generated file not found '/home/ece-admin/ecen4243S25/lab2/lab2/lab2.srcs/sources_1/bd/design_1/ip/design_1_top_0_0/design_1_top_0_0.dcp'. Please regenerate to continue.
WARNING: [IP_Flow 19-3664] IP 'design_1_top_0_0' generated file not found '/home/ece-admin/ecen4243S25/lab2/lab2/lab2.srcs/sources_1/bd/design_1/ip/design_1_top_0_0/design_1_top_0_0_stub.v'. Please regenerate to continue.
WARNING: [IP_Flow 19-3664] IP 'design_1_top_0_0' generated file not found '/home/ece-admin/ecen4243S25/lab2/lab2/lab2.srcs/sources_1/bd/design_1/ip/design_1_top_0_0/design_1_top_0_0_stub.vhdl'. Please regenerate to continue.
WARNING: [IP_Flow 19-3664] IP 'design_1_top_0_0' generated file not found '/home/ece-admin/ecen4243S25/lab2/lab2/lab2.srcs/sources_1/bd/design_1/ip/design_1_top_0_0/design_1_top_0_0_sim_netlist.v'. Please regenerate to continue.
WARNING: [IP_Flow 19-3664] IP 'design_1_top_0_0' generated file not found '/home/ece-admin/ecen4243S25/lab2/lab2/lab2.srcs/sources_1/bd/design_1/ip/design_1_top_0_0/design_1_top_0_0_sim_netlist.vhdl'. Please regenerate to continue.
update_compile_order -fileset sources_1
