
*** Running vivado
    with args -log design_1_wrapper.vdi -applog -m64 -product Vivado -messageDb vivado.pb -mode batch -source design_1_wrapper.tcl -notrace



****** Vivado v2023.2 (64-bit)
  **** SW Build 4029153 on Fri Oct 13 20:14:34 MDT 2023
  **** IP Build 4028589 on Sat Oct 14 00:45:43 MDT 2023
  **** SharedData Build 4025554 on Tue Oct 10 17:18:54 MDT 2023
    ** Copyright 1986-2022 Xilinx, Inc. All Rights Reserved.
    ** Copyright 2022-2023 Advanced Micro Devices, Inc. All Rights Reserved.

source design_1_wrapper.tcl -notrace
create_project: Time (s): cpu = 00:00:08 ; elapsed = 00:00:09 . Memory (MB): peak = 565.355 ; gain = 182.609
INFO: [IP_Flow 19-234] Refreshing IP repositories
INFO: [IP_Flow 19-1700] Loaded user IP repository 'c:/Users/zafranc/Desktop/ECEN4243_Lab3/lab3/Vivado/lab3/lab2.ipdefs/ip_repo_BAK_0_0_0'.
INFO: [IP_Flow 19-2313] Loaded Vivado IP repository 'C:/Xilinx/Vivado/2023.2/data/ip'.
Command: link_design -top design_1_wrapper -part xc7z020clg484-1
Design is defaulting to srcset: sources_1
Design is defaulting to constrset: constrs_1
INFO: [Device 21-403] Loading part xc7z020clg484-1
INFO: [Project 1-454] Reading design checkpoint 'c:/Users/zafranc/Desktop/ECEN4243_Lab3/lab3/Vivado/lab3/lab3.srcs/sources_1/bd/design_1/ip/design_1_AXI_Converter_0_0/design_1_AXI_Converter_0_0.dcp' for cell 'design_1_i/AXI_Converter_0'
INFO: [Project 1-454] Reading design checkpoint 'c:/Users/zafranc/Desktop/ECEN4243_Lab3/lab3/Vivado/lab3/lab3.srcs/sources_1/bd/design_1/ip/design_1_axi_smc_0/design_1_axi_smc_0.dcp' for cell 'design_1_i/axi_smc'
INFO: [Project 1-454] Reading design checkpoint 'c:/Users/zafranc/Desktop/ECEN4243_Lab3/lab3/Vivado/lab3/lab3.srcs/sources_1/bd/design_1/ip/design_1_processing_system7_0_0/design_1_processing_system7_0_0.dcp' for cell 'design_1_i/processing_system7_0'
INFO: [Project 1-454] Reading design checkpoint 'c:/Users/zafranc/Desktop/ECEN4243_Lab3/lab3/Vivado/lab3/lab3.srcs/sources_1/bd/design_1/ip/design_1_rst_ps7_0_50M_0/design_1_rst_ps7_0_50M_0.dcp' for cell 'design_1_i/rst_ps7_0_50M'
INFO: [Project 1-454] Reading design checkpoint 'c:/Users/zafranc/Desktop/ECEN4243_Lab3/lab3/Vivado/lab3/lab3.srcs/sources_1/bd/design_1/ip/design_1_top_0_0/design_1_top_0_0.dcp' for cell 'design_1_i/top_0'
Netlist sorting complete. Time (s): cpu = 00:00:00 ; elapsed = 00:00:00.185 . Memory (MB): peak = 1057.996 ; gain = 0.000
INFO: [Netlist 29-17] Analyzing 139 Unisim elements for replacement
INFO: [Netlist 29-28] Unisim Transformation completed in 0 CPU seconds
INFO: [Project 1-479] Netlist was created with Vivado 2023.2
INFO: [Project 1-570] Preparing netlist for logic optimization
Parsing XDC File [c:/Users/zafranc/Desktop/ECEN4243_Lab3/lab3/Vivado/lab3/lab3.srcs/sources_1/bd/design_1/ip/design_1_processing_system7_0_0/design_1_processing_system7_0_0.xdc] for cell 'design_1_i/processing_system7_0/inst'
Finished Parsing XDC File [c:/Users/zafranc/Desktop/ECEN4243_Lab3/lab3/Vivado/lab3/lab3.srcs/sources_1/bd/design_1/ip/design_1_processing_system7_0_0/design_1_processing_system7_0_0.xdc] for cell 'design_1_i/processing_system7_0/inst'
Parsing XDC File [c:/Users/zafranc/Desktop/ECEN4243_Lab3/lab3/Vivado/lab3/lab3.srcs/sources_1/bd/design_1/ip/design_1_axi_smc_0/bd_0/ip/ip_1/bd_afc3_psr_aclk_0_board.xdc] for cell 'design_1_i/axi_smc/inst/clk_map/psr_aclk/U0'
Finished Parsing XDC File [c:/Users/zafranc/Desktop/ECEN4243_Lab3/lab3/Vivado/lab3/lab3.srcs/sources_1/bd/design_1/ip/design_1_axi_smc_0/bd_0/ip/ip_1/bd_afc3_psr_aclk_0_board.xdc] for cell 'design_1_i/axi_smc/inst/clk_map/psr_aclk/U0'
Parsing XDC File [c:/Users/zafranc/Desktop/ECEN4243_Lab3/lab3/Vivado/lab3/lab3.srcs/sources_1/bd/design_1/ip/design_1_axi_smc_0/bd_0/ip/ip_1/bd_afc3_psr_aclk_0.xdc] for cell 'design_1_i/axi_smc/inst/clk_map/psr_aclk/U0'
Finished Parsing XDC File [c:/Users/zafranc/Desktop/ECEN4243_Lab3/lab3/Vivado/lab3/lab3.srcs/sources_1/bd/design_1/ip/design_1_axi_smc_0/bd_0/ip/ip_1/bd_afc3_psr_aclk_0.xdc] for cell 'design_1_i/axi_smc/inst/clk_map/psr_aclk/U0'
Parsing XDC File [c:/Users/zafranc/Desktop/ECEN4243_Lab3/lab3/Vivado/lab3/lab3.srcs/sources_1/bd/design_1/ip/design_1_axi_smc_0/bd_0/ip/ip_6/bd_afc3_sarn_0_clocks.xdc] for cell 'design_1_i/axi_smc/inst/s00_nodes/s00_ar_node/inst'
WARNING: [Vivado_Tcl 4-921] Waiver ID 'CDC-1' -to list should not be empty. [c:/Users/zafranc/Desktop/ECEN4243_Lab3/lab3/Vivado/lab3/lab3.srcs/sources_1/bd/design_1/ip/design_1_axi_smc_0/bd_0/ip/ip_6/bd_afc3_sarn_0_clocks.xdc:49]
WARNING: [Vivado_Tcl 4-921] Waiver ID 'CDC-1' -to list should not be empty. [c:/Users/zafranc/Desktop/ECEN4243_Lab3/lab3/Vivado/lab3/lab3.srcs/sources_1/bd/design_1/ip/design_1_axi_smc_0/bd_0/ip/ip_6/bd_afc3_sarn_0_clocks.xdc:52]
WARNING: [Vivado_Tcl 4-921] Waiver ID 'CDC-1' -to list should not be empty. [c:/Users/zafranc/Desktop/ECEN4243_Lab3/lab3/Vivado/lab3/lab3.srcs/sources_1/bd/design_1/ip/design_1_axi_smc_0/bd_0/ip/ip_6/bd_afc3_sarn_0_clocks.xdc:55]
WARNING: [Vivado_Tcl 4-921] Waiver ID 'CDC-1' -to list should not be empty. [c:/Users/zafranc/Desktop/ECEN4243_Lab3/lab3/Vivado/lab3/lab3.srcs/sources_1/bd/design_1/ip/design_1_axi_smc_0/bd_0/ip/ip_6/bd_afc3_sarn_0_clocks.xdc:59]
WARNING: [Vivado_Tcl 4-921] Waiver ID 'CDC-1' -to list should not be empty. [c:/Users/zafranc/Desktop/ECEN4243_Lab3/lab3/Vivado/lab3/lab3.srcs/sources_1/bd/design_1/ip/design_1_axi_smc_0/bd_0/ip/ip_6/bd_afc3_sarn_0_clocks.xdc:63]
WARNING: [Vivado_Tcl 4-921] Waiver ID 'CDC-1' -to list should not be empty. [c:/Users/zafranc/Desktop/ECEN4243_Lab3/lab3/Vivado/lab3/lab3.srcs/sources_1/bd/design_1/ip/design_1_axi_smc_0/bd_0/ip/ip_6/bd_afc3_sarn_0_clocks.xdc:66]
WARNING: [Vivado_Tcl 4-921] Waiver ID 'CDC-1' -to list should not be empty. [c:/Users/zafranc/Desktop/ECEN4243_Lab3/lab3/Vivado/lab3/lab3.srcs/sources_1/bd/design_1/ip/design_1_axi_smc_0/bd_0/ip/ip_6/bd_afc3_sarn_0_clocks.xdc:70]
WARNING: [Vivado_Tcl 4-921] Waiver ID 'CDC-1' -to list should not be empty. [c:/Users/zafranc/Desktop/ECEN4243_Lab3/lab3/Vivado/lab3/lab3.srcs/sources_1/bd/design_1/ip/design_1_axi_smc_0/bd_0/ip/ip_6/bd_afc3_sarn_0_clocks.xdc:73]
WARNING: [Vivado_Tcl 4-921] Waiver ID 'CDC-1' -to list should not be empty. [c:/Users/zafranc/Desktop/ECEN4243_Lab3/lab3/Vivado/lab3/lab3.srcs/sources_1/bd/design_1/ip/design_1_axi_smc_0/bd_0/ip/ip_6/bd_afc3_sarn_0_clocks.xdc:76]
WARNING: [Vivado_Tcl 4-921] Waiver ID 'CDC-1' -to list should not be empty. [c:/Users/zafranc/Desktop/ECEN4243_Lab3/lab3/Vivado/lab3/lab3.srcs/sources_1/bd/design_1/ip/design_1_axi_smc_0/bd_0/ip/ip_6/bd_afc3_sarn_0_clocks.xdc:79]
WARNING: [Vivado_Tcl 4-921] Waiver ID 'CDC-1' -to list should not be empty. [c:/Users/zafranc/Desktop/ECEN4243_Lab3/lab3/Vivado/lab3/lab3.srcs/sources_1/bd/design_1/ip/design_1_axi_smc_0/bd_0/ip/ip_6/bd_afc3_sarn_0_clocks.xdc:82]
WARNING: [Vivado_Tcl 4-921] Waiver ID 'CDC-4' -to list should not be empty. [c:/Users/zafranc/Desktop/ECEN4243_Lab3/lab3/Vivado/lab3/lab3.srcs/sources_1/bd/design_1/ip/design_1_axi_smc_0/bd_0/ip/ip_6/bd_afc3_sarn_0_clocks.xdc:85]
WARNING: [Vivado_Tcl 4-921] Waiver ID 'CDC-4' -to list should not be empty. [c:/Users/zafranc/Desktop/ECEN4243_Lab3/lab3/Vivado/lab3/lab3.srcs/sources_1/bd/design_1/ip/design_1_axi_smc_0/bd_0/ip/ip_6/bd_afc3_sarn_0_clocks.xdc:88]
WARNING: [Vivado_Tcl 4-921] Waiver ID 'CDC-2' -to list should not be empty. [c:/Users/zafranc/Desktop/ECEN4243_Lab3/lab3/Vivado/lab3/lab3.srcs/sources_1/bd/design_1/ip/design_1_axi_smc_0/bd_0/ip/ip_6/bd_afc3_sarn_0_clocks.xdc:91]
WARNING: [Vivado_Tcl 4-921] Waiver ID 'CDC-2' -to list should not be empty. [c:/Users/zafranc/Desktop/ECEN4243_Lab3/lab3/Vivado/lab3/lab3.srcs/sources_1/bd/design_1/ip/design_1_axi_smc_0/bd_0/ip/ip_6/bd_afc3_sarn_0_clocks.xdc:94]
WARNING: [Vivado_Tcl 4-921] Waiver ID 'CDC-2' -to list should not be empty. [c:/Users/zafranc/Desktop/ECEN4243_Lab3/lab3/Vivado/lab3/lab3.srcs/sources_1/bd/design_1/ip/design_1_axi_smc_0/bd_0/ip/ip_6/bd_afc3_sarn_0_clocks.xdc:97]
WARNING: [Vivado_Tcl 4-921] Waiver ID 'CDC-2' -to list should not be empty. [c:/Users/zafranc/Desktop/ECEN4243_Lab3/lab3/Vivado/lab3/lab3.srcs/sources_1/bd/design_1/ip/design_1_axi_smc_0/bd_0/ip/ip_6/bd_afc3_sarn_0_clocks.xdc:100]
WARNING: [Vivado_Tcl 4-921] Waiver ID 'CDC-1' -to list should not be empty. [c:/Users/zafranc/Desktop/ECEN4243_Lab3/lab3/Vivado/lab3/lab3.srcs/sources_1/bd/design_1/ip/design_1_axi_smc_0/bd_0/ip/ip_6/bd_afc3_sarn_0_clocks.xdc:104]
WARNING: [Vivado_Tcl 4-921] Waiver ID 'CDC-10' -to list should not be empty. [c:/Users/zafranc/Desktop/ECEN4243_Lab3/lab3/Vivado/lab3/lab3.srcs/sources_1/bd/design_1/ip/design_1_axi_smc_0/bd_0/ip/ip_6/bd_afc3_sarn_0_clocks.xdc:107]
WARNING: [Vivado_Tcl 4-921] Waiver ID 'CDC-10' -to list should not be empty. [c:/Users/zafranc/Desktop/ECEN4243_Lab3/lab3/Vivado/lab3/lab3.srcs/sources_1/bd/design_1/ip/design_1_axi_smc_0/bd_0/ip/ip_6/bd_afc3_sarn_0_clocks.xdc:110]
WARNING: [Vivado_Tcl 4-921] Waiver ID 'CDC-1' -to list should not be empty. [c:/Users/zafranc/Desktop/ECEN4243_Lab3/lab3/Vivado/lab3/lab3.srcs/sources_1/bd/design_1/ip/design_1_axi_smc_0/bd_0/ip/ip_6/bd_afc3_sarn_0_clocks.xdc:113]
WARNING: [Vivado_Tcl 4-921] Waiver ID 'CDC-1' -to list should not be empty. [c:/Users/zafranc/Desktop/ECEN4243_Lab3/lab3/Vivado/lab3/lab3.srcs/sources_1/bd/design_1/ip/design_1_axi_smc_0/bd_0/ip/ip_6/bd_afc3_sarn_0_clocks.xdc:116]
WARNING: [Vivado_Tcl 4-921] Waiver ID 'CDC-1' -to list should not be empty. [c:/Users/zafranc/Desktop/ECEN4243_Lab3/lab3/Vivado/lab3/lab3.srcs/sources_1/bd/design_1/ip/design_1_axi_smc_0/bd_0/ip/ip_6/bd_afc3_sarn_0_clocks.xdc:119]
WARNING: [Vivado_Tcl 4-921] Waiver ID 'CDC-13' -to list should not be empty. [c:/Users/zafranc/Desktop/ECEN4243_Lab3/lab3/Vivado/lab3/lab3.srcs/sources_1/bd/design_1/ip/design_1_axi_smc_0/bd_0/ip/ip_6/bd_afc3_sarn_0_clocks.xdc:122]
WARNING: [Vivado_Tcl 4-921] Waiver ID 'CDC-1' -to list should not be empty. [c:/Users/zafranc/Desktop/ECEN4243_Lab3/lab3/Vivado/lab3/lab3.srcs/sources_1/bd/design_1/ip/design_1_axi_smc_0/bd_0/ip/ip_6/bd_afc3_sarn_0_clocks.xdc:125]
WARNING: [Vivado_Tcl 4-921] Waiver ID 'CDC-1' -to list should not be empty. [c:/Users/zafranc/Desktop/ECEN4243_Lab3/lab3/Vivado/lab3/lab3.srcs/sources_1/bd/design_1/ip/design_1_axi_smc_0/bd_0/ip/ip_6/bd_afc3_sarn_0_clocks.xdc:128]
WARNING: [Vivado_Tcl 4-921] Waiver ID 'CDC-13' -to list should not be empty. [c:/Users/zafranc/Desktop/ECEN4243_Lab3/lab3/Vivado/lab3/lab3.srcs/sources_1/bd/design_1/ip/design_1_axi_smc_0/bd_0/ip/ip_6/bd_afc3_sarn_0_clocks.xdc:131]
WARNING: [Vivado_Tcl 4-921] Waiver ID 'CDC-1' -to list should not be empty. [c:/Users/zafranc/Desktop/ECEN4243_Lab3/lab3/Vivado/lab3/lab3.srcs/sources_1/bd/design_1/ip/design_1_axi_smc_0/bd_0/ip/ip_6/bd_afc3_sarn_0_clocks.xdc:134]
WARNING: [Vivado_Tcl 4-921] Waiver ID 'CDC-10' -to list should not be empty. [c:/Users/zafranc/Desktop/ECEN4243_Lab3/lab3/Vivado/lab3/lab3.srcs/sources_1/bd/design_1/ip/design_1_axi_smc_0/bd_0/ip/ip_6/bd_afc3_sarn_0_clocks.xdc:137]
WARNING: [Vivado_Tcl 4-921] Waiver ID 'CDC-1' -to list should not be empty. [c:/Users/zafranc/Desktop/ECEN4243_Lab3/lab3/Vivado/lab3/lab3.srcs/sources_1/bd/design_1/ip/design_1_axi_smc_0/bd_0/ip/ip_6/bd_afc3_sarn_0_clocks.xdc:140]
WARNING: [Vivado_Tcl 4-921] Waiver ID 'CDC-1' -to list should not be empty. [c:/Users/zafranc/Desktop/ECEN4243_Lab3/lab3/Vivado/lab3/lab3.srcs/sources_1/bd/design_1/ip/design_1_axi_smc_0/bd_0/ip/ip_6/bd_afc3_sarn_0_clocks.xdc:143]
WARNING: [Vivado_Tcl 4-921] Waiver ID 'CDC-1' -to list should not be empty. [c:/Users/zafranc/Desktop/ECEN4243_Lab3/lab3/Vivado/lab3/lab3.srcs/sources_1/bd/design_1/ip/design_1_axi_smc_0/bd_0/ip/ip_6/bd_afc3_sarn_0_clocks.xdc:146]
WARNING: [Vivado_Tcl 4-921] Waiver ID 'CDC-2' -to list should not be empty. [c:/Users/zafranc/Desktop/ECEN4243_Lab3/lab3/Vivado/lab3/lab3.srcs/sources_1/bd/design_1/ip/design_1_axi_smc_0/bd_0/ip/ip_6/bd_afc3_sarn_0_clocks.xdc:149]
WARNING: [Vivado_Tcl 4-921] Waiver ID 'CDC-1' -to list should not be empty. [c:/Users/zafranc/Desktop/ECEN4243_Lab3/lab3/Vivado/lab3/lab3.srcs/sources_1/bd/design_1/ip/design_1_axi_smc_0/bd_0/ip/ip_6/bd_afc3_sarn_0_clocks.xdc:152]
WARNING: [Vivado_Tcl 4-921] Waiver ID 'CDC-1' -to list should not be empty. [c:/Users/zafranc/Desktop/ECEN4243_Lab3/lab3/Vivado/lab3/lab3.srcs/sources_1/bd/design_1/ip/design_1_axi_smc_0/bd_0/ip/ip_6/bd_afc3_sarn_0_clocks.xdc:155]
WARNING: [Vivado_Tcl 4-921] Waiver ID 'CDC-1' -to list should not be empty. [c:/Users/zafranc/Desktop/ECEN4243_Lab3/lab3/Vivado/lab3/lab3.srcs/sources_1/bd/design_1/ip/design_1_axi_smc_0/bd_0/ip/ip_6/bd_afc3_sarn_0_clocks.xdc:158]
WARNING: [Vivado_Tcl 4-921] Waiver ID 'CDC-10' -to list should not be empty. [c:/Users/zafranc/Desktop/ECEN4243_Lab3/lab3/Vivado/lab3/lab3.srcs/sources_1/bd/design_1/ip/design_1_axi_smc_0/bd_0/ip/ip_6/bd_afc3_sarn_0_clocks.xdc:161]
WARNING: [Vivado_Tcl 4-921] Waiver ID 'CDC-4' -to list should not be empty. [c:/Users/zafranc/Desktop/ECEN4243_Lab3/lab3/Vivado/lab3/lab3.srcs/sources_1/bd/design_1/ip/design_1_axi_smc_0/bd_0/ip/ip_6/bd_afc3_sarn_0_clocks.xdc:164]
WARNING: [Vivado_Tcl 4-921] Waiver ID 'CDC-4' -to list should not be empty. [c:/Users/zafranc/Desktop/ECEN4243_Lab3/lab3/Vivado/lab3/lab3.srcs/sources_1/bd/design_1/ip/design_1_axi_smc_0/bd_0/ip/ip_6/bd_afc3_sarn_0_clocks.xdc:167]
WARNING: [Vivado_Tcl 4-921] Waiver ID 'CDC-4' -to list should not be empty. [c:/Users/zafranc/Desktop/ECEN4243_Lab3/lab3/Vivado/lab3/lab3.srcs/sources_1/bd/design_1/ip/design_1_axi_smc_0/bd_0/ip/ip_6/bd_afc3_sarn_0_clocks.xdc:171]
WARNING: [Vivado_Tcl 4-921] Waiver ID 'CDC-4' -to list should not be empty. [c:/Users/zafranc/Desktop/ECEN4243_Lab3/lab3/Vivado/lab3/lab3.srcs/sources_1/bd/design_1/ip/design_1_axi_smc_0/bd_0/ip/ip_6/bd_afc3_sarn_0_clocks.xdc:174]
WARNING: [Vivado_Tcl 4-921] Waiver ID 'CDC-1' -to list should not be empty. [c:/Users/zafranc/Desktop/ECEN4243_Lab3/lab3/Vivado/lab3/lab3.srcs/sources_1/bd/design_1/ip/design_1_axi_smc_0/bd_0/ip/ip_6/bd_afc3_sarn_0_clocks.xdc:178]
Finished Parsing XDC File [c:/Users/zafranc/Desktop/ECEN4243_Lab3/lab3/Vivado/lab3/lab3.srcs/sources_1/bd/design_1/ip/design_1_axi_smc_0/bd_0/ip/ip_6/bd_afc3_sarn_0_clocks.xdc] for cell 'design_1_i/axi_smc/inst/s00_nodes/s00_ar_node/inst'
Parsing XDC File [c:/Users/zafranc/Desktop/ECEN4243_Lab3/lab3/Vivado/lab3/lab3.srcs/sources_1/bd/design_1/ip/design_1_axi_smc_0/bd_0/ip/ip_7/bd_afc3_srn_0_clocks.xdc] for cell 'design_1_i/axi_smc/inst/s00_nodes/s00_r_node/inst'
WARNING: [Vivado_Tcl 4-921] Waiver ID 'CDC-1' -to list should not be empty. [c:/Users/zafranc/Desktop/ECEN4243_Lab3/lab3/Vivado/lab3/lab3.srcs/sources_1/bd/design_1/ip/design_1_axi_smc_0/bd_0/ip/ip_7/bd_afc3_srn_0_clocks.xdc:49]
WARNING: [Vivado_Tcl 4-921] Waiver ID 'CDC-1' -to list should not be empty. [c:/Users/zafranc/Desktop/ECEN4243_Lab3/lab3/Vivado/lab3/lab3.srcs/sources_1/bd/design_1/ip/design_1_axi_smc_0/bd_0/ip/ip_7/bd_afc3_srn_0_clocks.xdc:52]
WARNING: [Vivado_Tcl 4-921] Waiver ID 'CDC-1' -to list should not be empty. [c:/Users/zafranc/Desktop/ECEN4243_Lab3/lab3/Vivado/lab3/lab3.srcs/sources_1/bd/design_1/ip/design_1_axi_smc_0/bd_0/ip/ip_7/bd_afc3_srn_0_clocks.xdc:55]
WARNING: [Vivado_Tcl 4-921] Waiver ID 'CDC-1' -to list should not be empty. [c:/Users/zafranc/Desktop/ECEN4243_Lab3/lab3/Vivado/lab3/lab3.srcs/sources_1/bd/design_1/ip/design_1_axi_smc_0/bd_0/ip/ip_7/bd_afc3_srn_0_clocks.xdc:59]
WARNING: [Vivado_Tcl 4-921] Waiver ID 'CDC-1' -to list should not be empty. [c:/Users/zafranc/Desktop/ECEN4243_Lab3/lab3/Vivado/lab3/lab3.srcs/sources_1/bd/design_1/ip/design_1_axi_smc_0/bd_0/ip/ip_7/bd_afc3_srn_0_clocks.xdc:63]
WARNING: [Vivado_Tcl 4-921] Waiver ID 'CDC-1' -to list should not be empty. [c:/Users/zafranc/Desktop/ECEN4243_Lab3/lab3/Vivado/lab3/lab3.srcs/sources_1/bd/design_1/ip/design_1_axi_smc_0/bd_0/ip/ip_7/bd_afc3_srn_0_clocks.xdc:66]
WARNING: [Vivado_Tcl 4-921] Waiver ID 'CDC-1' -to list should not be empty. [c:/Users/zafranc/Desktop/ECEN4243_Lab3/lab3/Vivado/lab3/lab3.srcs/sources_1/bd/design_1/ip/design_1_axi_smc_0/bd_0/ip/ip_7/bd_afc3_srn_0_clocks.xdc:70]
WARNING: [Vivado_Tcl 4-921] Waiver ID 'CDC-1' -to list should not be empty. [c:/Users/zafranc/Desktop/ECEN4243_Lab3/lab3/Vivado/lab3/lab3.srcs/sources_1/bd/design_1/ip/design_1_axi_smc_0/bd_0/ip/ip_7/bd_afc3_srn_0_clocks.xdc:73]
WARNING: [Vivado_Tcl 4-921] Waiver ID 'CDC-1' -to list should not be empty. [c:/Users/zafranc/Desktop/ECEN4243_Lab3/lab3/Vivado/lab3/lab3.srcs/sources_1/bd/design_1/ip/design_1_axi_smc_0/bd_0/ip/ip_7/bd_afc3_srn_0_clocks.xdc:76]
WARNING: [Vivado_Tcl 4-921] Waiver ID 'CDC-1' -to list should not be empty. [c:/Users/zafranc/Desktop/ECEN4243_Lab3/lab3/Vivado/lab3/lab3.srcs/sources_1/bd/design_1/ip/design_1_axi_smc_0/bd_0/ip/ip_7/bd_afc3_srn_0_clocks.xdc:79]
WARNING: [Vivado_Tcl 4-921] Waiver ID 'CDC-1' -to list should not be empty. [c:/Users/zafranc/Desktop/ECEN4243_Lab3/lab3/Vivado/lab3/lab3.srcs/sources_1/bd/design_1/ip/design_1_axi_smc_0/bd_0/ip/ip_7/bd_afc3_srn_0_clocks.xdc:82]
WARNING: [Vivado_Tcl 4-921] Waiver ID 'CDC-4' -to list should not be empty. [c:/Users/zafranc/Desktop/ECEN4243_Lab3/lab3/Vivado/lab3/lab3.srcs/sources_1/bd/design_1/ip/design_1_axi_smc_0/bd_0/ip/ip_7/bd_afc3_srn_0_clocks.xdc:85]
WARNING: [Vivado_Tcl 4-921] Waiver ID 'CDC-4' -to list should not be empty. [c:/Users/zafranc/Desktop/ECEN4243_Lab3/lab3/Vivado/lab3/lab3.srcs/sources_1/bd/design_1/ip/design_1_axi_smc_0/bd_0/ip/ip_7/bd_afc3_srn_0_clocks.xdc:88]
WARNING: [Vivado_Tcl 4-921] Waiver ID 'CDC-2' -to list should not be empty. [c:/Users/zafranc/Desktop/ECEN4243_Lab3/lab3/Vivado/lab3/lab3.srcs/sources_1/bd/design_1/ip/design_1_axi_smc_0/bd_0/ip/ip_7/bd_afc3_srn_0_clocks.xdc:91]
WARNING: [Vivado_Tcl 4-921] Waiver ID 'CDC-2' -to list should not be empty. [c:/Users/zafranc/Desktop/ECEN4243_Lab3/lab3/Vivado/lab3/lab3.srcs/sources_1/bd/design_1/ip/design_1_axi_smc_0/bd_0/ip/ip_7/bd_afc3_srn_0_clocks.xdc:94]
WARNING: [Vivado_Tcl 4-921] Waiver ID 'CDC-2' -to list should not be empty. [c:/Users/zafranc/Desktop/ECEN4243_Lab3/lab3/Vivado/lab3/lab3.srcs/sources_1/bd/design_1/ip/design_1_axi_smc_0/bd_0/ip/ip_7/bd_afc3_srn_0_clocks.xdc:97]
WARNING: [Vivado_Tcl 4-921] Waiver ID 'CDC-2' -to list should not be empty. [c:/Users/zafranc/Desktop/ECEN4243_Lab3/lab3/Vivado/lab3/lab3.srcs/sources_1/bd/design_1/ip/design_1_axi_smc_0/bd_0/ip/ip_7/bd_afc3_srn_0_clocks.xdc:100]
WARNING: [Vivado_Tcl 4-921] Waiver ID 'CDC-1' -to list should not be empty. [c:/Users/zafranc/Desktop/ECEN4243_Lab3/lab3/Vivado/lab3/lab3.srcs/sources_1/bd/design_1/ip/design_1_axi_smc_0/bd_0/ip/ip_7/bd_afc3_srn_0_clocks.xdc:104]
WARNING: [Vivado_Tcl 4-921] Waiver ID 'CDC-10' -to list should not be empty. [c:/Users/zafranc/Desktop/ECEN4243_Lab3/lab3/Vivado/lab3/lab3.srcs/sources_1/bd/design_1/ip/design_1_axi_smc_0/bd_0/ip/ip_7/bd_afc3_srn_0_clocks.xdc:107]
WARNING: [Vivado_Tcl 4-921] Waiver ID 'CDC-10' -to list should not be empty. [c:/Users/zafranc/Desktop/ECEN4243_Lab3/lab3/Vivado/lab3/lab3.srcs/sources_1/bd/design_1/ip/design_1_axi_smc_0/bd_0/ip/ip_7/bd_afc3_srn_0_clocks.xdc:110]
WARNING: [Vivado_Tcl 4-921] Waiver ID 'CDC-1' -to list should not be empty. [c:/Users/zafranc/Desktop/ECEN4243_Lab3/lab3/Vivado/lab3/lab3.srcs/sources_1/bd/design_1/ip/design_1_axi_smc_0/bd_0/ip/ip_7/bd_afc3_srn_0_clocks.xdc:113]
WARNING: [Vivado_Tcl 4-921] Waiver ID 'CDC-1' -to list should not be empty. [c:/Users/zafranc/Desktop/ECEN4243_Lab3/lab3/Vivado/lab3/lab3.srcs/sources_1/bd/design_1/ip/design_1_axi_smc_0/bd_0/ip/ip_7/bd_afc3_srn_0_clocks.xdc:116]
WARNING: [Vivado_Tcl 4-921] Waiver ID 'CDC-1' -to list should not be empty. [c:/Users/zafranc/Desktop/ECEN4243_Lab3/lab3/Vivado/lab3/lab3.srcs/sources_1/bd/design_1/ip/design_1_axi_smc_0/bd_0/ip/ip_7/bd_afc3_srn_0_clocks.xdc:119]
WARNING: [Vivado_Tcl 4-921] Waiver ID 'CDC-13' -to list should not be empty. [c:/Users/zafranc/Desktop/ECEN4243_Lab3/lab3/Vivado/lab3/lab3.srcs/sources_1/bd/design_1/ip/design_1_axi_smc_0/bd_0/ip/ip_7/bd_afc3_srn_0_clocks.xdc:122]
WARNING: [Vivado_Tcl 4-921] Waiver ID 'CDC-1' -to list should not be empty. [c:/Users/zafranc/Desktop/ECEN4243_Lab3/lab3/Vivado/lab3/lab3.srcs/sources_1/bd/design_1/ip/design_1_axi_smc_0/bd_0/ip/ip_7/bd_afc3_srn_0_clocks.xdc:125]
WARNING: [Vivado_Tcl 4-921] Waiver ID 'CDC-1' -to list should not be empty. [c:/Users/zafranc/Desktop/ECEN4243_Lab3/lab3/Vivado/lab3/lab3.srcs/sources_1/bd/design_1/ip/design_1_axi_smc_0/bd_0/ip/ip_7/bd_afc3_srn_0_clocks.xdc:128]
WARNING: [Vivado_Tcl 4-921] Waiver ID 'CDC-13' -to list should not be empty. [c:/Users/zafranc/Desktop/ECEN4243_Lab3/lab3/Vivado/lab3/lab3.srcs/sources_1/bd/design_1/ip/design_1_axi_smc_0/bd_0/ip/ip_7/bd_afc3_srn_0_clocks.xdc:131]
WARNING: [Vivado_Tcl 4-921] Waiver ID 'CDC-1' -to list should not be empty. [c:/Users/zafranc/Desktop/ECEN4243_Lab3/lab3/Vivado/lab3/lab3.srcs/sources_1/bd/design_1/ip/design_1_axi_smc_0/bd_0/ip/ip_7/bd_afc3_srn_0_clocks.xdc:134]
WARNING: [Vivado_Tcl 4-921] Waiver ID 'CDC-10' -to list should not be empty. [c:/Users/zafranc/Desktop/ECEN4243_Lab3/lab3/Vivado/lab3/lab3.srcs/sources_1/bd/design_1/ip/design_1_axi_smc_0/bd_0/ip/ip_7/bd_afc3_srn_0_clocks.xdc:137]
WARNING: [Vivado_Tcl 4-921] Waiver ID 'CDC-2' -to list should not be empty. [c:/Users/zafranc/Desktop/ECEN4243_Lab3/lab3/Vivado/lab3/lab3.srcs/sources_1/bd/design_1/ip/design_1_axi_smc_0/bd_0/ip/ip_7/bd_afc3_srn_0_clocks.xdc:149]
WARNING: [Vivado_Tcl 4-921] Waiver ID 'CDC-1' -to list should not be empty. [c:/Users/zafranc/Desktop/ECEN4243_Lab3/lab3/Vivado/lab3/lab3.srcs/sources_1/bd/design_1/ip/design_1_axi_smc_0/bd_0/ip/ip_7/bd_afc3_srn_0_clocks.xdc:158]
WARNING: [Vivado_Tcl 4-921] Waiver ID 'CDC-10' -to list should not be empty. [c:/Users/zafranc/Desktop/ECEN4243_Lab3/lab3/Vivado/lab3/lab3.srcs/sources_1/bd/design_1/ip/design_1_axi_smc_0/bd_0/ip/ip_7/bd_afc3_srn_0_clocks.xdc:161]
WARNING: [Vivado_Tcl 4-921] Waiver ID 'CDC-4' -to list should not be empty. [c:/Users/zafranc/Desktop/ECEN4243_Lab3/lab3/Vivado/lab3/lab3.srcs/sources_1/bd/design_1/ip/design_1_axi_smc_0/bd_0/ip/ip_7/bd_afc3_srn_0_clocks.xdc:164]
WARNING: [Vivado_Tcl 4-921] Waiver ID 'CDC-4' -to list should not be empty. [c:/Users/zafranc/Desktop/ECEN4243_Lab3/lab3/Vivado/lab3/lab3.srcs/sources_1/bd/design_1/ip/design_1_axi_smc_0/bd_0/ip/ip_7/bd_afc3_srn_0_clocks.xdc:167]
WARNING: [Vivado_Tcl 4-921] Waiver ID 'CDC-4' -to list should not be empty. [c:/Users/zafranc/Desktop/ECEN4243_Lab3/lab3/Vivado/lab3/lab3.srcs/sources_1/bd/design_1/ip/design_1_axi_smc_0/bd_0/ip/ip_7/bd_afc3_srn_0_clocks.xdc:171]
WARNING: [Vivado_Tcl 4-921] Waiver ID 'CDC-4' -to list should not be empty. [c:/Users/zafranc/Desktop/ECEN4243_Lab3/lab3/Vivado/lab3/lab3.srcs/sources_1/bd/design_1/ip/design_1_axi_smc_0/bd_0/ip/ip_7/bd_afc3_srn_0_clocks.xdc:174]
WARNING: [Vivado_Tcl 4-921] Waiver ID 'CDC-1' -to list should not be empty. [c:/Users/zafranc/Desktop/ECEN4243_Lab3/lab3/Vivado/lab3/lab3.srcs/sources_1/bd/design_1/ip/design_1_axi_smc_0/bd_0/ip/ip_7/bd_afc3_srn_0_clocks.xdc:178]
Finished Parsing XDC File [c:/Users/zafranc/Desktop/ECEN4243_Lab3/lab3/Vivado/lab3/lab3.srcs/sources_1/bd/design_1/ip/design_1_axi_smc_0/bd_0/ip/ip_7/bd_afc3_srn_0_clocks.xdc] for cell 'design_1_i/axi_smc/inst/s00_nodes/s00_r_node/inst'
Parsing XDC File [c:/Users/zafranc/Desktop/ECEN4243_Lab3/lab3/Vivado/lab3/lab3.srcs/sources_1/bd/design_1/ip/design_1_axi_smc_0/bd_0/ip/ip_8/bd_afc3_sawn_0_clocks.xdc] for cell 'design_1_i/axi_smc/inst/s00_nodes/s00_aw_node/inst'
WARNING: [Vivado_Tcl 4-921] Waiver ID 'CDC-1' -to list should not be empty. [c:/Users/zafranc/Desktop/ECEN4243_Lab3/lab3/Vivado/lab3/lab3.srcs/sources_1/bd/design_1/ip/design_1_axi_smc_0/bd_0/ip/ip_8/bd_afc3_sawn_0_clocks.xdc:49]
WARNING: [Vivado_Tcl 4-921] Waiver ID 'CDC-1' -to list should not be empty. [c:/Users/zafranc/Desktop/ECEN4243_Lab3/lab3/Vivado/lab3/lab3.srcs/sources_1/bd/design_1/ip/design_1_axi_smc_0/bd_0/ip/ip_8/bd_afc3_sawn_0_clocks.xdc:52]
WARNING: [Vivado_Tcl 4-921] Waiver ID 'CDC-1' -to list should not be empty. [c:/Users/zafranc/Desktop/ECEN4243_Lab3/lab3/Vivado/lab3/lab3.srcs/sources_1/bd/design_1/ip/design_1_axi_smc_0/bd_0/ip/ip_8/bd_afc3_sawn_0_clocks.xdc:55]
WARNING: [Vivado_Tcl 4-921] Waiver ID 'CDC-1' -to list should not be empty. [c:/Users/zafranc/Desktop/ECEN4243_Lab3/lab3/Vivado/lab3/lab3.srcs/sources_1/bd/design_1/ip/design_1_axi_smc_0/bd_0/ip/ip_8/bd_afc3_sawn_0_clocks.xdc:59]
WARNING: [Vivado_Tcl 4-921] Waiver ID 'CDC-1' -to list should not be empty. [c:/Users/zafranc/Desktop/ECEN4243_Lab3/lab3/Vivado/lab3/lab3.srcs/sources_1/bd/design_1/ip/design_1_axi_smc_0/bd_0/ip/ip_8/bd_afc3_sawn_0_clocks.xdc:63]
WARNING: [Vivado_Tcl 4-921] Waiver ID 'CDC-1' -to list should not be empty. [c:/Users/zafranc/Desktop/ECEN4243_Lab3/lab3/Vivado/lab3/lab3.srcs/sources_1/bd/design_1/ip/design_1_axi_smc_0/bd_0/ip/ip_8/bd_afc3_sawn_0_clocks.xdc:66]
WARNING: [Vivado_Tcl 4-921] Waiver ID 'CDC-1' -to list should not be empty. [c:/Users/zafranc/Desktop/ECEN4243_Lab3/lab3/Vivado/lab3/lab3.srcs/sources_1/bd/design_1/ip/design_1_axi_smc_0/bd_0/ip/ip_8/bd_afc3_sawn_0_clocks.xdc:70]
WARNING: [Vivado_Tcl 4-921] Waiver ID 'CDC-1' -to list should not be empty. [c:/Users/zafranc/Desktop/ECEN4243_Lab3/lab3/Vivado/lab3/lab3.srcs/sources_1/bd/design_1/ip/design_1_axi_smc_0/bd_0/ip/ip_8/bd_afc3_sawn_0_clocks.xdc:73]
WARNING: [Vivado_Tcl 4-921] Waiver ID 'CDC-1' -to list should not be empty. [c:/Users/zafranc/Desktop/ECEN4243_Lab3/lab3/Vivado/lab3/lab3.srcs/sources_1/bd/design_1/ip/design_1_axi_smc_0/bd_0/ip/ip_8/bd_afc3_sawn_0_clocks.xdc:76]
WARNING: [Vivado_Tcl 4-921] Waiver ID 'CDC-1' -to list should not be empty. [c:/Users/zafranc/Desktop/ECEN4243_Lab3/lab3/Vivado/lab3/lab3.srcs/sources_1/bd/design_1/ip/design_1_axi_smc_0/bd_0/ip/ip_8/bd_afc3_sawn_0_clocks.xdc:79]
WARNING: [Vivado_Tcl 4-921] Waiver ID 'CDC-1' -to list should not be empty. [c:/Users/zafranc/Desktop/ECEN4243_Lab3/lab3/Vivado/lab3/lab3.srcs/sources_1/bd/design_1/ip/design_1_axi_smc_0/bd_0/ip/ip_8/bd_afc3_sawn_0_clocks.xdc:82]
WARNING: [Vivado_Tcl 4-921] Waiver ID 'CDC-4' -to list should not be empty. [c:/Users/zafranc/Desktop/ECEN4243_Lab3/lab3/Vivado/lab3/lab3.srcs/sources_1/bd/design_1/ip/design_1_axi_smc_0/bd_0/ip/ip_8/bd_afc3_sawn_0_clocks.xdc:85]
WARNING: [Vivado_Tcl 4-921] Waiver ID 'CDC-4' -to list should not be empty. [c:/Users/zafranc/Desktop/ECEN4243_Lab3/lab3/Vivado/lab3/lab3.srcs/sources_1/bd/design_1/ip/design_1_axi_smc_0/bd_0/ip/ip_8/bd_afc3_sawn_0_clocks.xdc:88]
WARNING: [Vivado_Tcl 4-921] Waiver ID 'CDC-2' -to list should not be empty. [c:/Users/zafranc/Desktop/ECEN4243_Lab3/lab3/Vivado/lab3/lab3.srcs/sources_1/bd/design_1/ip/design_1_axi_smc_0/bd_0/ip/ip_8/bd_afc3_sawn_0_clocks.xdc:91]
INFO: [Common 17-14] Message 'Vivado 12-180' appears 100 times and further instances of the messages will be disabled. Use the Tcl command set_msg_config to change the current settings. [c:/Users/zafranc/Desktop/ECEN4243_Lab3/lab3/Vivado/lab3/lab3.srcs/sources_1/bd/design_1/ip/design_1_axi_smc_0/bd_0/ip/ip_8/bd_afc3_sawn_0_clocks.xdc:94]
WARNING: [Vivado_Tcl 4-921] Waiver ID 'CDC-2' -to list should not be empty. [c:/Users/zafranc/Desktop/ECEN4243_Lab3/lab3/Vivado/lab3/lab3.srcs/sources_1/bd/design_1/ip/design_1_axi_smc_0/bd_0/ip/ip_8/bd_afc3_sawn_0_clocks.xdc:94]
WARNING: [Vivado_Tcl 4-921] Waiver ID 'CDC-2' -to list should not be empty. [c:/Users/zafranc/Desktop/ECEN4243_Lab3/lab3/Vivado/lab3/lab3.srcs/sources_1/bd/design_1/ip/design_1_axi_smc_0/bd_0/ip/ip_8/bd_afc3_sawn_0_clocks.xdc:97]
WARNING: [Vivado_Tcl 4-921] Waiver ID 'CDC-2' -to list should not be empty. [c:/Users/zafranc/Desktop/ECEN4243_Lab3/lab3/Vivado/lab3/lab3.srcs/sources_1/bd/design_1/ip/design_1_axi_smc_0/bd_0/ip/ip_8/bd_afc3_sawn_0_clocks.xdc:100]
WARNING: [Vivado_Tcl 4-921] Waiver ID 'CDC-1' -to list should not be empty. [c:/Users/zafranc/Desktop/ECEN4243_Lab3/lab3/Vivado/lab3/lab3.srcs/sources_1/bd/design_1/ip/design_1_axi_smc_0/bd_0/ip/ip_8/bd_afc3_sawn_0_clocks.xdc:104]
WARNING: [Vivado_Tcl 4-921] Waiver ID 'CDC-10' -to list should not be empty. [c:/Users/zafranc/Desktop/ECEN4243_Lab3/lab3/Vivado/lab3/lab3.srcs/sources_1/bd/design_1/ip/design_1_axi_smc_0/bd_0/ip/ip_8/bd_afc3_sawn_0_clocks.xdc:107]
WARNING: [Vivado_Tcl 4-921] Waiver ID 'CDC-10' -to list should not be empty. [c:/Users/zafranc/Desktop/ECEN4243_Lab3/lab3/Vivado/lab3/lab3.srcs/sources_1/bd/design_1/ip/design_1_axi_smc_0/bd_0/ip/ip_8/bd_afc3_sawn_0_clocks.xdc:110]
WARNING: [Vivado_Tcl 4-921] Waiver ID 'CDC-1' -to list should not be empty. [c:/Users/zafranc/Desktop/ECEN4243_Lab3/lab3/Vivado/lab3/lab3.srcs/sources_1/bd/design_1/ip/design_1_axi_smc_0/bd_0/ip/ip_8/bd_afc3_sawn_0_clocks.xdc:113]
INFO: [Common 17-14] Message 'Vivado_Tcl 4-921' appears 100 times and further instances of the messages will be disabled. Use the Tcl command set_msg_config to change the current settings. [c:/Users/zafranc/Desktop/ECEN4243_Lab3/lab3/Vivado/lab3/lab3.srcs/sources_1/bd/design_1/ip/design_1_axi_smc_0/bd_0/ip/ip_8/bd_afc3_sawn_0_clocks.xdc:113]
Finished Parsing XDC File [c:/Users/zafranc/Desktop/ECEN4243_Lab3/lab3/Vivado/lab3/lab3.srcs/sources_1/bd/design_1/ip/design_1_axi_smc_0/bd_0/ip/ip_8/bd_afc3_sawn_0_clocks.xdc] for cell 'design_1_i/axi_smc/inst/s00_nodes/s00_aw_node/inst'
Parsing XDC File [c:/Users/zafranc/Desktop/ECEN4243_Lab3/lab3/Vivado/lab3/lab3.srcs/sources_1/bd/design_1/ip/design_1_axi_smc_0/bd_0/ip/ip_9/bd_afc3_swn_0_clocks.xdc] for cell 'design_1_i/axi_smc/inst/s00_nodes/s00_w_node/inst'
Finished Parsing XDC File [c:/Users/zafranc/Desktop/ECEN4243_Lab3/lab3/Vivado/lab3/lab3.srcs/sources_1/bd/design_1/ip/design_1_axi_smc_0/bd_0/ip/ip_9/bd_afc3_swn_0_clocks.xdc] for cell 'design_1_i/axi_smc/inst/s00_nodes/s00_w_node/inst'
Parsing XDC File [c:/Users/zafranc/Desktop/ECEN4243_Lab3/lab3/Vivado/lab3/lab3.srcs/sources_1/bd/design_1/ip/design_1_axi_smc_0/bd_0/ip/ip_10/bd_afc3_sbn_0_clocks.xdc] for cell 'design_1_i/axi_smc/inst/s00_nodes/s00_b_node/inst'
Finished Parsing XDC File [c:/Users/zafranc/Desktop/ECEN4243_Lab3/lab3/Vivado/lab3/lab3.srcs/sources_1/bd/design_1/ip/design_1_axi_smc_0/bd_0/ip/ip_10/bd_afc3_sbn_0_clocks.xdc] for cell 'design_1_i/axi_smc/inst/s00_nodes/s00_b_node/inst'
Parsing XDC File [c:/Users/zafranc/Desktop/ECEN4243_Lab3/lab3/Vivado/lab3/lab3.srcs/sources_1/bd/design_1/ip/design_1_axi_smc_0/smartconnect.xdc] for cell 'design_1_i/axi_smc/inst'
WARNING: [Vivado_Tcl 4-919] Waiver ID 'CDC-1' -from list should not be empty. [c:/Users/zafranc/Desktop/ECEN4243_Lab3/lab3/Vivado/lab3/lab3.srcs/sources_1/bd/design_1/ip/design_1_axi_smc_0/smartconnect.xdc:1]
Finished Parsing XDC File [c:/Users/zafranc/Desktop/ECEN4243_Lab3/lab3/Vivado/lab3/lab3.srcs/sources_1/bd/design_1/ip/design_1_axi_smc_0/smartconnect.xdc] for cell 'design_1_i/axi_smc/inst'
Parsing XDC File [c:/Users/zafranc/Desktop/ECEN4243_Lab3/lab3/Vivado/lab3/lab3.srcs/sources_1/bd/design_1/ip/design_1_rst_ps7_0_50M_0/design_1_rst_ps7_0_50M_0_board.xdc] for cell 'design_1_i/rst_ps7_0_50M/U0'
Finished Parsing XDC File [c:/Users/zafranc/Desktop/ECEN4243_Lab3/lab3/Vivado/lab3/lab3.srcs/sources_1/bd/design_1/ip/design_1_rst_ps7_0_50M_0/design_1_rst_ps7_0_50M_0_board.xdc] for cell 'design_1_i/rst_ps7_0_50M/U0'
Parsing XDC File [c:/Users/zafranc/Desktop/ECEN4243_Lab3/lab3/Vivado/lab3/lab3.srcs/sources_1/bd/design_1/ip/design_1_rst_ps7_0_50M_0/design_1_rst_ps7_0_50M_0.xdc] for cell 'design_1_i/rst_ps7_0_50M/U0'
Finished Parsing XDC File [c:/Users/zafranc/Desktop/ECEN4243_Lab3/lab3/Vivado/lab3/lab3.srcs/sources_1/bd/design_1/ip/design_1_rst_ps7_0_50M_0/design_1_rst_ps7_0_50M_0.xdc] for cell 'design_1_i/rst_ps7_0_50M/U0'
Parsing XDC File [C:/Users/zafranc/Desktop/ECEN4243_Lab3/lab3/Vivado/lab3/lab3.srcs/constrs_1/new/constr.xdc]
Finished Parsing XDC File [C:/Users/zafranc/Desktop/ECEN4243_Lab3/lab3/Vivado/lab3/lab3.srcs/constrs_1/new/constr.xdc]
INFO: [Project 1-1714] 19 XPM XDC files have been applied to the design.
INFO: [Opt 31-138] Pushed 0 inverter(s) to 0 load pin(s).
INFO: [Project 1-1687] 228 scoped IP constraints or related sub-commands were skipped due to synthesis logic optimizations usually triggered by constant connectivity or unconnected output pins. To review the skipped constraints and messages, run the command 'set_param netlist.IPMsgFiltering false' before opening the design.
Netlist sorting complete. Time (s): cpu = 00:00:00 ; elapsed = 00:00:00.002 . Memory (MB): peak = 1791.359 ; gain = 0.000
INFO: [Project 1-111] Unisim Transformation Summary:
  A total of 66 instances were transformed.
  RAM32M => RAM32M (RAMD32(x6), RAMS32(x2)): 62 instances
  RAM32X1D => RAM32X1D (RAMD32(x2)): 4 instances

The system cannot find the path specified.
19 Infos, 101 Warnings, 0 Critical Warnings and 0 Errors encountered.
link_design completed successfully
link_design: Time (s): cpu = 00:00:19 ; elapsed = 00:00:37 . Memory (MB): peak = 1791.359 ; gain = 1194.230
Command: opt_design
Attempting to get a license for feature 'Implementation' and/or device 'xc7z020'
INFO: [Common 17-349] Got license for feature 'Implementation' and/or device 'xc7z020'
Running DRC as a precondition to command opt_design

Starting DRC Task
INFO: [DRC 23-27] Running DRC with 2 threads
INFO: [Project 1-461] DRC finished with 0 Errors
INFO: [Project 1-462] Please refer to the DRC report (report_drc) for more information.

Time (s): cpu = 00:00:01 ; elapsed = 00:00:00.855 . Memory (MB): peak = 1791.359 ; gain = 0.000

Starting Cache Timing Information Task
INFO: [Timing 38-35] Done setting XDC timing constraints.
Ending Cache Timing Information Task | Checksum: 64143ab1

Time (s): cpu = 00:00:00 ; elapsed = 00:00:00.199 . Memory (MB): peak = 1791.359 ; gain = 0.000

Starting Logic Optimization Task

Phase 1 Initialization

Phase 1.1 Core Generation And Design Setup

Phase 1.1.1 Generate And Synthesize Debug Cores
INFO: [Chipscope 16-329] Generating Script for core instance : dbg_hub 
INFO: [IP_Flow 19-3806] Processing IP xilinx.com:ip:xsdbm:3.0 for cell dbg_hub_CV.
INFO: [Chipscope 16-329] Generating Script for core instance : u_ila_0 
INFO: [IP_Flow 19-3806] Processing IP xilinx.com:ip:ila:6.2 for cell u_ila_0_CV.
INFO: [Chipscope 16-469] Using cached IP synthesis design for IP xilinx.com:ip:xsdbm:3.0, cache-ID = a6052144841d113e.
INFO: [Chipscope 16-469] Using cached IP synthesis design for IP xilinx.com:ip:ila:6.2, cache-ID = ec5285ff1e3b1b1e.
Done building netlist checker database: Time (s): cpu = 00:00:00 ; elapsed = 00:00:00.004 . Memory (MB): peak = 2148.711 ; gain = 0.000
Done building netlist checker database: Time (s): cpu = 00:00:00 ; elapsed = 00:00:00.006 . Memory (MB): peak = 2148.711 ; gain = 0.000
Netlist sorting complete. Time (s): cpu = 00:00:00 ; elapsed = 00:00:00.051 . Memory (MB): peak = 2153.801 ; gain = 0.000
Phase 1.1.1 Generate And Synthesize Debug Cores | Checksum: 10ffbcf86

Time (s): cpu = 00:00:03 ; elapsed = 00:00:40 . Memory (MB): peak = 2153.801 ; gain = 24.949
Phase 1.1 Core Generation And Design Setup | Checksum: 10ffbcf86

Time (s): cpu = 00:00:03 ; elapsed = 00:00:40 . Memory (MB): peak = 2153.801 ; gain = 24.949

Phase 1.2 Setup Constraints And Sort Netlist
Phase 1.2 Setup Constraints And Sort Netlist | Checksum: 10ffbcf86

Time (s): cpu = 00:00:03 ; elapsed = 00:00:40 . Memory (MB): peak = 2153.801 ; gain = 24.949
Phase 1 Initialization | Checksum: 10ffbcf86

Time (s): cpu = 00:00:03 ; elapsed = 00:00:40 . Memory (MB): peak = 2153.801 ; gain = 24.949

Phase 2 Timer Update And Timing Data Collection

Phase 2.1 Timer Update
Phase 2.1 Timer Update | Checksum: 10ffbcf86

Time (s): cpu = 00:00:04 ; elapsed = 00:00:40 . Memory (MB): peak = 2153.801 ; gain = 24.949

Phase 2.2 Timing Data Collection
Phase 2.2 Timing Data Collection | Checksum: 10ffbcf86

Time (s): cpu = 00:00:04 ; elapsed = 00:00:40 . Memory (MB): peak = 2153.801 ; gain = 24.949
Phase 2 Timer Update And Timing Data Collection | Checksum: 10ffbcf86

Time (s): cpu = 00:00:04 ; elapsed = 00:00:40 . Memory (MB): peak = 2153.801 ; gain = 24.949

Phase 3 Retarget
INFO: [Opt 31-1566] Pulled 1 inverters resulting in an inversion of 12 pins
INFO: [Opt 31-138] Pushed 12 inverter(s) to 92 load pin(s).
INFO: [Opt 31-49] Retargeted 0 cell(s).
Phase 3 Retarget | Checksum: 521e59a3

Time (s): cpu = 00:00:04 ; elapsed = 00:00:40 . Memory (MB): peak = 2153.801 ; gain = 24.949
Retarget | Checksum: 521e59a3
INFO: [Opt 31-389] Phase Retarget created 120 cells and removed 166 cells
INFO: [Opt 31-1021] In phase Retarget, 88 netlist objects are constrained preventing optimization. Please run opt_design with -debug_log to get more detail. 

Phase 4 Constant propagation
INFO: [Opt 31-138] Pushed 7 inverter(s) to 17 load pin(s).
Phase 4 Constant propagation | Checksum: f875d247

Time (s): cpu = 00:00:04 ; elapsed = 00:00:40 . Memory (MB): peak = 2153.801 ; gain = 24.949
Constant propagation | Checksum: f875d247
INFO: [Opt 31-389] Phase Constant propagation created 180 cells and removed 921 cells
INFO: [Opt 31-1021] In phase Constant propagation, 71 netlist objects are constrained preventing optimization. Please run opt_design with -debug_log to get more detail. 

Phase 5 Sweep
Phase 5 Sweep | Checksum: ccaac2be

Time (s): cpu = 00:00:05 ; elapsed = 00:00:41 . Memory (MB): peak = 2153.801 ; gain = 24.949
Sweep | Checksum: ccaac2be
INFO: [Opt 31-389] Phase Sweep created 0 cells and removed 268 cells
INFO: [Opt 31-1021] In phase Sweep, 1196 netlist objects are constrained preventing optimization. Please run opt_design with -debug_log to get more detail. 

Phase 6 BUFG optimization
Phase 6 BUFG optimization | Checksum: ccaac2be

Time (s): cpu = 00:00:05 ; elapsed = 00:00:41 . Memory (MB): peak = 2153.801 ; gain = 24.949
BUFG optimization | Checksum: ccaac2be
INFO: [Opt 31-662] Phase BUFG optimization created 0 cells of which 0 are BUFGs and removed 0 cells.

Phase 7 Shift Register Optimization
WARNING: [Opt 31-1131] Can not pull register out from u_ila_0/inst/ila_core_inst/u_ila_cap_ctrl/U_CDONE/I_YESLUT6.U_SRL32_A due to none static srl address bits
WARNING: [Opt 31-1131] Can not pull register out from u_ila_0/inst/ila_core_inst/u_ila_cap_ctrl/U_CDONE/I_YESLUT6.U_SRL32_B due to none static srl address bits
WARNING: [Opt 31-1131] Can not pull register out from u_ila_0/inst/ila_core_inst/u_ila_cap_ctrl/U_NS0/I_YESLUT6.U_SRL32_A due to none static srl address bits
WARNING: [Opt 31-1131] Can not pull register out from u_ila_0/inst/ila_core_inst/u_ila_cap_ctrl/U_NS0/I_YESLUT6.U_SRL32_B due to none static srl address bits
WARNING: [Opt 31-1131] Can not pull register out from u_ila_0/inst/ila_core_inst/u_ila_cap_ctrl/U_NS0/I_YESLUT6.U_SRL32_C due to none static srl address bits
WARNING: [Opt 31-1131] Can not pull register out from u_ila_0/inst/ila_core_inst/u_ila_cap_ctrl/U_NS0/I_YESLUT6.U_SRL32_D due to none static srl address bits
WARNING: [Opt 31-1131] Can not pull register out from u_ila_0/inst/ila_core_inst/u_ila_cap_ctrl/U_NS1/I_YESLUT6.U_SRL32_A due to none static srl address bits
WARNING: [Opt 31-1131] Can not pull register out from u_ila_0/inst/ila_core_inst/u_ila_cap_ctrl/U_NS1/I_YESLUT6.U_SRL32_B due to none static srl address bits
WARNING: [Opt 31-1131] Can not pull register out from u_ila_0/inst/ila_core_inst/u_ila_cap_ctrl/U_NS1/I_YESLUT6.U_SRL32_C due to none static srl address bits
WARNING: [Opt 31-1131] Can not pull register out from u_ila_0/inst/ila_core_inst/u_ila_cap_ctrl/U_NS1/I_YESLUT6.U_SRL32_D due to none static srl address bits
WARNING: [Opt 31-1131] Can not pull register out from u_ila_0/inst/ila_core_inst/u_ila_cap_ctrl/u_cap_addrgen/U_CMPRESET/I_YESLUT6.U_SRL32_A due to none static srl address bits
WARNING: [Opt 31-1131] Can not pull register out from u_ila_0/inst/ila_core_inst/u_ila_cap_ctrl/u_cap_addrgen/U_CMPRESET/I_YESLUT6.U_SRL32_B due to none static srl address bits
WARNING: [Opt 31-1131] Can not pull register out from u_ila_0/inst/ila_core_inst/u_ila_cap_ctrl/u_cap_addrgen/u_cap_window_counter/U_WCE/I_YESLUT6.U_SRLC16E due to none static srl address bits
WARNING: [Opt 31-1131] Can not pull register out from u_ila_0/inst/ila_core_inst/u_ila_cap_ctrl/u_cap_addrgen/u_cap_window_counter/U_WHCMPCE/I_YESLUT6.U_SRL32 due to none static srl address bits
WARNING: [Opt 31-1131] Can not pull register out from u_ila_0/inst/ila_core_inst/u_ila_cap_ctrl/u_cap_addrgen/u_cap_window_counter/U_WLCMPCE/I_YESLUT6.U_SRL32 due to none static srl address bits
WARNING: [Opt 31-1131] Can not pull register out from u_ila_0/inst/ila_core_inst/u_ila_cap_ctrl/u_cap_addrgen/u_cap_sample_counter/U_SCE/I_YESLUT6.U_SRLC16E due to none static srl address bits
WARNING: [Opt 31-1131] Can not pull register out from u_ila_0/inst/ila_core_inst/u_ila_cap_ctrl/u_cap_addrgen/u_cap_sample_counter/U_SCMPCE/I_YESLUT6.U_SRL32 due to none static srl address bits
WARNING: [Opt 31-1131] Can not pull register out from u_ila_0/inst/ila_core_inst/u_ila_cap_ctrl/u_cap_addrgen/u_cap_sample_counter/U_SCRST/I_YESLUT6.U_SRL32_A due to none static srl address bits
WARNING: [Opt 31-1131] Can not pull register out from u_ila_0/inst/ila_core_inst/u_ila_cap_ctrl/u_cap_addrgen/u_cap_sample_counter/U_SCRST/I_YESLUT6.U_SRL32_B due to none static srl address bits
WARNING: [Opt 31-1131] Can not pull register out from design_1_i/axi_smc/inst/m00_exit_pipeline/m00_exit/inst/exit_inst/gen_r_cmd_fifo.r_cmd_fifo/gen_srls[3].srl_nx1/shift_reg_reg[0]_srl16 due to none static srl address bits
WARNING: [Opt 31-1131] Can not pull register out from design_1_i/axi_smc/inst/m00_exit_pipeline/m00_exit/inst/exit_inst/gen_r_cmd_fifo.r_cmd_fifo/gen_srls[10].srl_nx1/shift_reg_reg[0]_srl16 due to none static srl address bits
WARNING: [Opt 31-1131] Can not pull register out from design_1_i/axi_smc/inst/s00_entry_pipeline/s00_si_converter/inst/converter.wrap_narrow_inst/gen_thread_loop[0].r_cmd_fifo/gen_srls[19].srl_nx1/shift_reg_reg[0]_srl16 due to none static srl address bits
WARNING: [Opt 31-1131] Can not pull register out from design_1_i/axi_smc/inst/s00_entry_pipeline/s00_si_converter/inst/converter.wrap_narrow_inst/gen_thread_loop[0].r_cmd_fifo/gen_srls[17].srl_nx1/shift_reg_reg[0]_srl16 due to none static srl address bits
WARNING: [Opt 31-1131] Can not pull register out from design_1_i/axi_smc/inst/s00_entry_pipeline/s00_si_converter/inst/converter.wrap_narrow_inst/gen_thread_loop[0].r_cmd_fifo/gen_srls[20].srl_nx1/shift_reg_reg[0]_srl16 due to none static srl address bits
WARNING: [Opt 31-1131] Can not pull register out from design_1_i/axi_smc/inst/s00_entry_pipeline/s00_si_converter/inst/converter.wrap_narrow_inst/gen_thread_loop[0].r_payld_fifo/gen_srls[10].srl_nx1/shift_reg_reg[0]_srl32 due to none static srl address bits
WARNING: [Opt 31-1131] Can not pull register out from design_1_i/axi_smc/inst/s00_entry_pipeline/s00_si_converter/inst/converter.wrap_narrow_inst/gen_thread_loop[0].r_payld_fifo/gen_srls[11].srl_nx1/shift_reg_reg[0]_srl32 due to none static srl address bits
WARNING: [Opt 31-1131] Can not pull register out from design_1_i/axi_smc/inst/s00_entry_pipeline/s00_si_converter/inst/converter.wrap_narrow_inst/gen_thread_loop[0].r_payld_fifo/gen_srls[12].srl_nx1/shift_reg_reg[0]_srl32 due to none static srl address bits
WARNING: [Opt 31-1131] Can not pull register out from design_1_i/axi_smc/inst/s00_entry_pipeline/s00_si_converter/inst/converter.wrap_narrow_inst/gen_thread_loop[0].r_payld_fifo/gen_srls[13].srl_nx1/shift_reg_reg[0]_srl32 due to none static srl address bits
WARNING: [Opt 31-1131] Can not pull register out from design_1_i/axi_smc/inst/s00_entry_pipeline/s00_si_converter/inst/converter.wrap_narrow_inst/gen_thread_loop[0].r_payld_fifo/gen_srls[14].srl_nx1/shift_reg_reg[0]_srl32 due to none static srl address bits
WARNING: [Opt 31-1131] Can not pull register out from design_1_i/axi_smc/inst/s00_entry_pipeline/s00_si_converter/inst/converter.wrap_narrow_inst/gen_thread_loop[0].r_payld_fifo/gen_srls[15].srl_nx1/shift_reg_reg[0]_srl32 due to none static srl address bits
WARNING: [Opt 31-1131] Can not pull register out from design_1_i/axi_smc/inst/s00_entry_pipeline/s00_si_converter/inst/converter.wrap_narrow_inst/gen_thread_loop[0].r_payld_fifo/gen_srls[16].srl_nx1/shift_reg_reg[0]_srl32 due to none static srl address bits
WARNING: [Opt 31-1131] Can not pull register out from design_1_i/axi_smc/inst/s00_entry_pipeline/s00_si_converter/inst/converter.wrap_narrow_inst/gen_thread_loop[0].r_payld_fifo/gen_srls[17].srl_nx1/shift_reg_reg[0]_srl32 due to none static srl address bits
WARNING: [Opt 31-1131] Can not pull register out from design_1_i/axi_smc/inst/s00_entry_pipeline/s00_si_converter/inst/converter.wrap_narrow_inst/gen_thread_loop[0].r_payld_fifo/gen_srls[18].srl_nx1/shift_reg_reg[0]_srl32 due to none static srl address bits
WARNING: [Opt 31-1131] Can not pull register out from design_1_i/axi_smc/inst/s00_entry_pipeline/s00_si_converter/inst/converter.wrap_narrow_inst/gen_thread_loop[0].r_payld_fifo/gen_srls[19].srl_nx1/shift_reg_reg[0]_srl32 due to none static srl address bits
WARNING: [Opt 31-1131] Can not pull register out from design_1_i/axi_smc/inst/s00_entry_pipeline/s00_si_converter/inst/converter.wrap_narrow_inst/gen_thread_loop[0].r_payld_fifo/gen_srls[20].srl_nx1/shift_reg_reg[0]_srl32 due to none static srl address bits
WARNING: [Opt 31-1131] Can not pull register out from design_1_i/axi_smc/inst/s00_entry_pipeline/s00_si_converter/inst/converter.wrap_narrow_inst/gen_thread_loop[0].r_payld_fifo/gen_srls[21].srl_nx1/shift_reg_reg[0]_srl32 due to none static srl address bits
WARNING: [Opt 31-1131] Can not pull register out from design_1_i/axi_smc/inst/s00_entry_pipeline/s00_si_converter/inst/converter.wrap_narrow_inst/gen_thread_loop[0].r_payld_fifo/gen_srls[22].srl_nx1/shift_reg_reg[0]_srl32 due to none static srl address bits
WARNING: [Opt 31-1131] Can not pull register out from design_1_i/axi_smc/inst/s00_entry_pipeline/s00_si_converter/inst/converter.wrap_narrow_inst/gen_thread_loop[0].r_payld_fifo/gen_srls[23].srl_nx1/shift_reg_reg[0]_srl32 due to none static srl address bits
WARNING: [Opt 31-1131] Can not pull register out from design_1_i/axi_smc/inst/s00_entry_pipeline/s00_si_converter/inst/converter.wrap_narrow_inst/gen_thread_loop[0].r_payld_fifo/gen_srls[24].srl_nx1/shift_reg_reg[0]_srl32 due to none static srl address bits
WARNING: [Opt 31-1131] Can not pull register out from design_1_i/axi_smc/inst/s00_entry_pipeline/s00_si_converter/inst/converter.wrap_narrow_inst/gen_thread_loop[0].r_payld_fifo/gen_srls[25].srl_nx1/shift_reg_reg[0]_srl32 due to none static srl address bits
WARNING: [Opt 31-1131] Can not pull register out from design_1_i/axi_smc/inst/s00_entry_pipeline/s00_si_converter/inst/converter.wrap_narrow_inst/gen_thread_loop[0].r_payld_fifo/gen_srls[26].srl_nx1/shift_reg_reg[0]_srl32 due to none static srl address bits
WARNING: [Opt 31-1131] Can not pull register out from design_1_i/axi_smc/inst/s00_entry_pipeline/s00_si_converter/inst/converter.wrap_narrow_inst/gen_thread_loop[0].r_payld_fifo/gen_srls[27].srl_nx1/shift_reg_reg[0]_srl32 due to none static srl address bits
WARNING: [Opt 31-1131] Can not pull register out from design_1_i/axi_smc/inst/s00_entry_pipeline/s00_si_converter/inst/converter.wrap_narrow_inst/gen_thread_loop[0].r_payld_fifo/gen_srls[28].srl_nx1/shift_reg_reg[0]_srl32 due to none static srl address bits
WARNING: [Opt 31-1131] Can not pull register out from design_1_i/axi_smc/inst/s00_entry_pipeline/s00_si_converter/inst/converter.wrap_narrow_inst/gen_thread_loop[0].r_payld_fifo/gen_srls[29].srl_nx1/shift_reg_reg[0]_srl32 due to none static srl address bits
WARNING: [Opt 31-1131] Can not pull register out from design_1_i/axi_smc/inst/s00_entry_pipeline/s00_si_converter/inst/converter.wrap_narrow_inst/gen_thread_loop[0].r_payld_fifo/gen_srls[30].srl_nx1/shift_reg_reg[0]_srl32 due to none static srl address bits
WARNING: [Opt 31-1131] Can not pull register out from design_1_i/axi_smc/inst/s00_entry_pipeline/s00_si_converter/inst/converter.wrap_narrow_inst/gen_thread_loop[0].r_payld_fifo/gen_srls[31].srl_nx1/shift_reg_reg[0]_srl32 due to none static srl address bits
WARNING: [Opt 31-1131] Can not pull register out from design_1_i/axi_smc/inst/s00_entry_pipeline/s00_si_converter/inst/converter.wrap_narrow_inst/gen_thread_loop[0].r_payld_fifo/gen_srls[32].srl_nx1/shift_reg_reg[0]_srl32 due to none static srl address bits
WARNING: [Opt 31-1131] Can not pull register out from design_1_i/axi_smc/inst/s00_entry_pipeline/s00_si_converter/inst/converter.wrap_narrow_inst/gen_thread_loop[0].r_payld_fifo/gen_srls[33].srl_nx1/shift_reg_reg[0]_srl32 due to none static srl address bits
WARNING: [Opt 31-1131] Can not pull register out from design_1_i/axi_smc/inst/s00_entry_pipeline/s00_si_converter/inst/converter.wrap_narrow_inst/gen_thread_loop[0].r_payld_fifo/gen_srls[34].srl_nx1/shift_reg_reg[0]_srl32 due to none static srl address bits
WARNING: [Opt 31-1131] Can not pull register out from design_1_i/axi_smc/inst/s00_entry_pipeline/s00_si_converter/inst/converter.wrap_narrow_inst/gen_thread_loop[0].r_payld_fifo/gen_srls[35].srl_nx1/shift_reg_reg[0]_srl32 due to none static srl address bits
WARNING: [Opt 31-1131] Can not pull register out from design_1_i/axi_smc/inst/s00_entry_pipeline/s00_si_converter/inst/converter.wrap_narrow_inst/gen_thread_loop[0].r_payld_fifo/gen_srls[4].srl_nx1/shift_reg_reg[0]_srl32 due to none static srl address bits
WARNING: [Opt 31-1131] Can not pull register out from design_1_i/axi_smc/inst/s00_entry_pipeline/s00_si_converter/inst/converter.wrap_narrow_inst/gen_thread_loop[0].r_payld_fifo/gen_srls[5].srl_nx1/shift_reg_reg[0]_srl32 due to none static srl address bits
WARNING: [Opt 31-1131] Can not pull register out from design_1_i/axi_smc/inst/s00_entry_pipeline/s00_si_converter/inst/converter.wrap_narrow_inst/gen_thread_loop[0].r_payld_fifo/gen_srls[6].srl_nx1/shift_reg_reg[0]_srl32 due to none static srl address bits
WARNING: [Opt 31-1131] Can not pull register out from design_1_i/axi_smc/inst/s00_entry_pipeline/s00_si_converter/inst/converter.wrap_narrow_inst/gen_thread_loop[0].r_payld_fifo/gen_srls[7].srl_nx1/shift_reg_reg[0]_srl32 due to none static srl address bits
WARNING: [Opt 31-1131] Can not pull register out from design_1_i/axi_smc/inst/s00_entry_pipeline/s00_si_converter/inst/converter.wrap_narrow_inst/gen_thread_loop[0].r_payld_fifo/gen_srls[8].srl_nx1/shift_reg_reg[0]_srl32 due to none static srl address bits
WARNING: [Opt 31-1131] Can not pull register out from design_1_i/axi_smc/inst/s00_entry_pipeline/s00_si_converter/inst/converter.wrap_narrow_inst/gen_thread_loop[0].r_payld_fifo/gen_srls[9].srl_nx1/shift_reg_reg[0]_srl32 due to none static srl address bits
WARNING: [Opt 31-1131] Can not pull register out from design_1_i/axi_smc/inst/s00_entry_pipeline/s00_si_converter/inst/converter.wrap_narrow_inst/w_cmd_fifo/gen_srls[10].srl_nx1/shift_reg_reg[0]_srl16 due to none static srl address bits
WARNING: [Opt 31-1131] Can not pull register out from design_1_i/axi_smc/inst/s00_entry_pipeline/s00_si_converter/inst/converter.wrap_narrow_inst/w_cmd_fifo/gen_srls[14].srl_nx1/shift_reg_reg[0]_srl16 due to none static srl address bits
WARNING: [Opt 31-1131] Can not pull register out from design_1_i/axi_smc/inst/s00_entry_pipeline/s00_si_converter/inst/converter.wrap_narrow_inst/w_cmd_fifo/gen_srls[15].srl_nx1/shift_reg_reg[0]_srl16 due to none static srl address bits
WARNING: [Opt 31-1131] Can not pull register out from design_1_i/axi_smc/inst/s00_entry_pipeline/s00_si_converter/inst/converter.wrap_narrow_inst/w_payld_fifo/gen_srls[100].srl_nx1/shift_reg_reg[0]_srl32 due to none static srl address bits
WARNING: [Opt 31-1131] Can not pull register out from design_1_i/axi_smc/inst/s00_entry_pipeline/s00_si_converter/inst/converter.wrap_narrow_inst/w_payld_fifo/gen_srls[101].srl_nx1/shift_reg_reg[0]_srl32 due to none static srl address bits
WARNING: [Opt 31-1131] Can not pull register out from design_1_i/axi_smc/inst/s00_entry_pipeline/s00_si_converter/inst/converter.wrap_narrow_inst/w_payld_fifo/gen_srls[102].srl_nx1/shift_reg_reg[0]_srl32 due to none static srl address bits
WARNING: [Opt 31-1131] Can not pull register out from design_1_i/axi_smc/inst/s00_entry_pipeline/s00_si_converter/inst/converter.wrap_narrow_inst/w_payld_fifo/gen_srls[103].srl_nx1/shift_reg_reg[0]_srl32 due to none static srl address bits
WARNING: [Opt 31-1131] Can not pull register out from design_1_i/axi_smc/inst/s00_entry_pipeline/s00_si_converter/inst/converter.wrap_narrow_inst/w_payld_fifo/gen_srls[68].srl_nx1/shift_reg_reg[0]_srl32 due to none static srl address bits
WARNING: [Opt 31-1131] Can not pull register out from design_1_i/axi_smc/inst/s00_entry_pipeline/s00_si_converter/inst/converter.wrap_narrow_inst/w_payld_fifo/gen_srls[69].srl_nx1/shift_reg_reg[0]_srl32 due to none static srl address bits
WARNING: [Opt 31-1131] Can not pull register out from design_1_i/axi_smc/inst/s00_entry_pipeline/s00_si_converter/inst/converter.wrap_narrow_inst/w_payld_fifo/gen_srls[70].srl_nx1/shift_reg_reg[0]_srl32 due to none static srl address bits
WARNING: [Opt 31-1131] Can not pull register out from design_1_i/axi_smc/inst/s00_entry_pipeline/s00_si_converter/inst/converter.wrap_narrow_inst/w_payld_fifo/gen_srls[71].srl_nx1/shift_reg_reg[0]_srl32 due to none static srl address bits
WARNING: [Opt 31-1131] Can not pull register out from design_1_i/axi_smc/inst/s00_entry_pipeline/s00_si_converter/inst/converter.wrap_narrow_inst/w_payld_fifo/gen_srls[72].srl_nx1/shift_reg_reg[0]_srl32 due to none static srl address bits
WARNING: [Opt 31-1131] Can not pull register out from design_1_i/axi_smc/inst/s00_entry_pipeline/s00_si_converter/inst/converter.wrap_narrow_inst/w_payld_fifo/gen_srls[73].srl_nx1/shift_reg_reg[0]_srl32 due to none static srl address bits
WARNING: [Opt 31-1131] Can not pull register out from design_1_i/axi_smc/inst/s00_entry_pipeline/s00_si_converter/inst/converter.wrap_narrow_inst/w_payld_fifo/gen_srls[74].srl_nx1/shift_reg_reg[0]_srl32 due to none static srl address bits
WARNING: [Opt 31-1131] Can not pull register out from design_1_i/axi_smc/inst/s00_entry_pipeline/s00_si_converter/inst/converter.wrap_narrow_inst/w_payld_fifo/gen_srls[75].srl_nx1/shift_reg_reg[0]_srl32 due to none static srl address bits
WARNING: [Opt 31-1131] Can not pull register out from design_1_i/axi_smc/inst/s00_entry_pipeline/s00_si_converter/inst/converter.wrap_narrow_inst/w_payld_fifo/gen_srls[76].srl_nx1/shift_reg_reg[0]_srl32 due to none static srl address bits
WARNING: [Opt 31-1131] Can not pull register out from design_1_i/axi_smc/inst/s00_entry_pipeline/s00_si_converter/inst/converter.wrap_narrow_inst/w_payld_fifo/gen_srls[77].srl_nx1/shift_reg_reg[0]_srl32 due to none static srl address bits
WARNING: [Opt 31-1131] Can not pull register out from design_1_i/axi_smc/inst/s00_entry_pipeline/s00_si_converter/inst/converter.wrap_narrow_inst/w_payld_fifo/gen_srls[78].srl_nx1/shift_reg_reg[0]_srl32 due to none static srl address bits
WARNING: [Opt 31-1131] Can not pull register out from design_1_i/axi_smc/inst/s00_entry_pipeline/s00_si_converter/inst/converter.wrap_narrow_inst/w_payld_fifo/gen_srls[79].srl_nx1/shift_reg_reg[0]_srl32 due to none static srl address bits
WARNING: [Opt 31-1131] Can not pull register out from design_1_i/axi_smc/inst/s00_entry_pipeline/s00_si_converter/inst/converter.wrap_narrow_inst/w_payld_fifo/gen_srls[80].srl_nx1/shift_reg_reg[0]_srl32 due to none static srl address bits
WARNING: [Opt 31-1131] Can not pull register out from design_1_i/axi_smc/inst/s00_entry_pipeline/s00_si_converter/inst/converter.wrap_narrow_inst/w_payld_fifo/gen_srls[81].srl_nx1/shift_reg_reg[0]_srl32 due to none static srl address bits
WARNING: [Opt 31-1131] Can not pull register out from design_1_i/axi_smc/inst/s00_entry_pipeline/s00_si_converter/inst/converter.wrap_narrow_inst/w_payld_fifo/gen_srls[82].srl_nx1/shift_reg_reg[0]_srl32 due to none static srl address bits
WARNING: [Opt 31-1131] Can not pull register out from design_1_i/axi_smc/inst/s00_entry_pipeline/s00_si_converter/inst/converter.wrap_narrow_inst/w_payld_fifo/gen_srls[83].srl_nx1/shift_reg_reg[0]_srl32 due to none static srl address bits
WARNING: [Opt 31-1131] Can not pull register out from design_1_i/axi_smc/inst/s00_entry_pipeline/s00_si_converter/inst/converter.wrap_narrow_inst/w_payld_fifo/gen_srls[84].srl_nx1/shift_reg_reg[0]_srl32 due to none static srl address bits
WARNING: [Opt 31-1131] Can not pull register out from design_1_i/axi_smc/inst/s00_entry_pipeline/s00_si_converter/inst/converter.wrap_narrow_inst/w_payld_fifo/gen_srls[85].srl_nx1/shift_reg_reg[0]_srl32 due to none static srl address bits
WARNING: [Opt 31-1131] Can not pull register out from design_1_i/axi_smc/inst/s00_entry_pipeline/s00_si_converter/inst/converter.wrap_narrow_inst/w_payld_fifo/gen_srls[86].srl_nx1/shift_reg_reg[0]_srl32 due to none static srl address bits
WARNING: [Opt 31-1131] Can not pull register out from design_1_i/axi_smc/inst/s00_entry_pipeline/s00_si_converter/inst/converter.wrap_narrow_inst/w_payld_fifo/gen_srls[87].srl_nx1/shift_reg_reg[0]_srl32 due to none static srl address bits
WARNING: [Opt 31-1131] Can not pull register out from design_1_i/axi_smc/inst/s00_entry_pipeline/s00_si_converter/inst/converter.wrap_narrow_inst/w_payld_fifo/gen_srls[88].srl_nx1/shift_reg_reg[0]_srl32 due to none static srl address bits
WARNING: [Opt 31-1131] Can not pull register out from design_1_i/axi_smc/inst/s00_entry_pipeline/s00_si_converter/inst/converter.wrap_narrow_inst/w_payld_fifo/gen_srls[89].srl_nx1/shift_reg_reg[0]_srl32 due to none static srl address bits
WARNING: [Opt 31-1131] Can not pull register out from design_1_i/axi_smc/inst/s00_entry_pipeline/s00_si_converter/inst/converter.wrap_narrow_inst/w_payld_fifo/gen_srls[90].srl_nx1/shift_reg_reg[0]_srl32 due to none static srl address bits
WARNING: [Opt 31-1131] Can not pull register out from design_1_i/axi_smc/inst/s00_entry_pipeline/s00_si_converter/inst/converter.wrap_narrow_inst/w_payld_fifo/gen_srls[91].srl_nx1/shift_reg_reg[0]_srl32 due to none static srl address bits
WARNING: [Opt 31-1131] Can not pull register out from design_1_i/axi_smc/inst/s00_entry_pipeline/s00_si_converter/inst/converter.wrap_narrow_inst/w_payld_fifo/gen_srls[92].srl_nx1/shift_reg_reg[0]_srl32 due to none static srl address bits
WARNING: [Opt 31-1131] Can not pull register out from design_1_i/axi_smc/inst/s00_entry_pipeline/s00_si_converter/inst/converter.wrap_narrow_inst/w_payld_fifo/gen_srls[93].srl_nx1/shift_reg_reg[0]_srl32 due to none static srl address bits
WARNING: [Opt 31-1131] Can not pull register out from design_1_i/axi_smc/inst/s00_entry_pipeline/s00_si_converter/inst/converter.wrap_narrow_inst/w_payld_fifo/gen_srls[94].srl_nx1/shift_reg_reg[0]_srl32 due to none static srl address bits
WARNING: [Opt 31-1131] Can not pull register out from design_1_i/axi_smc/inst/s00_entry_pipeline/s00_si_converter/inst/converter.wrap_narrow_inst/w_payld_fifo/gen_srls[95].srl_nx1/shift_reg_reg[0]_srl32 due to none static srl address bits
WARNING: [Opt 31-1131] Can not pull register out from design_1_i/axi_smc/inst/s00_entry_pipeline/s00_si_converter/inst/converter.wrap_narrow_inst/w_payld_fifo/gen_srls[96].srl_nx1/shift_reg_reg[0]_srl32 due to none static srl address bits
WARNING: [Opt 31-1131] Can not pull register out from design_1_i/axi_smc/inst/s00_entry_pipeline/s00_si_converter/inst/converter.wrap_narrow_inst/w_payld_fifo/gen_srls[97].srl_nx1/shift_reg_reg[0]_srl32 due to none static srl address bits
WARNING: [Opt 31-1131] Can not pull register out from design_1_i/axi_smc/inst/s00_entry_pipeline/s00_si_converter/inst/converter.wrap_narrow_inst/w_payld_fifo/gen_srls[98].srl_nx1/shift_reg_reg[0]_srl32 due to none static srl address bits
WARNING: [Opt 31-1131] Can not pull register out from design_1_i/axi_smc/inst/s00_entry_pipeline/s00_si_converter/inst/converter.wrap_narrow_inst/w_payld_fifo/gen_srls[99].srl_nx1/shift_reg_reg[0]_srl32 due to none static srl address bits
WARNING: [Opt 31-1131] Can not pull register out from design_1_i/axi_smc/inst/s00_entry_pipeline/s00_si_converter/inst/gen_normal.splitter_inst/gen_no_wsplitter.gen_endpoint_woffset.gen_wbypass_offset_fifo.wbypass_offset_fifo/gen_srls[2].srl_nx1/shift_reg_reg[0]_srl16 due to none static srl address bits
WARNING: [Opt 31-1131] Can not pull register out from design_1_i/axi_smc/inst/s00_entry_pipeline/s00_si_converter/inst/gen_normal.splitter_inst/gen_no_wsplitter.gen_endpoint_woffset.gen_wbypass_offset_fifo.wbypass_offset_fifo/gen_srls[4].srl_nx1/shift_reg_reg[0]_srl16 due to none static srl address bits
WARNING: [Opt 31-1131] Can not pull register out from design_1_i/axi_smc/inst/s00_entry_pipeline/s00_si_converter/inst/gen_normal.splitter_inst/gen_no_wsplitter.gen_endpoint_woffset.gen_wbypass_offset_fifo.wbypass_offset_fifo/gen_srls[5].srl_nx1/shift_reg_reg[0]_srl16 due to none static srl address bits
WARNING: [Opt 31-1131] Can not pull register out from design_1_i/axi_smc/inst/s00_entry_pipeline/s00_si_converter/inst/gen_normal.splitter_inst/gen_no_wsplitter.gen_endpoint_woffset.gen_wbypass_offset_fifo.wbypass_offset_fifo/gen_srls[6].srl_nx1/shift_reg_reg[0]_srl16 due to none static srl address bits
WARNING: [Opt 31-1131] Can not pull register out from design_1_i/axi_smc/inst/s00_entry_pipeline/s00_si_converter/inst/gen_normal.splitter_inst/gen_no_wsplitter.gen_endpoint_woffset.gen_wbypass_offset_fifo.wbypass_offset_fifo/gen_srls[9].srl_nx1/shift_reg_reg[0]_srl16 due to none static srl address bits
INFO: [Common 17-14] Message 'Opt 31-1131' appears 100 times and further instances of the messages will be disabled. Use the Tcl command set_msg_config to change the current settings.
INFO: [Opt 31-1064] SRL Remap converted 0 SRLs to 0 registers and converted 0 registers of register chains to 0 SRLs
Phase 7 Shift Register Optimization | Checksum: ccaac2be

Time (s): cpu = 00:00:05 ; elapsed = 00:00:41 . Memory (MB): peak = 2153.801 ; gain = 24.949
Shift Register Optimization | Checksum: ccaac2be
INFO: [Opt 31-389] Phase Shift Register Optimization created 0 cells and removed 0 cells

Phase 8 Post Processing Netlist
Phase 8 Post Processing Netlist | Checksum: 5913686e

Time (s): cpu = 00:00:05 ; elapsed = 00:00:41 . Memory (MB): peak = 2153.801 ; gain = 24.949
Post Processing Netlist | Checksum: 5913686e
INFO: [Opt 31-389] Phase Post Processing Netlist created 0 cells and removed 0 cells
INFO: [Opt 31-1021] In phase Post Processing Netlist, 79 netlist objects are constrained preventing optimization. Please run opt_design with -debug_log to get more detail. 

Phase 9 Finalization

Phase 9.1 Finalizing Design Cores and Updating Shapes
Phase 9.1 Finalizing Design Cores and Updating Shapes | Checksum: 19ede0af2

Time (s): cpu = 00:00:05 ; elapsed = 00:00:41 . Memory (MB): peak = 2153.801 ; gain = 24.949

Phase 9.2 Verifying Netlist Connectivity

Starting Connectivity Check Task

Time (s): cpu = 00:00:00 ; elapsed = 00:00:00.025 . Memory (MB): peak = 2153.801 ; gain = 0.000
Phase 9.2 Verifying Netlist Connectivity | Checksum: 19ede0af2

Time (s): cpu = 00:00:05 ; elapsed = 00:00:41 . Memory (MB): peak = 2153.801 ; gain = 24.949
Phase 9 Finalization | Checksum: 19ede0af2

Time (s): cpu = 00:00:05 ; elapsed = 00:00:41 . Memory (MB): peak = 2153.801 ; gain = 24.949
Opt_design Change Summary
=========================


-------------------------------------------------------------------------------------------------------------------------
|  Phase                        |  #Cells created  |  #Cells Removed  |  #Constrained objects preventing optimizations  |
-------------------------------------------------------------------------------------------------------------------------
|  Retarget                     |             120  |             166  |                                             88  |
|  Constant propagation         |             180  |             921  |                                             71  |
|  Sweep                        |               0  |             268  |                                           1196  |
|  BUFG optimization            |               0  |               0  |                                              0  |
|  Shift Register Optimization  |               0  |               0  |                                              0  |
|  Post Processing Netlist      |               0  |               0  |                                             79  |
-------------------------------------------------------------------------------------------------------------------------


Ending Logic Optimization Task | Checksum: 19ede0af2

Time (s): cpu = 00:00:05 ; elapsed = 00:00:41 . Memory (MB): peak = 2153.801 ; gain = 24.949
INFO: [Constraints 18-11670] Building netlist checker database with flags, 0x8
Done building netlist checker database: Time (s): cpu = 00:00:00 ; elapsed = 00:00:00.011 . Memory (MB): peak = 2153.801 ; gain = 0.000

Starting Power Optimization Task
INFO: [Pwropt 34-132] Skipping clock gating for clocks with a period < 2.00 ns.
INFO: [Pwropt 34-9] Applying IDT optimizations ...
INFO: [Pwropt 34-10] Applying ODC optimizations ...
INFO: [Timing 38-35] Done setting XDC timing constraints.
Running Vector-less Activity Propagation...

Finished Running Vector-less Activity Propagation


Starting PowerOpt Patch Enables Task
INFO: [Pwropt 34-162] WRITE_MODE attribute of 0 BRAM(s) out of a total of 5 has been updated to save power. Run report_power_opt to get a complete listing of the BRAMs updated.
INFO: [Pwropt 34-201] Structural ODC has moved 0 WE to EN ports
Number of BRAM Ports augmented: 5 newly gated: 0 Total Ports: 10
Ending PowerOpt Patch Enables Task | Checksum: fc39d864

Time (s): cpu = 00:00:00 ; elapsed = 00:00:00.033 . Memory (MB): peak = 2312.355 ; gain = 0.000
Ending Power Optimization Task | Checksum: fc39d864

Time (s): cpu = 00:00:04 ; elapsed = 00:00:02 . Memory (MB): peak = 2312.355 ; gain = 158.555

Starting Final Cleanup Task
Ending Final Cleanup Task | Checksum: fc39d864

Time (s): cpu = 00:00:00 ; elapsed = 00:00:00.002 . Memory (MB): peak = 2312.355 ; gain = 0.000

Starting Netlist Obfuscation Task
Netlist sorting complete. Time (s): cpu = 00:00:00 ; elapsed = 00:00:00.003 . Memory (MB): peak = 2312.355 ; gain = 0.000
Ending Netlist Obfuscation Task | Checksum: 1b6ebf270

Time (s): cpu = 00:00:00 ; elapsed = 00:00:00.006 . Memory (MB): peak = 2312.355 ; gain = 0.000
INFO: [Common 17-83] Releasing license: Implementation
63 Infos, 211 Warnings, 0 Critical Warnings and 0 Errors encountered.
opt_design completed successfully
opt_design: Time (s): cpu = 00:00:12 ; elapsed = 00:00:47 . Memory (MB): peak = 2312.355 ; gain = 520.996
INFO: [runtcl-4] Executing : report_drc -file design_1_wrapper_drc_opted.rpt -pb design_1_wrapper_drc_opted.pb -rpx design_1_wrapper_drc_opted.rpx
Command: report_drc -file design_1_wrapper_drc_opted.rpt -pb design_1_wrapper_drc_opted.pb -rpx design_1_wrapper_drc_opted.rpx
INFO: [IP_Flow 19-1839] IP Catalog is up to date.
INFO: [DRC 23-27] Running DRC with 2 threads
INFO: [Vivado_Tcl 2-168] The results of DRC are in file C:/Users/zafranc/Desktop/ECEN4243_Lab3/lab3/Vivado/lab3/lab3.runs/impl_1/design_1_wrapper_drc_opted.rpt.
report_drc completed successfully
INFO: [Timing 38-35] Done setting XDC timing constraints.
INFO: [Timing 38-480] Writing timing data to binary archive.
Write ShapeDB Complete: Time (s): cpu = 00:00:00 ; elapsed = 00:00:00.020 . Memory (MB): peak = 2312.355 ; gain = 0.000
Wrote PlaceDB: Time (s): cpu = 00:00:00 ; elapsed = 00:00:00.023 . Memory (MB): peak = 2312.355 ; gain = 0.000
Wrote PulsedLatchDB: Time (s): cpu = 00:00:00 ; elapsed = 00:00:00.001 . Memory (MB): peak = 2312.355 ; gain = 0.000
Writing XDEF routing.
Writing XDEF routing logical nets.
Writing XDEF routing special nets.
Wrote RouteStorage: Time (s): cpu = 00:00:01 ; elapsed = 00:00:00.045 . Memory (MB): peak = 2312.355 ; gain = 0.000
Wrote Netlist Cache: Time (s): cpu = 00:00:00 ; elapsed = 00:00:00.001 . Memory (MB): peak = 2312.355 ; gain = 0.000
Wrote Device Cache: Time (s): cpu = 00:00:00 ; elapsed = 00:00:00.010 . Memory (MB): peak = 2312.355 ; gain = 0.000
Write Physdb Complete: Time (s): cpu = 00:00:01 ; elapsed = 00:00:00.087 . Memory (MB): peak = 2312.355 ; gain = 0.000
INFO: [Common 17-1381] The checkpoint 'C:/Users/zafranc/Desktop/ECEN4243_Lab3/lab3/Vivado/lab3/lab3.runs/impl_1/design_1_wrapper_opt.dcp' has been generated.
INFO: [Chipscope 16-240] Debug cores have already been implemented
Command: place_design
Attempting to get a license for feature 'Implementation' and/or device 'xc7z020'
INFO: [Common 17-349] Got license for feature 'Implementation' and/or device 'xc7z020'
INFO: [Common 17-83] Releasing license: Implementation
INFO: [DRC 23-27] Running DRC with 2 threads
INFO: [Vivado_Tcl 4-198] DRC finished with 0 Errors
INFO: [Vivado_Tcl 4-199] Please refer to the DRC report (report_drc) for more information.
Running DRC as a precondition to command place_design
INFO: [DRC 23-27] Running DRC with 2 threads
INFO: [Vivado_Tcl 4-198] DRC finished with 0 Errors
INFO: [Vivado_Tcl 4-199] Please refer to the DRC report (report_drc) for more information.
INFO: [Place 30-611] Multithreading enabled for place_design using a maximum of 2 CPUs

Starting Placer Task

Phase 1 Placer Initialization

Phase 1.1 Placer Initialization Netlist Sorting
Netlist sorting complete. Time (s): cpu = 00:00:00 ; elapsed = 00:00:00.007 . Memory (MB): peak = 2312.355 ; gain = 0.000
Phase 1.1 Placer Initialization Netlist Sorting | Checksum: d2178151

Time (s): cpu = 00:00:00 ; elapsed = 00:00:00.013 . Memory (MB): peak = 2312.355 ; gain = 0.000
Netlist sorting complete. Time (s): cpu = 00:00:00 ; elapsed = 00:00:00.005 . Memory (MB): peak = 2312.355 ; gain = 0.000

Phase 1.2 IO Placement/ Clock Placement/ Build Placer Device
Phase 1.2 IO Placement/ Clock Placement/ Build Placer Device | Checksum: 8a87c7a5

Time (s): cpu = 00:00:01 ; elapsed = 00:00:00.984 . Memory (MB): peak = 2312.355 ; gain = 0.000

Phase 1.3 Build Placer Netlist Model
Phase 1.3 Build Placer Netlist Model | Checksum: 17fd24565

Time (s): cpu = 00:00:05 ; elapsed = 00:00:03 . Memory (MB): peak = 2312.355 ; gain = 0.000

Phase 1.4 Constrain Clocks/Macros
Phase 1.4 Constrain Clocks/Macros | Checksum: 17fd24565

Time (s): cpu = 00:00:05 ; elapsed = 00:00:03 . Memory (MB): peak = 2312.355 ; gain = 0.000
Phase 1 Placer Initialization | Checksum: 17fd24565

Time (s): cpu = 00:00:05 ; elapsed = 00:00:03 . Memory (MB): peak = 2312.355 ; gain = 0.000

Phase 2 Global Placement

Phase 2.1 Floorplanning
Phase 2.1 Floorplanning | Checksum: 15dbbed52

Time (s): cpu = 00:00:06 ; elapsed = 00:00:04 . Memory (MB): peak = 2312.355 ; gain = 0.000

Phase 2.2 Update Timing before SLR Path Opt
Phase 2.2 Update Timing before SLR Path Opt | Checksum: f363a72e

Time (s): cpu = 00:00:07 ; elapsed = 00:00:04 . Memory (MB): peak = 2312.355 ; gain = 0.000

Phase 2.3 Post-Processing in Floorplanning
Phase 2.3 Post-Processing in Floorplanning | Checksum: f363a72e

Time (s): cpu = 00:00:07 ; elapsed = 00:00:04 . Memory (MB): peak = 2312.355 ; gain = 0.000

Phase 2.4 Global Placement Core

Phase 2.4.1 UpdateTiming Before Physical Synthesis
Phase 2.4.1 UpdateTiming Before Physical Synthesis | Checksum: 1ff48f8c0

Time (s): cpu = 00:00:12 ; elapsed = 00:00:07 . Memory (MB): peak = 2312.355 ; gain = 0.000

Phase 2.4.2 Physical Synthesis In Placer
INFO: [Physopt 32-1035] Found 0 LUTNM shape to break, 369 LUT instances to create LUTNM shape
INFO: [Physopt 32-1044] Break lutnm for timing: one critical 0, two critical 0, total 0, new lutff created 0
INFO: [Physopt 32-1138] End 1 Pass. Optimized 141 nets or LUTs. Breaked 0 LUT, combined 141 existing LUTs and moved 0 existing LUT
INFO: [Physopt 32-65] No nets found for high-fanout optimization.
INFO: [Physopt 32-232] Optimized 0 net. Created 0 new instance.
INFO: [Physopt 32-775] End 1 Pass. Optimized 0 net or cell. Created 0 new cell, deleted 0 existing cell and moved 0 existing cell
INFO: [Physopt 32-670] No setup violation found.  DSP Register Optimization was not performed.
INFO: [Physopt 32-670] No setup violation found.  Shift Register to Pipeline Optimization was not performed.
INFO: [Physopt 32-670] No setup violation found.  Shift Register Optimization was not performed.
INFO: [Physopt 32-670] No setup violation found.  BRAM Register Optimization was not performed.
INFO: [Physopt 32-670] No setup violation found.  URAM Register Optimization was not performed.
INFO: [Physopt 32-949] No candidate nets found for dynamic/static region interface net replication
INFO: [Physopt 32-775] End 1 Pass. Optimized 0 net or cell. Created 0 new cell, deleted 0 existing cell and moved 0 existing cell
Netlist sorting complete. Time (s): cpu = 00:00:00 ; elapsed = 00:00:00.004 . Memory (MB): peak = 2312.355 ; gain = 0.000

Summary of Physical Synthesis Optimizations
============================================


-----------------------------------------------------------------------------------------------------------------------------------------------------------
|  Optimization                                     |  Added Cells  |  Removed Cells  |  Optimized Cells/Nets  |  Dont Touch  |  Iterations  |  Elapsed   |
-----------------------------------------------------------------------------------------------------------------------------------------------------------
|  LUT Combining                                    |            0  |            141  |                   141  |           0  |           1  |  00:00:00  |
|  Retime                                           |            0  |              0  |                     0  |           0  |           1  |  00:00:00  |
|  Very High Fanout                                 |            0  |              0  |                     0  |           0  |           1  |  00:00:00  |
|  DSP Register                                     |            0  |              0  |                     0  |           0  |           0  |  00:00:00  |
|  Shift Register to Pipeline                       |            0  |              0  |                     0  |           0  |           0  |  00:00:00  |
|  Shift Register                                   |            0  |              0  |                     0  |           0  |           0  |  00:00:00  |
|  BRAM Register                                    |            0  |              0  |                     0  |           0  |           0  |  00:00:00  |
|  URAM Register                                    |            0  |              0  |                     0  |           0  |           0  |  00:00:00  |
|  Dynamic/Static Region Interface Net Replication  |            0  |              0  |                     0  |           0  |           1  |  00:00:00  |
|  Total                                            |            0  |            141  |                   141  |           0  |           4  |  00:00:00  |
-----------------------------------------------------------------------------------------------------------------------------------------------------------


Phase 2.4.2 Physical Synthesis In Placer | Checksum: 250a0d8fd

Time (s): cpu = 00:00:13 ; elapsed = 00:00:08 . Memory (MB): peak = 2312.355 ; gain = 0.000
Phase 2.4 Global Placement Core | Checksum: 18e8a0ed2

Time (s): cpu = 00:00:13 ; elapsed = 00:00:08 . Memory (MB): peak = 2312.355 ; gain = 0.000
Phase 2 Global Placement | Checksum: 18e8a0ed2

Time (s): cpu = 00:00:13 ; elapsed = 00:00:08 . Memory (MB): peak = 2312.355 ; gain = 0.000

Phase 3 Detail Placement

Phase 3.1 Commit Multi Column Macros
Phase 3.1 Commit Multi Column Macros | Checksum: 11ccd4117

Time (s): cpu = 00:00:14 ; elapsed = 00:00:09 . Memory (MB): peak = 2312.355 ; gain = 0.000

Phase 3.2 Commit Most Macros & LUTRAMs
Phase 3.2 Commit Most Macros & LUTRAMs | Checksum: 174563463

Time (s): cpu = 00:00:17 ; elapsed = 00:00:11 . Memory (MB): peak = 2312.355 ; gain = 0.000

Phase 3.3 Area Swap Optimization
Phase 3.3 Area Swap Optimization | Checksum: 19a199488

Time (s): cpu = 00:00:17 ; elapsed = 00:00:11 . Memory (MB): peak = 2312.355 ; gain = 0.000

Phase 3.4 Pipeline Register Optimization
Phase 3.4 Pipeline Register Optimization | Checksum: 223f7aa4f

Time (s): cpu = 00:00:17 ; elapsed = 00:00:11 . Memory (MB): peak = 2312.355 ; gain = 0.000

Phase 3.5 Small Shape Detail Placement
Phase 3.5 Small Shape Detail Placement | Checksum: 1bd3a8045

Time (s): cpu = 00:00:20 ; elapsed = 00:00:14 . Memory (MB): peak = 2312.355 ; gain = 0.000

Phase 3.6 Re-assign LUT pins
Phase 3.6 Re-assign LUT pins | Checksum: 260bbaeed

Time (s): cpu = 00:00:20 ; elapsed = 00:00:14 . Memory (MB): peak = 2312.355 ; gain = 0.000

Phase 3.7 Pipeline Register Optimization
Phase 3.7 Pipeline Register Optimization | Checksum: 20b4d0727

Time (s): cpu = 00:00:20 ; elapsed = 00:00:14 . Memory (MB): peak = 2312.355 ; gain = 0.000
Phase 3 Detail Placement | Checksum: 20b4d0727

Time (s): cpu = 00:00:20 ; elapsed = 00:00:14 . Memory (MB): peak = 2312.355 ; gain = 0.000

Phase 4 Post Placement Optimization and Clean-Up

Phase 4.1 Post Commit Optimization
INFO: [Timing 38-35] Done setting XDC timing constraints.

Phase 4.1.1 Post Placement Optimization
Post Placement Optimization Initialization | Checksum: 12a375023

Phase 4.1.1.1 BUFG Insertion

Starting Physical Synthesis Task

Phase 1 Physical Synthesis Initialization
INFO: [Physopt 32-721] Multithreading enabled for phys_opt_design using a maximum of 2 CPUs
INFO: [Physopt 32-619] Estimated Timing Summary | WNS=3.357 | TNS=0.000 |
Phase 1 Physical Synthesis Initialization | Checksum: 1d4edf91a

Time (s): cpu = 00:00:01 ; elapsed = 00:00:00.923 . Memory (MB): peak = 2312.355 ; gain = 0.000
INFO: [Place 46-56] BUFG insertion identified 0 candidate nets. Inserted BUFG: 0, Replicated BUFG Driver: 0, Skipped due to Placement/Routing Conflicts: 0, Skipped due to Timing Degradation: 0, Skipped due to netlist editing failed: 0.
Ending Physical Synthesis Task | Checksum: 1d4edf91a

Time (s): cpu = 00:00:02 ; elapsed = 00:00:01 . Memory (MB): peak = 2312.355 ; gain = 0.000
Phase 4.1.1.1 BUFG Insertion | Checksum: 12a375023

Time (s): cpu = 00:00:28 ; elapsed = 00:00:19 . Memory (MB): peak = 2312.355 ; gain = 0.000

Phase 4.1.1.2 Post Placement Timing Optimization
INFO: [Place 30-746] Post Placement Timing Summary WNS=3.357. For the most accurate timing information please run report_timing.
Phase 4.1.1.2 Post Placement Timing Optimization | Checksum: 1275851f4

Time (s): cpu = 00:00:28 ; elapsed = 00:00:19 . Memory (MB): peak = 2312.355 ; gain = 0.000

Time (s): cpu = 00:00:28 ; elapsed = 00:00:19 . Memory (MB): peak = 2312.355 ; gain = 0.000
Phase 4.1 Post Commit Optimization | Checksum: 1275851f4

Time (s): cpu = 00:00:28 ; elapsed = 00:00:19 . Memory (MB): peak = 2312.355 ; gain = 0.000

Phase 4.2 Post Placement Cleanup
Phase 4.2 Post Placement Cleanup | Checksum: 1275851f4

Time (s): cpu = 00:00:28 ; elapsed = 00:00:19 . Memory (MB): peak = 2312.355 ; gain = 0.000

Phase 4.3 Placer Reporting

Phase 4.3.1 Print Estimated Congestion
INFO: [Place 30-612] Post-Placement Estimated Congestion 
 ____________________________________________________
|           | Global Congestion | Short Congestion  |
| Direction | Region Size       | Region Size       |
|___________|___________________|___________________|
|      North|                1x1|                1x1|
|___________|___________________|___________________|
|      South|                1x1|                1x1|
|___________|___________________|___________________|
|       East|                1x1|                2x2|
|___________|___________________|___________________|
|       West|                1x1|                1x1|
|___________|___________________|___________________|

Phase 4.3.1 Print Estimated Congestion | Checksum: 1275851f4

Time (s): cpu = 00:00:28 ; elapsed = 00:00:19 . Memory (MB): peak = 2312.355 ; gain = 0.000
Phase 4.3 Placer Reporting | Checksum: 1275851f4

Time (s): cpu = 00:00:28 ; elapsed = 00:00:19 . Memory (MB): peak = 2312.355 ; gain = 0.000

Phase 4.4 Final Placement Cleanup
Netlist sorting complete. Time (s): cpu = 00:00:00 ; elapsed = 00:00:00.004 . Memory (MB): peak = 2312.355 ; gain = 0.000

Time (s): cpu = 00:00:28 ; elapsed = 00:00:19 . Memory (MB): peak = 2312.355 ; gain = 0.000
Phase 4 Post Placement Optimization and Clean-Up | Checksum: 17ac5e46e

Time (s): cpu = 00:00:28 ; elapsed = 00:00:19 . Memory (MB): peak = 2312.355 ; gain = 0.000
Ending Placer Task | Checksum: 143871a75

Time (s): cpu = 00:00:28 ; elapsed = 00:00:19 . Memory (MB): peak = 2312.355 ; gain = 0.000
99 Infos, 211 Warnings, 0 Critical Warnings and 0 Errors encountered.
place_design completed successfully
place_design: Time (s): cpu = 00:00:31 ; elapsed = 00:00:21 . Memory (MB): peak = 2312.355 ; gain = 0.000
INFO: [runtcl-4] Executing : report_io -file design_1_wrapper_io_placed.rpt
report_io: Time (s): cpu = 00:00:00 ; elapsed = 00:00:00.102 . Memory (MB): peak = 2312.355 ; gain = 0.000
INFO: [runtcl-4] Executing : report_utilization -file design_1_wrapper_utilization_placed.rpt -pb design_1_wrapper_utilization_placed.pb
INFO: [runtcl-4] Executing : report_control_sets -verbose -file design_1_wrapper_control_sets_placed.rpt
report_control_sets: Time (s): cpu = 00:00:00 ; elapsed = 00:00:00.033 . Memory (MB): peak = 2312.355 ; gain = 0.000
INFO: [Timing 38-480] Writing timing data to binary archive.
Write ShapeDB Complete: Time (s): cpu = 00:00:00 ; elapsed = 00:00:00.053 . Memory (MB): peak = 2312.355 ; gain = 0.000
Wrote PlaceDB: Time (s): cpu = 00:00:02 ; elapsed = 00:00:00.775 . Memory (MB): peak = 2312.355 ; gain = 0.000
Wrote PulsedLatchDB: Time (s): cpu = 00:00:00 ; elapsed = 00:00:00.001 . Memory (MB): peak = 2312.355 ; gain = 0.000
Writing XDEF routing.
Writing XDEF routing logical nets.
Writing XDEF routing special nets.
Wrote RouteStorage: Time (s): cpu = 00:00:00 ; elapsed = 00:00:00.042 . Memory (MB): peak = 2312.355 ; gain = 0.000
Wrote Netlist Cache: Time (s): cpu = 00:00:00 ; elapsed = 00:00:00.023 . Memory (MB): peak = 2312.355 ; gain = 0.000
Wrote Device Cache: Time (s): cpu = 00:00:00 ; elapsed = 00:00:00.023 . Memory (MB): peak = 2312.355 ; gain = 0.000
Write Physdb Complete: Time (s): cpu = 00:00:02 ; elapsed = 00:00:00.886 . Memory (MB): peak = 2312.355 ; gain = 0.000
INFO: [Common 17-1381] The checkpoint 'C:/Users/zafranc/Desktop/ECEN4243_Lab3/lab3/Vivado/lab3/lab3.runs/impl_1/design_1_wrapper_placed.dcp' has been generated.
Command: route_design
Attempting to get a license for feature 'Implementation' and/or device 'xc7z020'
INFO: [Common 17-349] Got license for feature 'Implementation' and/or device 'xc7z020'
Running DRC as a precondition to command route_design
INFO: [DRC 23-27] Running DRC with 2 threads
INFO: [Vivado_Tcl 4-198] DRC finished with 0 Errors
INFO: [Vivado_Tcl 4-199] Please refer to the DRC report (report_drc) for more information.


Starting Routing Task
INFO: [Route 35-254] Multithreading enabled for route_design using a maximum of 8 CPUs

Phase 1 Build RT Design
Checksum: PlaceDB: d26a7082 ConstDB: 0 ShapeSum: 711ca9f3 RouteDB: 0
Post Restoration Checksum: NetGraph: 3c79e9bf | NumContArr: 4c04f938 | Constraints: c2a8fa9d | Timing: c2a8fa9d
Phase 1 Build RT Design | Checksum: 20dd0d831

Time (s): cpu = 00:00:35 ; elapsed = 00:00:30 . Memory (MB): peak = 2438.664 ; gain = 126.309

Phase 2 Router Initialization

Phase 2.1 Fix Topology Constraints
Phase 2.1 Fix Topology Constraints | Checksum: 20dd0d831

Time (s): cpu = 00:00:35 ; elapsed = 00:00:30 . Memory (MB): peak = 2438.664 ; gain = 126.309

Phase 2.2 Pre Route Cleanup
Phase 2.2 Pre Route Cleanup | Checksum: 20dd0d831

Time (s): cpu = 00:00:35 ; elapsed = 00:00:30 . Memory (MB): peak = 2438.664 ; gain = 126.309
 Number of Nodes with overlaps = 0

Phase 2.3 Update Timing
Phase 2.3 Update Timing | Checksum: 1587321b9

Time (s): cpu = 00:00:42 ; elapsed = 00:00:34 . Memory (MB): peak = 2501.047 ; gain = 188.691
INFO: [Route 35-416] Intermediate Timing Summary | WNS=3.719  | TNS=0.000  | WHS=-0.239 | THS=-166.906|


Phase 2.4 Update Timing for Bus Skew

Phase 2.4.1 Update Timing
Phase 2.4.1 Update Timing | Checksum: 18be520fb

Time (s): cpu = 00:00:47 ; elapsed = 00:00:37 . Memory (MB): peak = 2501.047 ; gain = 188.691
INFO: [Route 35-416] Intermediate Timing Summary | WNS=3.719  | TNS=0.000  | WHS=N/A    | THS=N/A    |

Phase 2.4 Update Timing for Bus Skew | Checksum: 24fe05b2a

Time (s): cpu = 00:00:47 ; elapsed = 00:00:37 . Memory (MB): peak = 2501.047 ; gain = 188.691

Router Utilization Summary
  Global Vertical Routing Utilization    = 0 %
  Global Horizontal Routing Utilization  = 0 %
  Routable Net Status*
  *Does not include unroutable nets such as driverless and loadless.
  Run report_route_status for detailed report.
  Number of Failed Nets               = 7461
    (Failed Nets is the sum of unrouted and partially routed nets)
  Number of Unrouted Nets             = 7461
  Number of Partially Routed Nets     = 0
  Number of Node Overlaps             = 0

Phase 2 Router Initialization | Checksum: 1b1678fc0

Time (s): cpu = 00:00:47 ; elapsed = 00:00:37 . Memory (MB): peak = 2540.934 ; gain = 228.578

Phase 3 Initial Routing

Phase 3.1 Global Routing
Phase 3.1 Global Routing | Checksum: 1b1678fc0

Time (s): cpu = 00:00:47 ; elapsed = 00:00:37 . Memory (MB): peak = 2540.934 ; gain = 228.578

Phase 3.2 Initial Net Routing
Phase 3.2 Initial Net Routing | Checksum: 37b71c3b4

Time (s): cpu = 00:00:50 ; elapsed = 00:00:38 . Memory (MB): peak = 2540.934 ; gain = 228.578
Phase 3 Initial Routing | Checksum: 37b71c3b4

Time (s): cpu = 00:00:50 ; elapsed = 00:00:38 . Memory (MB): peak = 2540.934 ; gain = 228.578

Phase 4 Rip-up And Reroute

Phase 4.1 Global Iteration 0
 Number of Nodes with overlaps = 1051
 Number of Nodes with overlaps = 272
 Number of Nodes with overlaps = 122
 Number of Nodes with overlaps = 49
 Number of Nodes with overlaps = 12
 Number of Nodes with overlaps = 5
 Number of Nodes with overlaps = 3
 Number of Nodes with overlaps = 0
INFO: [Route 35-416] Intermediate Timing Summary | WNS=2.995  | TNS=0.000  | WHS=N/A    | THS=N/A    |

Phase 4.1 Global Iteration 0 | Checksum: 2d2ed9f43

Time (s): cpu = 00:01:06 ; elapsed = 00:00:47 . Memory (MB): peak = 2540.934 ; gain = 228.578

Phase 4.2 Global Iteration 1
 Number of Nodes with overlaps = 0
INFO: [Route 35-416] Intermediate Timing Summary | WNS=2.995  | TNS=0.000  | WHS=N/A    | THS=N/A    |

Phase 4.2 Global Iteration 1 | Checksum: 297de15e0

Time (s): cpu = 00:01:06 ; elapsed = 00:00:47 . Memory (MB): peak = 2540.934 ; gain = 228.578

Phase 4.3 Global Iteration 2
 Number of Nodes with overlaps = 1
 Number of Nodes with overlaps = 13
 Number of Nodes with overlaps = 9
 Number of Nodes with overlaps = 2
 Number of Nodes with overlaps = 2
 Number of Nodes with overlaps = 0
INFO: [Route 35-416] Intermediate Timing Summary | WNS=3.291  | TNS=0.000  | WHS=N/A    | THS=N/A    |

Phase 4.3 Global Iteration 2 | Checksum: 1a3ca882f

Time (s): cpu = 00:01:08 ; elapsed = 00:00:49 . Memory (MB): peak = 2540.934 ; gain = 228.578
Phase 4 Rip-up And Reroute | Checksum: 1a3ca882f

Time (s): cpu = 00:01:08 ; elapsed = 00:00:49 . Memory (MB): peak = 2540.934 ; gain = 228.578

Phase 5 Delay and Skew Optimization

Phase 5.1 Delay CleanUp
Phase 5.1 Delay CleanUp | Checksum: 1a3ca882f

Time (s): cpu = 00:01:08 ; elapsed = 00:00:49 . Memory (MB): peak = 2540.934 ; gain = 228.578

Phase 5.2 Clock Skew Optimization
Phase 5.2 Clock Skew Optimization | Checksum: 1a3ca882f

Time (s): cpu = 00:01:08 ; elapsed = 00:00:49 . Memory (MB): peak = 2540.934 ; gain = 228.578
Phase 5 Delay and Skew Optimization | Checksum: 1a3ca882f

Time (s): cpu = 00:01:08 ; elapsed = 00:00:49 . Memory (MB): peak = 2540.934 ; gain = 228.578

Phase 6 Post Hold Fix

Phase 6.1 Hold Fix Iter

Phase 6.1.1 Update Timing
Phase 6.1.1 Update Timing | Checksum: 1a8c4e653

Time (s): cpu = 00:01:10 ; elapsed = 00:00:50 . Memory (MB): peak = 2540.934 ; gain = 228.578
INFO: [Route 35-416] Intermediate Timing Summary | WNS=3.439  | TNS=0.000  | WHS=0.016  | THS=0.000  |

Phase 6.1 Hold Fix Iter | Checksum: 21fc56a04

Time (s): cpu = 00:01:10 ; elapsed = 00:00:50 . Memory (MB): peak = 2540.934 ; gain = 228.578
Phase 6 Post Hold Fix | Checksum: 21fc56a04

Time (s): cpu = 00:01:10 ; elapsed = 00:00:50 . Memory (MB): peak = 2540.934 ; gain = 228.578

Phase 7 Route finalize

Router Utilization Summary
  Global Vertical Routing Utilization    = 1.15388 %
  Global Horizontal Routing Utilization  = 1.78567 %
  Routable Net Status*
  *Does not include unroutable nets such as driverless and loadless.
  Run report_route_status for detailed report.
  Number of Failed Nets               = 0
    (Failed Nets is the sum of unrouted and partially routed nets)
  Number of Unrouted Nets             = 0
  Number of Partially Routed Nets     = 0
  Number of Node Overlaps             = 0

Phase 7 Route finalize | Checksum: 21fc56a04

Time (s): cpu = 00:01:10 ; elapsed = 00:00:50 . Memory (MB): peak = 2540.934 ; gain = 228.578

Phase 8 Verifying routed nets

 Verification completed successfully
Phase 8 Verifying routed nets | Checksum: 21fc56a04

Time (s): cpu = 00:01:10 ; elapsed = 00:00:50 . Memory (MB): peak = 2540.934 ; gain = 228.578

Phase 9 Depositing Routes
Phase 9 Depositing Routes | Checksum: 295ab07c8

Time (s): cpu = 00:01:11 ; elapsed = 00:00:51 . Memory (MB): peak = 2540.934 ; gain = 228.578

Phase 10 Post Router Timing
INFO: [Route 35-57] Estimated Timing Summary | WNS=3.439  | TNS=0.000  | WHS=0.016  | THS=0.000  |

INFO: [Route 35-327] The final timing numbers are based on the router estimated timing analysis. For a complete and accurate timing signoff, please run report_timing_summary.
Phase 10 Post Router Timing | Checksum: 295ab07c8

Time (s): cpu = 00:01:13 ; elapsed = 00:00:52 . Memory (MB): peak = 2540.934 ; gain = 228.578
INFO: [Route 35-16] Router Completed Successfully

Phase 11 Post-Route Event Processing
Phase 11 Post-Route Event Processing | Checksum: 2335ab30c

Time (s): cpu = 00:01:13 ; elapsed = 00:00:52 . Memory (MB): peak = 2540.934 ; gain = 228.578
Ending Routing Task | Checksum: 2335ab30c

Time (s): cpu = 00:01:13 ; elapsed = 00:00:52 . Memory (MB): peak = 2540.934 ; gain = 228.578

Routing Is Done.
